2024-05-08 08:54:22,075	INFO	Start main routine for show ENS08May24
2024-05-08 08:54:22,075	INFO	Removing old working directory /srv/mm/3rrr/work01May
2024-05-08 08:54:22,085	INFO	Removing old show directory /srv/mm/3rrr/show01May
2024-05-08 08:54:22,251	INFO	mplayer cmd: mplayer -endpos 00:02:00 -quiet -nocache -vo null -vc dummy -ao pcm:waveheader:file=/srv/mm/3rrr/work08May/ENS08May24.wav_1.wav http://realtime.rrr.org.au/p1h
2024-05-08 08:54:22,275	INFO	waiting for mplayer to start, count:0
2024-05-08 08:54:23,290	INFO	waiting for mplayer to create the wav file, count:0
2024-05-08 08:54:24,291	INFO	waiting for mplayer to create the wav file, count:1
2024-05-08 08:54:25,293	INFO	waiting for the wav file to grow, size:0
2024-05-08 08:54:26,294	INFO	waiting for the wav file to grow, size:1900544
2024-05-08 08:54:27,312	INFO	sampling rate is 44100
2024-05-08 08:54:27,312	INFO	Status info: rc is 1  runtime is 0  remtime is 120   fsize is 2359296
2024-05-08 08:56:27,439	INFO	Show ENS remaining time: 0
2024-05-08 08:56:32,444	INFO	sox cmd: sox /srv/mm/3rrr/work08May/ENS08May24.wav_1.wav /srv/mm/3rrr/work08May/ENS08May24.wav
2024-05-08 08:56:32,659	INFO	sox cmd: sox /srv/mm/3rrr/work08May/ENS08May24.wav -c1 -b16 /srv/mm/3rrr/work08May/Einstein-A-Go-Go-20240508.wav_mon.wav
2024-05-08 08:56:32,959	INFO	sox cmd: sox /srv/mm/3rrr/work08May/Einstein-A-Go-Go-20240508.wav /srv/mm/3rrr/work08May/Einstein-A-Go-Go-20240508.wav_loud.wav compand 0.01,1 -90,-90,-70,-70,-60,-20,0,0 -5
2024-05-08 08:56:33,574	INFO	lame cmd: lame --quiet -b 320 --add-id3v2 --ty 2024 --tt Einstein A Go Go - 8 May 2024 --tc Einstein A Go Go can be heard every Sunday at 11.00am on 3RRR FM 102.7 MHz in Melbourne, Australia (http://www.rrr.org.au). Visit our website for more information (http://www.rrr.org.au/program/einstein-a-go-go/). --tg Podcast --ta Einstein A Go Go --tl Triple R FM /srv/mm/3rrr/work08May/ENS08May24.wav /srv/mm/3rrr/work08May/ENS08May24.mp3
2024-05-08 08:56:39,588	INFO	lame cmd: lame --quiet --preset 64 --add-id3v2 --ty 2024 --tt Einstein A Go Go - 8 May 2024 --tc Einstein A Go Go can be heard every Sunday at 11.00am on 3RRR FM 102.7 MHz in Melbourne, Australia (http://www.rrr.org.au). Visit our website for more information (http://www.rrr.org.au/program/einstein-a-go-go/). --tg Speech --ta Triple R --tl Triple R /srv/mm/3rrr/work08May/Einstein-A-Go-Go-20240508.wav /srv/mm/3rrr/work08May/Einstein-A-Go-Go-20240508.mp3
2024-05-08 08:56:46,459	INFO	Removing stale latest directory /srv/mm/3rrr/latest/ENS/
2024-05-08 08:56:46,470	INFO	Copy the ENS show files to show and latest folders
2024-05-08 08:56:46,503	INFO	Local web server publishing of files started
2024-05-08 08:56:46,547	INFO	Delete local web server archive files /var/www/eagg/files/archive/Einstein-A-Go-Go-20240214.mp3
2024-05-08 08:56:46,547	INFO	Github publishing of files started
