2025-05-04 11:00:07,754	INFO	Start main routine for show ENS04May25
2025-05-04 11:00:07,754	INFO	Removing old working directory /srv/mm/3rrr/work27Apr
2025-05-04 11:00:07,824	INFO	Removing old show directory /srv/mm/3rrr/show27Apr
2025-05-04 11:00:08,011	INFO	mplayer cmd: mplayer -endpos 01:02:00 -quiet -nocache -vo null -vc dummy -ao pcm:waveheader:file=/srv/mm/3rrr/work04May/ENS04May25.wav_1.wav http://realtime.rrr.org.au/p1h
2025-05-04 11:00:08,024	INFO	waiting for mplayer to start, count:0
2025-05-04 11:00:09,035	INFO	waiting for mplayer to create the wav file, count:0
2025-05-04 11:00:10,037	INFO	waiting for the wav file to grow, size:0
2025-05-04 11:00:11,045	INFO	waiting for the wav file to grow, size:1703936
2025-05-04 11:00:12,065	INFO	sampling rate is 44100
2025-05-04 11:00:12,066	INFO	Status info: rc is 1  runtime is 0  remtime is 3720   fsize is 2097152
2025-05-04 12:02:15,775	INFO	Show ENS remaining time: 0
2025-05-04 12:02:20,782	INFO	sox cmd: sox /srv/mm/3rrr/work04May/ENS04May25.wav_1.wav /srv/mm/3rrr/work04May/ENS04May25.wav
2025-05-04 12:03:08,053	INFO	sox cmd: sox /srv/mm/3rrr/work04May/ENS04May25.wav -c1 -b16 /srv/mm/3rrr/work04May/Einstein-A-Go-Go-20250504.wav_mon.wav
2025-05-04 12:03:41,929	INFO	sox cmd: sox /srv/mm/3rrr/work04May/Einstein-A-Go-Go-20250504.wav /srv/mm/3rrr/work04May/Einstein-A-Go-Go-20250504.wav_loud.wav compand 0.01,1 -90,-90,-70,-70,-60,-20,0,0 -5
2025-05-04 12:04:03,284	INFO	lame cmd: lame --quiet -b 320 --add-id3v2 --ty 2025 --tt Einstein A Go Go - 04 May 2025 --tc Einstein A Go Go can be heard every Sunday at 11.00am on 3RRR FM 102.7 MHz in Melbourne, Australia (http://www.rrr.org.au). Visit our website for more information (http://www.rrr.org.au/program/einstein-a-go-go/). --tg Podcast --ta Einstein A Go Go --tl Triple R FM /srv/mm/3rrr/work04May/ENS04May25.wav /srv/mm/3rrr/work04May/ENS04May25.mp3
2025-05-04 12:07:41,439	INFO	lame cmd: lame --quiet --preset 64 --add-id3v2 --ty 2025 --tt Einstein A Go Go - 04 May 2025 --tc Einstein A Go Go can be heard every Sunday at 11.00am on 3RRR FM 102.7 MHz in Melbourne, Australia (http://www.rrr.org.au). Visit our website for more information (http://www.rrr.org.au/program/einstein-a-go-go/). --tg Speech --ta Triple R --tl Triple R /srv/mm/3rrr/work04May/Einstein-A-Go-Go-20250504.wav /srv/mm/3rrr/work04May/Einstein-A-Go-Go-20250504.mp3
2025-05-04 12:09:31,009	INFO	Removing stale latest directory /srv/mm/3rrr/latest/ENS/
2025-05-04 12:09:31,024	INFO	Copy the ENS show files to show and latest folders
2025-05-04 12:09:37,041	INFO	Local web server publishing of files started
2025-05-04 12:09:38,177	INFO	Removing old file /var/www/eagg/files/Einstein-A-Go-Go-20250420.mp3
2025-05-04 12:09:38,296	INFO	Removing old file /var/www/eagg/files/ENS20Apr25.log
2025-05-04 12:09:38,297	INFO	Delete local web server archive file /var/www/eagg/files/archive/Einstein-A-Go-Go-20250309.mp3
2025-05-04 12:09:38,297	INFO	Removing old file /var/www/eagg/files/archive/Einstein-A-Go-Go-20250309.mp3
2025-05-04 12:09:38,297	INFO	Github publishing of files started
