2025-06-01 11:00:08,728	INFO	Start main routine for show ENS01Jun25
2025-06-01 11:00:08,729	INFO	Removing old working directory /srv/mm/3rrr/work25May
2025-06-01 11:00:08,751	INFO	Removing old show directory /srv/mm/3rrr/show25May
2025-06-01 11:00:08,938	INFO	mplayer cmd: mplayer -endpos 01:02:00 -quiet -nocache -vo null -vc dummy -ao pcm:waveheader:file=/srv/mm/3rrr/work01Jun/ENS01Jun25.wav_1.wav http://realtime.rrr.org.au/p1h
2025-06-01 11:00:09,013	INFO	waiting for mplayer to start, count:0
2025-06-01 11:00:10,023	INFO	waiting for mplayer to create the wav file, count:0
2025-06-01 11:00:11,025	INFO	waiting for the wav file to grow, size:0
2025-06-01 11:00:12,026	INFO	waiting for the wav file to grow, size:1703936
2025-06-01 11:00:13,048	INFO	sampling rate is 44100
2025-06-01 11:00:13,048	INFO	Status info: rc is 1  runtime is 0  remtime is 3720   fsize is 2162688
2025-06-01 12:02:16,759	INFO	Show ENS remaining time: 0
2025-06-01 12:02:21,766	INFO	sox cmd: sox /srv/mm/3rrr/work01Jun/ENS01Jun25.wav_1.wav /srv/mm/3rrr/work01Jun/ENS01Jun25.wav
2025-06-01 12:03:09,568	INFO	sox cmd: sox /srv/mm/3rrr/work01Jun/ENS01Jun25.wav -c1 -b16 /srv/mm/3rrr/work01Jun/Einstein-A-Go-Go-20250601.wav_mon.wav
2025-06-01 12:03:42,871	INFO	sox cmd: sox /srv/mm/3rrr/work01Jun/Einstein-A-Go-Go-20250601.wav /srv/mm/3rrr/work01Jun/Einstein-A-Go-Go-20250601.wav_loud.wav compand 0.01,1 -90,-90,-70,-70,-60,-20,0,0 -5
2025-06-01 12:04:04,159	INFO	lame cmd: lame --quiet -b 320 --add-id3v2 --ty 2025 --tt Einstein A Go Go - 01 June 2025 --tc Einstein A Go Go can be heard every Sunday at 11.00am on 3RRR FM 102.7 MHz in Melbourne, Australia (http://www.rrr.org.au). Visit our website for more information (http://www.rrr.org.au/program/einstein-a-go-go/). --tg Podcast --ta Einstein A Go Go --tl Triple R FM /srv/mm/3rrr/work01Jun/ENS01Jun25.wav /srv/mm/3rrr/work01Jun/ENS01Jun25.mp3
2025-06-01 12:07:40,408	INFO	lame cmd: lame --quiet --preset 64 --add-id3v2 --ty 2025 --tt Einstein A Go Go - 01 June 2025 --tc Einstein A Go Go can be heard every Sunday at 11.00am on 3RRR FM 102.7 MHz in Melbourne, Australia (http://www.rrr.org.au). Visit our website for more information (http://www.rrr.org.au/program/einstein-a-go-go/). --tg Speech --ta Triple R --tl Triple R /srv/mm/3rrr/work01Jun/Einstein-A-Go-Go-20250601.wav /srv/mm/3rrr/work01Jun/Einstein-A-Go-Go-20250601.mp3
2025-06-01 12:09:29,116	INFO	Removing stale latest directory /srv/mm/3rrr/latest/ENS/
2025-06-01 12:09:29,121	INFO	Copy the ENS show files to show and latest folders
2025-06-01 12:09:34,532	INFO	Local web server publishing of files started
2025-06-01 12:09:36,397	INFO	Removing old file /var/www/eagg/files/Einstein-A-Go-Go-20250518.mp3
2025-06-01 12:09:36,399	INFO	Removing old file /var/www/eagg/files/ENS18May25.log
2025-06-01 12:09:36,400	INFO	Delete local web server archive file /var/www/eagg/files/archive/Einstein-A-Go-Go-20250406.mp3
2025-06-01 12:09:36,400	INFO	Removing old file /var/www/eagg/files/archive/Einstein-A-Go-Go-20250406.mp3
2025-06-01 12:09:36,401	INFO	Github publishing of files started
