2025-10-05 11:00:04,619	INFO	Start main routine for show ENS05Oct25
2025-10-05 11:00:04,619	INFO	Removing old working directory /srv/mm/3rrr/work28Sep
2025-10-05 11:00:04,678	INFO	Removing old show directory /srv/mm/3rrr/show28Sep
2025-10-05 11:00:04,877	INFO	mplayer cmd: mplayer -endpos 01:02:00 -quiet -nocache -vo null -vc dummy -ao pcm:waveheader:file=/srv/mm/3rrr/work05Oct/ENS05Oct25.wav_1.wav http://realtime.rrr.org.au/p1h
2025-10-05 11:00:04,897	INFO	waiting for mplayer to start, count:0
2025-10-05 11:00:05,910	INFO	waiting for mplayer to create the wav file, count:0
2025-10-05 11:00:06,911	INFO	waiting for mplayer to create the wav file, count:1
2025-10-05 11:00:07,913	INFO	waiting for mplayer to create the wav file, count:2
2025-10-05 11:00:08,914	INFO	waiting for mplayer to create the wav file, count:3
2025-10-05 11:00:09,916	INFO	waiting for the wav file to grow, size:0
2025-10-05 11:00:10,935	INFO	sampling rate is 44100
2025-10-05 11:00:10,935	INFO	Status info: rc is 1  runtime is 0  remtime is 3720   fsize is 2031616
2025-10-05 12:02:14,719	INFO	Show ENS remaining time: 0
2025-10-05 12:02:19,726	INFO	sox cmd: sox /srv/mm/3rrr/work05Oct/ENS05Oct25.wav_1.wav /srv/mm/3rrr/work05Oct/ENS05Oct25.wav
2025-10-05 12:03:07,699	INFO	sox cmd: sox /srv/mm/3rrr/work05Oct/ENS05Oct25.wav -c1 -b16 /srv/mm/3rrr/work05Oct/Einstein-A-Go-Go-20251005.wav_mon.wav
2025-10-05 12:03:40,930	INFO	sox cmd: sox /srv/mm/3rrr/work05Oct/Einstein-A-Go-Go-20251005.wav /srv/mm/3rrr/work05Oct/Einstein-A-Go-Go-20251005.wav_loud.wav compand 0.01,1 -90,-90,-70,-70,-60,-20,0,0 -5
2025-10-05 12:04:08,611	INFO	lame cmd: lame --quiet -b 320 --add-id3v2 --ty 2025 --tt Einstein A Go Go - 05 October 2025 --tc Einstein A Go Go can be heard every Sunday at 11.00am on 3RRR FM 102.7 MHz in Melbourne, Australia (http://www.rrr.org.au). Visit our website for more information (http://www.rrr.org.au/program/einstein-a-go-go/). --tg Podcast --ta Einstein A Go Go --tl Triple R FM /srv/mm/3rrr/work05Oct/ENS05Oct25.wav /srv/mm/3rrr/work05Oct/ENS05Oct25.mp3
2025-10-05 12:08:13,197	INFO	lame cmd: lame --quiet --preset 64 --add-id3v2 --ty 2025 --tt Einstein A Go Go - 05 October 2025 --tc Einstein A Go Go can be heard every Sunday at 11.00am on 3RRR FM 102.7 MHz in Melbourne, Australia (http://www.rrr.org.au). Visit our website for more information (http://www.rrr.org.au/program/einstein-a-go-go/). --tg Speech --ta Triple R --tl Triple R /srv/mm/3rrr/work05Oct/Einstein-A-Go-Go-20251005.wav /srv/mm/3rrr/work05Oct/Einstein-A-Go-Go-20251005.mp3
2025-10-05 12:10:20,751	INFO	Removing stale latest directory /srv/mm/3rrr/latest/ENS/
2025-10-05 12:10:20,772	INFO	Copy the ENS show files to show and latest folders
2025-10-05 12:10:27,330	INFO	Local web server publishing of files started
2025-10-05 12:10:28,588	INFO	Removing old file /var/www/eagg/files/Einstein-A-Go-Go-20250921.mp3
2025-10-05 12:10:28,719	INFO	Removing old file /var/www/eagg/files/ENS21Sep25.log
2025-10-05 12:10:28,720	INFO	Delete local web server archive file /var/www/eagg/files/archive/Einstein-A-Go-Go-20250810.mp3
2025-10-05 12:10:28,720	INFO	Removing old file /var/www/eagg/files/archive/Einstein-A-Go-Go-20250810.mp3
2025-10-05 12:10:28,721	INFO	Github publishing of files started
