2026-04-05 11:00:02,910	INFO	Start main routine for show ENS05Apr26
2026-04-05 11:00:02,911	INFO	Removing old working directory /srv/mm/3rrr/work29Mar
2026-04-05 11:00:02,943	INFO	Removing old show directory /srv/mm/3rrr/show29Mar
2026-04-05 11:00:03,124	INFO	mplayer cmd: mplayer -endpos 01:02:00 -quiet -nocache -vo null -vc dummy -ao pcm:waveheader:file=/srv/mm/3rrr/work05Apr/ENS05Apr26.wav_1.wav http://realtime.rrr.org.au/p1h
2026-04-05 11:00:03,182	INFO	waiting for mplayer to start, count:0
2026-04-05 11:00:04,198	INFO	waiting for mplayer to create the wav file, count:0
2026-04-05 11:00:05,200	INFO	waiting for mplayer to create the wav file, count:1
2026-04-05 11:00:06,201	INFO	waiting for the wav file to grow, size:0
2026-04-05 11:00:07,223	INFO	sampling rate is 44100
2026-04-05 11:00:07,223	INFO	Status info: rc is 1  runtime is 0  remtime is 3720   fsize is 1966080
2026-04-05 12:02:10,997	INFO	Show ENS remaining time: 0
2026-04-05 12:02:16,005	INFO	sox cmd: sox /srv/mm/3rrr/work05Apr/ENS05Apr26.wav_1.wav /srv/mm/3rrr/work05Apr/ENS05Apr26.wav
2026-04-05 12:03:03,911	INFO	sox cmd: sox /srv/mm/3rrr/work05Apr/ENS05Apr26.wav -c1 -b16 /srv/mm/3rrr/work05Apr/Einstein-A-Go-Go-20260405.wav_mon.wav
2026-04-05 12:03:37,285	INFO	sox cmd: sox /srv/mm/3rrr/work05Apr/Einstein-A-Go-Go-20260405.wav /srv/mm/3rrr/work05Apr/Einstein-A-Go-Go-20260405.wav_loud.wav compand 0.01,1 -90,-90,-70,-70,-60,-20,0,0 -5
2026-04-05 12:04:04,590	INFO	lame cmd: lame --quiet -b 320 --add-id3v2 --ty 2026 --tt Einstein A Go Go - 05 April 2026 --tc Einstein A Go Go can be heard every Sunday at 11.00am on 3RRR FM 102.7 MHz in Melbourne, Australia (http://www.rrr.org.au). Visit our website for more information (http://www.rrr.org.au/program/einstein-a-go-go/). --tg Podcast --ta Einstein A Go Go --tl Triple R FM /srv/mm/3rrr/work05Apr/ENS05Apr26.wav /srv/mm/3rrr/work05Apr/ENS05Apr26.mp3
2026-04-05 12:08:08,415	INFO	lame cmd: lame --quiet --preset 64 --add-id3v2 --ty 2026 --tt Einstein A Go Go - 05 April 2026 --tc Einstein A Go Go can be heard every Sunday at 11.00am on 3RRR FM 102.7 MHz in Melbourne, Australia (http://www.rrr.org.au). Visit our website for more information (http://www.rrr.org.au/program/einstein-a-go-go/). --tg Speech --ta Triple R --tl Triple R /srv/mm/3rrr/work05Apr/Einstein-A-Go-Go-20260405.wav /srv/mm/3rrr/work05Apr/Einstein-A-Go-Go-20260405.mp3
2026-04-05 12:10:17,694	INFO	Removing stale latest directory /srv/mm/3rrr/latest/ENS/
2026-04-05 12:10:17,702	INFO	Copy the ENS show files to show and latest folders
2026-04-05 12:10:23,537	INFO	Local web server publishing of files started
2026-04-05 12:10:25,081	INFO	Removing old file /var/www/eagg/files/Einstein-A-Go-Go-20260322.mp3
2026-04-05 12:10:25,086	INFO	Removing old file /var/www/eagg/files/ENS22Mar26.log
2026-04-05 12:10:25,101	INFO	Delete local web server archive file /var/www/eagg/files/archive/Einstein-A-Go-Go-20260208.mp3
2026-04-05 12:10:25,101	INFO	Removing old file /var/www/eagg/files/archive/Einstein-A-Go-Go-20260208.mp3
2026-04-05 12:10:25,101	INFO	Github publishing of files started
