2024-09-08 11:00:15,130	INFO	Start main routine for show ENS08Sep24
2024-09-08 11:00:15,131	INFO	Removing old working directory /srv/mm/3rrr/work01Sep
2024-09-08 11:00:15,148	INFO	Removing old show directory /srv/mm/3rrr/show01Sep
2024-09-08 11:00:15,317	INFO	mplayer cmd: mplayer -endpos 01:02:00 -quiet -nocache -vo null -vc dummy -ao pcm:waveheader:file=/srv/mm/3rrr/work08Sep/ENS08Sep24.wav_1.wav http://realtime.rrr.org.au/p1h
2024-09-08 11:00:15,408	INFO	waiting for mplayer to start, count:0
2024-09-08 11:00:16,419	INFO	waiting for mplayer to create the wav file, count:0
2024-09-08 11:00:17,420	INFO	waiting for the wav file to grow, size:0
2024-09-08 11:00:18,421	INFO	waiting for the wav file to grow, size:1900544
2024-09-08 11:00:19,436	INFO	sampling rate is 44100
2024-09-08 11:00:19,437	INFO	Status info: rc is 1  runtime is 0  remtime is 3720   fsize is 2228224
2024-09-08 12:02:23,159	INFO	Show ENS remaining time: 0
2024-09-08 12:02:28,167	INFO	sox cmd: sox /srv/mm/3rrr/work08Sep/ENS08Sep24.wav_1.wav /srv/mm/3rrr/work08Sep/ENS08Sep24.wav
2024-09-08 12:03:16,005	INFO	sox cmd: sox /srv/mm/3rrr/work08Sep/ENS08Sep24.wav -c1 -b16 /srv/mm/3rrr/work08Sep/Einstein-A-Go-Go-20240908.wav_mon.wav
2024-09-08 12:03:49,313	INFO	sox cmd: sox /srv/mm/3rrr/work08Sep/Einstein-A-Go-Go-20240908.wav /srv/mm/3rrr/work08Sep/Einstein-A-Go-Go-20240908.wav_loud.wav compand 0.01,1 -90,-90,-70,-70,-60,-20,0,0 -5
2024-09-08 12:04:11,563	INFO	lame cmd: lame --quiet -b 320 --add-id3v2 --ty 2024 --tt Einstein A Go Go - 08 September 2024 --tc Einstein A Go Go can be heard every Sunday at 11.00am on 3RRR FM 102.7 MHz in Melbourne, Australia (http://www.rrr.org.au). Visit our website for more information (http://www.rrr.org.au/program/einstein-a-go-go/). --tg Podcast --ta Einstein A Go Go --tl Triple R FM /srv/mm/3rrr/work08Sep/ENS08Sep24.wav /srv/mm/3rrr/work08Sep/ENS08Sep24.mp3
2024-09-08 12:07:50,748	INFO	lame cmd: lame --quiet --preset 64 --add-id3v2 --ty 2024 --tt Einstein A Go Go - 08 September 2024 --tc Einstein A Go Go can be heard every Sunday at 11.00am on 3RRR FM 102.7 MHz in Melbourne, Australia (http://www.rrr.org.au). Visit our website for more information (http://www.rrr.org.au/program/einstein-a-go-go/). --tg Speech --ta Triple R --tl Triple R /srv/mm/3rrr/work08Sep/Einstein-A-Go-Go-20240908.wav /srv/mm/3rrr/work08Sep/Einstein-A-Go-Go-20240908.mp3
2024-09-08 12:09:38,956	INFO	Removing stale latest directory /srv/mm/3rrr/latest/ENS/
2024-09-08 12:09:39,009	INFO	Copy the ENS show files to show and latest folders
2024-09-08 12:09:45,714	INFO	Local web server publishing of files started
2024-09-08 12:09:47,511	INFO	Removing old file /var/www/eagg/files/Einstein-A-Go-Go-20240825.mp3
2024-09-08 12:09:47,596	INFO	Removing old file /var/www/eagg/files/ENS25Aug24.log
2024-09-08 12:09:47,655	INFO	Delete local web server archive file /var/www/eagg/files/archive/Einstein-A-Go-Go-20240714.mp3
2024-09-08 12:09:47,656	INFO	Removing old file /var/www/eagg/files/archive/Einstein-A-Go-Go-20240714.mp3
2024-09-08 12:09:47,733	INFO	Github publishing of files started
