2025-04-06 11:00:07,842	INFO	Start main routine for show ENS06Apr25
2025-04-06 11:00:07,842	INFO	Removing old working directory /srv/mm/3rrr/work30Mar
2025-04-06 11:00:07,868	INFO	Removing old show directory /srv/mm/3rrr/show30Mar
2025-04-06 11:00:08,042	INFO	mplayer cmd: mplayer -endpos 01:02:00 -quiet -nocache -vo null -vc dummy -ao pcm:waveheader:file=/srv/mm/3rrr/work06Apr/ENS06Apr25.wav_1.wav http://realtime.rrr.org.au/p1h
2025-04-06 11:00:08,112	INFO	waiting for mplayer to start, count:0
2025-04-06 11:00:09,123	INFO	waiting for mplayer to create the wav file, count:0
2025-04-06 11:00:10,124	INFO	waiting for the wav file to grow, size:0
2025-04-06 11:00:11,125	INFO	waiting for the wav file to grow, size:1900544
2025-04-06 11:00:12,147	INFO	sampling rate is 44100
2025-04-06 11:00:12,147	INFO	Status info: rc is 1  runtime is 0  remtime is 3720   fsize is 2293760
2025-04-06 12:02:15,856	INFO	Show ENS remaining time: 0
2025-04-06 12:02:20,868	INFO	sox cmd: sox /srv/mm/3rrr/work06Apr/ENS06Apr25.wav_1.wav /srv/mm/3rrr/work06Apr/ENS06Apr25.wav
2025-04-06 12:03:08,255	INFO	sox cmd: sox /srv/mm/3rrr/work06Apr/ENS06Apr25.wav -c1 -b16 /srv/mm/3rrr/work06Apr/Einstein-A-Go-Go-20250406.wav_mon.wav
2025-04-06 12:03:41,743	INFO	sox cmd: sox /srv/mm/3rrr/work06Apr/Einstein-A-Go-Go-20250406.wav /srv/mm/3rrr/work06Apr/Einstein-A-Go-Go-20250406.wav_loud.wav compand 0.01,1 -90,-90,-70,-70,-60,-20,0,0 -5
2025-04-06 12:04:03,210	INFO	lame cmd: lame --quiet -b 320 --add-id3v2 --ty 2025 --tt Einstein A Go Go - 06 April 2025 --tc Einstein A Go Go can be heard every Sunday at 11.00am on 3RRR FM 102.7 MHz in Melbourne, Australia (http://www.rrr.org.au). Visit our website for more information (http://www.rrr.org.au/program/einstein-a-go-go/). --tg Podcast --ta Einstein A Go Go --tl Triple R FM /srv/mm/3rrr/work06Apr/ENS06Apr25.wav /srv/mm/3rrr/work06Apr/ENS06Apr25.mp3
2025-04-06 12:07:40,916	INFO	lame cmd: lame --quiet --preset 64 --add-id3v2 --ty 2025 --tt Einstein A Go Go - 06 April 2025 --tc Einstein A Go Go can be heard every Sunday at 11.00am on 3RRR FM 102.7 MHz in Melbourne, Australia (http://www.rrr.org.au). Visit our website for more information (http://www.rrr.org.au/program/einstein-a-go-go/). --tg Speech --ta Triple R --tl Triple R /srv/mm/3rrr/work06Apr/Einstein-A-Go-Go-20250406.wav /srv/mm/3rrr/work06Apr/Einstein-A-Go-Go-20250406.mp3
2025-04-06 12:09:30,055	INFO	Removing stale latest directory /srv/mm/3rrr/latest/ENS/
2025-04-06 12:09:30,114	INFO	Copy the ENS show files to show and latest folders
2025-04-06 12:09:35,822	INFO	Local web server publishing of files started
2025-04-06 12:09:36,809	INFO	Removing old file /var/www/eagg/files/Einstein-A-Go-Go-20250323.mp3
2025-04-06 12:09:36,847	INFO	Removing old file /var/www/eagg/files/ENS23Mar25.log
2025-04-06 12:09:36,905	INFO	Delete local web server archive file /var/www/eagg/files/archive/Einstein-A-Go-Go-20250209.mp3
2025-04-06 12:09:36,905	INFO	Removing old file /var/www/eagg/files/archive/Einstein-A-Go-Go-20250209.mp3
2025-04-06 12:09:37,241	INFO	Github publishing of files started
