2026-02-08 11:00:05,097	INFO	Start main routine for show ENS08Feb26
2026-02-08 11:00:05,097	INFO	Removing old working directory /srv/mm/3rrr/work01Feb
2026-02-08 11:00:05,126	INFO	Removing old show directory /srv/mm/3rrr/show01Feb
2026-02-08 11:00:05,281	INFO	mplayer cmd: mplayer -endpos 01:02:00 -quiet -nocache -vo null -vc dummy -ao pcm:waveheader:file=/srv/mm/3rrr/work08Feb/ENS08Feb26.wav_1.wav http://realtime.rrr.org.au/p1h
2026-02-08 11:00:05,372	INFO	waiting for mplayer to create the wav file, count:0
2026-02-08 11:00:06,374	INFO	waiting for mplayer to create the wav file, count:1
2026-02-08 11:00:07,375	INFO	waiting for mplayer to create the wav file, count:2
2026-02-08 11:00:08,377	INFO	waiting for the wav file to grow, size:0
2026-02-08 11:00:09,378	INFO	waiting for the wav file to grow, size:1769472
2026-02-08 11:00:10,394	INFO	sampling rate is 44100
2026-02-08 11:00:10,395	INFO	Status info: rc is 1  runtime is 0  remtime is 3720   fsize is 2293760
2026-02-08 12:02:14,095	INFO	Show ENS remaining time: 0
2026-02-08 12:02:19,102	INFO	sox cmd: sox /srv/mm/3rrr/work08Feb/ENS08Feb26.wav_1.wav /srv/mm/3rrr/work08Feb/ENS08Feb26.wav
2026-02-08 12:03:07,369	INFO	sox cmd: sox /srv/mm/3rrr/work08Feb/ENS08Feb26.wav -c1 -b16 /srv/mm/3rrr/work08Feb/Einstein-A-Go-Go-20260208.wav_mon.wav
2026-02-08 12:03:40,163	INFO	sox cmd: sox /srv/mm/3rrr/work08Feb/Einstein-A-Go-Go-20260208.wav /srv/mm/3rrr/work08Feb/Einstein-A-Go-Go-20260208.wav_loud.wav compand 0.01,1 -90,-90,-70,-70,-60,-20,0,0 -5
2026-02-08 12:04:07,979	INFO	lame cmd: lame --quiet -b 320 --add-id3v2 --ty 2026 --tt Einstein A Go Go - 08 February 2026 --tc Einstein A Go Go can be heard every Sunday at 11.00am on 3RRR FM 102.7 MHz in Melbourne, Australia (http://www.rrr.org.au). Visit our website for more information (http://www.rrr.org.au/program/einstein-a-go-go/). --tg Podcast --ta Einstein A Go Go --tl Triple R FM /srv/mm/3rrr/work08Feb/ENS08Feb26.wav /srv/mm/3rrr/work08Feb/ENS08Feb26.mp3
2026-02-08 12:08:25,972	INFO	lame cmd: lame --quiet --preset 64 --add-id3v2 --ty 2026 --tt Einstein A Go Go - 08 February 2026 --tc Einstein A Go Go can be heard every Sunday at 11.00am on 3RRR FM 102.7 MHz in Melbourne, Australia (http://www.rrr.org.au). Visit our website for more information (http://www.rrr.org.au/program/einstein-a-go-go/). --tg Speech --ta Triple R --tl Triple R /srv/mm/3rrr/work08Feb/Einstein-A-Go-Go-20260208.wav /srv/mm/3rrr/work08Feb/Einstein-A-Go-Go-20260208.mp3
2026-02-08 12:10:36,994	INFO	Removing stale latest directory /srv/mm/3rrr/latest/ENS/
2026-02-08 12:10:36,998	INFO	Copy the ENS show files to show and latest folders
2026-02-08 12:10:42,405	INFO	Local web server publishing of files started
2026-02-08 12:10:43,753	INFO	Removing old file /var/www/eagg/files/Einstein-A-Go-Go-20260125.mp3
2026-02-08 12:10:43,804	INFO	Removing old file /var/www/eagg/files/ENS25Jan26.log
2026-02-08 12:10:43,805	INFO	Delete local web server archive file /var/www/eagg/files/archive/Einstein-A-Go-Go-20251214.mp3
2026-02-08 12:10:43,805	INFO	Removing old file /var/www/eagg/files/archive/Einstein-A-Go-Go-20251214.mp3
2026-02-08 12:10:43,875	INFO	Github publishing of files started
