2024-12-08 11:00:15,141	INFO	Start main routine for show ENS08Dec24
2024-12-08 11:00:15,141	INFO	Removing old working directory /srv/mm/3rrr/work01Dec
2024-12-08 11:00:15,164	INFO	Removing old show directory /srv/mm/3rrr/show01Dec
2024-12-08 11:00:15,330	INFO	mplayer cmd: mplayer -endpos 01:02:00 -quiet -nocache -vo null -vc dummy -ao pcm:waveheader:file=/srv/mm/3rrr/work08Dec/ENS08Dec24.wav_1.wav http://realtime.rrr.org.au/p1h
2024-12-08 11:00:15,406	INFO	waiting for mplayer to start, count:0
2024-12-08 11:00:16,417	INFO	waiting for mplayer to create the wav file, count:0
2024-12-08 11:00:17,418	INFO	waiting for the wav file to grow, size:0
2024-12-08 11:00:18,419	INFO	waiting for the wav file to grow, size:1900544
2024-12-08 11:00:19,426	INFO	sampling rate is 44100
2024-12-08 11:00:19,426	INFO	Status info: rc is 1  runtime is 0  remtime is 3720   fsize is 2228224
2024-12-08 12:02:23,133	INFO	Show ENS remaining time: 0
2024-12-08 12:02:28,140	INFO	sox cmd: sox /srv/mm/3rrr/work08Dec/ENS08Dec24.wav_1.wav /srv/mm/3rrr/work08Dec/ENS08Dec24.wav
2024-12-08 12:03:15,631	INFO	sox cmd: sox /srv/mm/3rrr/work08Dec/ENS08Dec24.wav -c1 -b16 /srv/mm/3rrr/work08Dec/Einstein-A-Go-Go-20241208.wav_mon.wav
2024-12-08 12:03:49,324	INFO	sox cmd: sox /srv/mm/3rrr/work08Dec/Einstein-A-Go-Go-20241208.wav /srv/mm/3rrr/work08Dec/Einstein-A-Go-Go-20241208.wav_loud.wav compand 0.01,1 -90,-90,-70,-70,-60,-20,0,0 -5
2024-12-08 12:04:11,050	INFO	lame cmd: lame --quiet -b 320 --add-id3v2 --ty 2024 --tt Einstein A Go Go - 08 December 2024 --tc Einstein A Go Go can be heard every Sunday at 11.00am on 3RRR FM 102.7 MHz in Melbourne, Australia (http://www.rrr.org.au). Visit our website for more information (http://www.rrr.org.au/program/einstein-a-go-go/). --tg Podcast --ta Einstein A Go Go --tl Triple R FM /srv/mm/3rrr/work08Dec/ENS08Dec24.wav /srv/mm/3rrr/work08Dec/ENS08Dec24.mp3
2024-12-08 12:07:43,812	INFO	lame cmd: lame --quiet --preset 64 --add-id3v2 --ty 2024 --tt Einstein A Go Go - 08 December 2024 --tc Einstein A Go Go can be heard every Sunday at 11.00am on 3RRR FM 102.7 MHz in Melbourne, Australia (http://www.rrr.org.au). Visit our website for more information (http://www.rrr.org.au/program/einstein-a-go-go/). --tg Speech --ta Triple R --tl Triple R /srv/mm/3rrr/work08Dec/Einstein-A-Go-Go-20241208.wav /srv/mm/3rrr/work08Dec/Einstein-A-Go-Go-20241208.mp3
2024-12-08 12:09:32,850	INFO	Removing stale latest directory /srv/mm/3rrr/latest/ENS/
2024-12-08 12:09:32,853	INFO	Copy the ENS show files to show and latest folders
2024-12-08 12:09:41,387	INFO	Local web server publishing of files started
2024-12-08 12:09:42,747	INFO	Removing old file /var/www/eagg/files/Einstein-A-Go-Go-20241124.mp3
2024-12-08 12:09:42,770	INFO	Removing old file /var/www/eagg/files/ENS24Nov24.log
2024-12-08 12:09:42,771	INFO	Delete local web server archive file /var/www/eagg/files/archive/Einstein-A-Go-Go-20241013.mp3
2024-12-08 12:09:42,771	INFO	Removing old file /var/www/eagg/files/archive/Einstein-A-Go-Go-20241013.mp3
2024-12-08 12:09:42,771	INFO	Github publishing of files started
