2025-11-02 11:00:14,603	INFO	Start main routine for show ENS02Nov25
2025-11-02 11:00:14,603	INFO	Removing old working directory /srv/mm/3rrr/work26Oct
2025-11-02 11:00:14,630	INFO	Removing old show directory /srv/mm/3rrr/show26Oct
2025-11-02 11:00:14,874	INFO	mplayer cmd: mplayer -endpos 01:02:00 -quiet -nocache -vo null -vc dummy -ao pcm:waveheader:file=/srv/mm/3rrr/work02Nov/ENS02Nov25.wav_1.wav http://realtime.rrr.org.au/p1h
2025-11-02 11:00:14,889	INFO	waiting for mplayer to start, count:0
2025-11-02 11:00:15,901	INFO	waiting for mplayer to create the wav file, count:0
2025-11-02 11:00:16,902	INFO	waiting for mplayer to create the wav file, count:1
2025-11-02 11:00:17,910	INFO	waiting for the wav file to grow, size:0
2025-11-02 11:00:18,926	INFO	sampling rate is 44100
2025-11-02 11:00:18,927	INFO	Status info: rc is 1  runtime is 0  remtime is 3720   fsize is 1966080
2025-11-02 12:02:22,622	INFO	Show ENS remaining time: 0
2025-11-02 12:02:27,629	INFO	sox cmd: sox /srv/mm/3rrr/work02Nov/ENS02Nov25.wav_1.wav /srv/mm/3rrr/work02Nov/ENS02Nov25.wav
2025-11-02 12:03:14,993	INFO	sox cmd: sox /srv/mm/3rrr/work02Nov/ENS02Nov25.wav -c1 -b16 /srv/mm/3rrr/work02Nov/Einstein-A-Go-Go-20251102.wav_mon.wav
2025-11-02 12:03:49,047	INFO	sox cmd: sox /srv/mm/3rrr/work02Nov/Einstein-A-Go-Go-20251102.wav /srv/mm/3rrr/work02Nov/Einstein-A-Go-Go-20251102.wav_loud.wav compand 0.01,1 -90,-90,-70,-70,-60,-20,0,0 -5
2025-11-02 12:04:16,373	INFO	lame cmd: lame --quiet -b 320 --add-id3v2 --ty 2025 --tt Einstein A Go Go - 02 November 2025 --tc Einstein A Go Go can be heard every Sunday at 11.00am on 3RRR FM 102.7 MHz in Melbourne, Australia (http://www.rrr.org.au). Visit our website for more information (http://www.rrr.org.au/program/einstein-a-go-go/). --tg Podcast --ta Einstein A Go Go --tl Triple R FM /srv/mm/3rrr/work02Nov/ENS02Nov25.wav /srv/mm/3rrr/work02Nov/ENS02Nov25.mp3
2025-11-02 12:08:21,483	INFO	lame cmd: lame --quiet --preset 64 --add-id3v2 --ty 2025 --tt Einstein A Go Go - 02 November 2025 --tc Einstein A Go Go can be heard every Sunday at 11.00am on 3RRR FM 102.7 MHz in Melbourne, Australia (http://www.rrr.org.au). Visit our website for more information (http://www.rrr.org.au/program/einstein-a-go-go/). --tg Speech --ta Triple R --tl Triple R /srv/mm/3rrr/work02Nov/Einstein-A-Go-Go-20251102.wav /srv/mm/3rrr/work02Nov/Einstein-A-Go-Go-20251102.mp3
2025-11-02 12:10:30,813	INFO	Removing stale latest directory /srv/mm/3rrr/latest/ENS/
2025-11-02 12:10:30,820	INFO	Copy the ENS show files to show and latest folders
2025-11-02 12:10:37,519	INFO	Local web server publishing of files started
2025-11-02 12:10:38,173	INFO	Removing old file /var/www/eagg/files/Einstein-A-Go-Go-20251019.mp3
2025-11-02 12:10:38,174	INFO	Removing old file /var/www/eagg/files/ENS19Oct25.log
2025-11-02 12:10:38,175	INFO	Delete local web server archive file /var/www/eagg/files/archive/Einstein-A-Go-Go-20250907.mp3
2025-11-02 12:10:38,176	INFO	Removing old file /var/www/eagg/files/archive/Einstein-A-Go-Go-20250907.mp3
2025-11-02 12:10:38,177	INFO	Github publishing of files started
