2024-07-07 11:00:15,111	INFO	Start main routine for show ENS07Jul24
2024-07-07 11:00:15,111	INFO	Removing old working directory /srv/mm/3rrr/work30Jun
2024-07-07 11:00:15,126	INFO	Removing old show directory /srv/mm/3rrr/show30Jun
2024-07-07 11:00:15,244	INFO	mplayer cmd: mplayer -endpos 01:02:00 -quiet -nocache -vo null -vc dummy -ao pcm:waveheader:file=/srv/mm/3rrr/work07Jul/ENS07Jul24.wav_1.wav http://realtime.rrr.org.au/p1h
2024-07-07 11:00:15,318	INFO	waiting for mplayer to start, count:0
2024-07-07 11:00:16,329	INFO	waiting for mplayer to create the wav file, count:0
2024-07-07 11:00:17,331	INFO	waiting for the wav file to grow, size:0
2024-07-07 11:00:18,332	INFO	waiting for the wav file to grow, size:1900544
2024-07-07 11:00:19,338	INFO	sampling rate is 44100
2024-07-07 11:00:19,338	INFO	Status info: rc is 1  runtime is 0  remtime is 3720   fsize is 2293760
2024-07-07 12:02:23,086	INFO	Show ENS remaining time: 0
2024-07-07 12:02:28,093	INFO	sox cmd: sox /srv/mm/3rrr/work07Jul/ENS07Jul24.wav_1.wav /srv/mm/3rrr/work07Jul/ENS07Jul24.wav
2024-07-07 12:03:15,507	INFO	sox cmd: sox /srv/mm/3rrr/work07Jul/ENS07Jul24.wav -c1 -b16 /srv/mm/3rrr/work07Jul/Einstein-A-Go-Go-20240707.wav_mon.wav
2024-07-07 12:03:49,438	INFO	sox cmd: sox /srv/mm/3rrr/work07Jul/Einstein-A-Go-Go-20240707.wav /srv/mm/3rrr/work07Jul/Einstein-A-Go-Go-20240707.wav_loud.wav compand 0.01,1 -90,-90,-70,-70,-60,-20,0,0 -5
2024-07-07 12:04:10,909	INFO	lame cmd: lame --quiet -b 320 --add-id3v2 --ty 2024 --tt Einstein A Go Go - 07 July 2024 --tc Einstein A Go Go can be heard every Sunday at 11.00am on 3RRR FM 102.7 MHz in Melbourne, Australia (http://www.rrr.org.au). Visit our website for more information (http://www.rrr.org.au/program/einstein-a-go-go/). --tg Podcast --ta Einstein A Go Go --tl Triple R FM /srv/mm/3rrr/work07Jul/ENS07Jul24.wav /srv/mm/3rrr/work07Jul/ENS07Jul24.mp3
2024-07-07 12:07:46,324	INFO	lame cmd: lame --quiet --preset 64 --add-id3v2 --ty 2024 --tt Einstein A Go Go - 07 July 2024 --tc Einstein A Go Go can be heard every Sunday at 11.00am on 3RRR FM 102.7 MHz in Melbourne, Australia (http://www.rrr.org.au). Visit our website for more information (http://www.rrr.org.au/program/einstein-a-go-go/). --tg Speech --ta Triple R --tl Triple R /srv/mm/3rrr/work07Jul/Einstein-A-Go-Go-20240707.wav /srv/mm/3rrr/work07Jul/Einstein-A-Go-Go-20240707.mp3
2024-07-07 12:09:31,641	INFO	Removing stale latest directory /srv/mm/3rrr/latest/ENS/
2024-07-07 12:09:31,648	INFO	Copy the ENS show files to show and latest folders
2024-07-07 12:09:37,671	INFO	Local web server publishing of files started
2024-07-07 12:09:38,969	INFO	Removing old file /var/www/eagg/files/Einstein-A-Go-Go-20240623.mp3
2024-07-07 12:09:39,034	INFO	Removing old file /var/www/eagg/files/ENS23Jun24.log
2024-07-07 12:09:39,074	INFO	Delete local web server archive file /var/www/eagg/files/archive/Einstein-A-Go-Go-20240512.mp3
2024-07-07 12:09:39,074	INFO	Github publishing of files started
