2024-05-09 11:58:01,796	INFO	Start main routine for show ENS09May24
2024-05-09 11:58:01,796	INFO	Removing old working directory /srv/mm/3rrr/work02May
2024-05-09 11:58:01,799	INFO	Removing old show directory /srv/mm/3rrr/show02May
2024-05-09 11:58:02,100	INFO	mplayer cmd: mplayer -endpos 00:02:00 -quiet -nocache -vo null -vc dummy -ao pcm:waveheader:file=/srv/mm/3rrr/work09May/ENS09May24.wav_1.wav http://realtime.rrr.org.au/p1h
2024-05-09 11:58:02,159	INFO	waiting for mplayer to start, count:0
2024-05-09 11:58:03,188	INFO	waiting for mplayer to create the wav file, count:0
2024-05-09 11:58:04,189	INFO	waiting for mplayer to create the wav file, count:1
2024-05-09 11:58:05,191	INFO	waiting for the wav file to grow, size:0
2024-05-09 11:58:06,192	INFO	waiting for the wav file to grow, size:1900544
2024-05-09 11:58:07,212	INFO	sampling rate is 44100
2024-05-09 11:58:07,212	INFO	Status info: rc is 1  runtime is 0  remtime is 120   fsize is 2228224
2024-05-09 12:00:07,335	INFO	Show ENS remaining time: 0
2024-05-09 12:00:12,341	INFO	sox cmd: sox /srv/mm/3rrr/work09May/ENS09May24.wav_1.wav /srv/mm/3rrr/work09May/ENS09May24.wav
2024-05-09 12:00:12,564	INFO	sox cmd: sox /srv/mm/3rrr/work09May/ENS09May24.wav -c1 -b16 /srv/mm/3rrr/work09May/Einstein-A-Go-Go-20240509.wav_mon.wav
2024-05-09 12:00:12,859	INFO	sox cmd: sox /srv/mm/3rrr/work09May/Einstein-A-Go-Go-20240509.wav /srv/mm/3rrr/work09May/Einstein-A-Go-Go-20240509.wav_loud.wav compand 0.01,1 -90,-90,-70,-70,-60,-20,0,0 -5
2024-05-09 12:00:13,567	INFO	lame cmd: lame --quiet -b 320 --add-id3v2 --ty 2024 --tt Einstein A Go Go - 9 May 2024 --tc Einstein A Go Go can be heard every Sunday at 11.00am on 3RRR FM 102.7 MHz in Melbourne, Australia (http://www.rrr.org.au). Visit our website for more information (http://www.rrr.org.au/program/einstein-a-go-go/). --tg Podcast --ta Einstein A Go Go --tl Triple R FM /srv/mm/3rrr/work09May/ENS09May24.wav /srv/mm/3rrr/work09May/ENS09May24.mp3
2024-05-09 12:00:19,850	INFO	lame cmd: lame --quiet --preset 64 --add-id3v2 --ty 2024 --tt Einstein A Go Go - 9 May 2024 --tc Einstein A Go Go can be heard every Sunday at 11.00am on 3RRR FM 102.7 MHz in Melbourne, Australia (http://www.rrr.org.au). Visit our website for more information (http://www.rrr.org.au/program/einstein-a-go-go/). --tg Speech --ta Triple R --tl Triple R /srv/mm/3rrr/work09May/Einstein-A-Go-Go-20240509.wav /srv/mm/3rrr/work09May/Einstein-A-Go-Go-20240509.mp3
2024-05-09 12:00:26,767	INFO	Removing stale latest directory /srv/mm/3rrr/latest/ENS/
2024-05-09 12:00:26,772	INFO	Copy the ENS show files to show and latest folders
2024-05-09 12:00:26,868	INFO	Local web server publishing of files started
2024-05-09 12:00:26,875	INFO	Delete local web server archive files /var/www/eagg/files/archive/Einstein-A-Go-Go-20240215.mp3
2024-05-09 12:00:26,875	INFO	Github publishing of files started
