2025-11-09 11:00:07,533	INFO	Start main routine for show ENS09Nov25
2025-11-09 11:00:07,533	INFO	Removing old working directory /srv/mm/3rrr/work02Nov
2025-11-09 11:00:07,552	INFO	Removing old show directory /srv/mm/3rrr/show02Nov
2025-11-09 11:00:07,721	INFO	mplayer cmd: mplayer -endpos 01:02:00 -quiet -nocache -vo null -vc dummy -ao pcm:waveheader:file=/srv/mm/3rrr/work09Nov/ENS09Nov25.wav_1.wav http://realtime.rrr.org.au/p1h
2025-11-09 11:00:07,788	INFO	waiting for mplayer to start, count:0
2025-11-09 11:00:08,868	INFO	waiting for mplayer to create the wav file, count:0
2025-11-09 11:00:09,870	INFO	waiting for the wav file to grow, size:0
2025-11-09 11:00:10,872	INFO	waiting for the wav file to grow, size:1769472
2025-11-09 11:00:11,892	INFO	sampling rate is 44100
2025-11-09 11:00:11,892	INFO	Status info: rc is 1  runtime is 0  remtime is 3720   fsize is 2162688
2025-11-09 12:02:15,596	INFO	Show ENS remaining time: 0
2025-11-09 12:02:20,605	INFO	sox cmd: sox /srv/mm/3rrr/work09Nov/ENS09Nov25.wav_1.wav /srv/mm/3rrr/work09Nov/ENS09Nov25.wav
2025-11-09 12:03:08,137	INFO	sox cmd: sox /srv/mm/3rrr/work09Nov/ENS09Nov25.wav -c1 -b16 /srv/mm/3rrr/work09Nov/Einstein-A-Go-Go-20251109.wav_mon.wav
2025-11-09 12:03:41,940	INFO	sox cmd: sox /srv/mm/3rrr/work09Nov/Einstein-A-Go-Go-20251109.wav /srv/mm/3rrr/work09Nov/Einstein-A-Go-Go-20251109.wav_loud.wav compand 0.01,1 -90,-90,-70,-70,-60,-20,0,0 -5
2025-11-09 12:04:09,273	INFO	lame cmd: lame --quiet -b 320 --add-id3v2 --ty 2025 --tt Einstein A Go Go - 09 November 2025 --tc Einstein A Go Go can be heard every Sunday at 11.00am on 3RRR FM 102.7 MHz in Melbourne, Australia (http://www.rrr.org.au). Visit our website for more information (http://www.rrr.org.au/program/einstein-a-go-go/). --tg Podcast --ta Einstein A Go Go --tl Triple R FM /srv/mm/3rrr/work09Nov/ENS09Nov25.wav /srv/mm/3rrr/work09Nov/ENS09Nov25.mp3
2025-11-09 12:08:18,702	INFO	lame cmd: lame --quiet --preset 64 --add-id3v2 --ty 2025 --tt Einstein A Go Go - 09 November 2025 --tc Einstein A Go Go can be heard every Sunday at 11.00am on 3RRR FM 102.7 MHz in Melbourne, Australia (http://www.rrr.org.au). Visit our website for more information (http://www.rrr.org.au/program/einstein-a-go-go/). --tg Speech --ta Triple R --tl Triple R /srv/mm/3rrr/work09Nov/Einstein-A-Go-Go-20251109.wav /srv/mm/3rrr/work09Nov/Einstein-A-Go-Go-20251109.mp3
2025-11-09 12:10:28,119	INFO	Removing stale latest directory /srv/mm/3rrr/latest/ENS/
2025-11-09 12:10:28,180	INFO	Copy the ENS show files to show and latest folders
2025-11-09 12:10:34,532	INFO	Local web server publishing of files started
2025-11-09 12:10:35,273	INFO	Removing old file /var/www/eagg/files/Einstein-A-Go-Go-20251026.mp3
2025-11-09 12:10:35,396	INFO	Removing old file /var/www/eagg/files/ENS26Oct25.log
2025-11-09 12:10:35,481	INFO	Delete local web server archive file /var/www/eagg/files/archive/Einstein-A-Go-Go-20250914.mp3
2025-11-09 12:10:35,572	INFO	Removing old file /var/www/eagg/files/archive/Einstein-A-Go-Go-20250914.mp3
2025-11-09 12:10:35,671	INFO	Github publishing of files started
