2025-01-05 11:00:02,316	INFO	Start main routine for show ENS05Jan25
2025-01-05 11:00:02,316	INFO	Removing old working directory /srv/mm/3rrr/work29Dec
2025-01-05 11:00:02,342	INFO	Removing old show directory /srv/mm/3rrr/show29Dec
2025-01-05 11:00:02,543	INFO	mplayer cmd: mplayer -endpos 01:02:00 -quiet -nocache -vo null -vc dummy -ao pcm:waveheader:file=/srv/mm/3rrr/work05Jan/ENS05Jan25.wav_1.wav http://realtime.rrr.org.au/p1h
2025-01-05 11:00:02,613	INFO	waiting for mplayer to start, count:0
2025-01-05 11:00:03,638	INFO	waiting for mplayer to create the wav file, count:0
2025-01-05 11:00:04,639	INFO	waiting for the wav file to grow, size:0
2025-01-05 11:00:05,641	INFO	waiting for the wav file to grow, size:1638400
2025-01-05 11:00:06,659	INFO	sampling rate is 44100
2025-01-05 11:00:06,660	INFO	Status info: rc is 1  runtime is 0  remtime is 3720   fsize is 2097152
2025-01-05 12:02:10,429	INFO	Show ENS remaining time: 0
2025-01-05 12:02:15,440	INFO	sox cmd: sox /srv/mm/3rrr/work05Jan/ENS05Jan25.wav_1.wav /srv/mm/3rrr/work05Jan/ENS05Jan25.wav
2025-01-05 12:03:03,239	INFO	sox cmd: sox /srv/mm/3rrr/work05Jan/ENS05Jan25.wav -c1 -b16 /srv/mm/3rrr/work05Jan/Einstein-A-Go-Go-20250105.wav_mon.wav
2025-01-05 12:03:36,790	INFO	sox cmd: sox /srv/mm/3rrr/work05Jan/Einstein-A-Go-Go-20250105.wav /srv/mm/3rrr/work05Jan/Einstein-A-Go-Go-20250105.wav_loud.wav compand 0.01,1 -90,-90,-70,-70,-60,-20,0,0 -5
2025-01-05 12:03:59,123	INFO	lame cmd: lame --quiet -b 320 --add-id3v2 --ty 2025 --tt Einstein A Go Go - 05 January 2025 --tc Einstein A Go Go can be heard every Sunday at 11.00am on 3RRR FM 102.7 MHz in Melbourne, Australia (http://www.rrr.org.au). Visit our website for more information (http://www.rrr.org.au/program/einstein-a-go-go/). --tg Podcast --ta Einstein A Go Go --tl Triple R FM /srv/mm/3rrr/work05Jan/ENS05Jan25.wav /srv/mm/3rrr/work05Jan/ENS05Jan25.mp3
2025-01-05 12:07:33,238	INFO	lame cmd: lame --quiet --preset 64 --add-id3v2 --ty 2025 --tt Einstein A Go Go - 05 January 2025 --tc Einstein A Go Go can be heard every Sunday at 11.00am on 3RRR FM 102.7 MHz in Melbourne, Australia (http://www.rrr.org.au). Visit our website for more information (http://www.rrr.org.au/program/einstein-a-go-go/). --tg Speech --ta Triple R --tl Triple R /srv/mm/3rrr/work05Jan/Einstein-A-Go-Go-20250105.wav /srv/mm/3rrr/work05Jan/Einstein-A-Go-Go-20250105.mp3
2025-01-05 12:09:20,236	INFO	Removing stale latest directory /srv/mm/3rrr/latest/ENS/
2025-01-05 12:09:20,241	INFO	Copy the ENS show files to show and latest folders
2025-01-05 12:09:25,613	INFO	Local web server publishing of files started
2025-01-05 12:09:26,820	INFO	Removing old file /var/www/eagg/files/Einstein-A-Go-Go-20241222.mp3
2025-01-05 12:09:26,925	INFO	Removing old file /var/www/eagg/files/ENS22Dec24.log
2025-01-05 12:09:27,098	INFO	Delete local web server archive file /var/www/eagg/files/archive/Einstein-A-Go-Go-20241110.mp3
2025-01-05 12:09:27,098	INFO	Removing old file /var/www/eagg/files/archive/Einstein-A-Go-Go-20241110.mp3
2025-01-05 12:09:27,337	INFO	Github publishing of files started
