2025-02-09 11:00:01,417	INFO	Start main routine for show ENS09Feb25
2025-02-09 11:00:01,417	INFO	Removing old working directory /srv/mm/3rrr/work02Feb
2025-02-09 11:00:01,434	INFO	Removing old show directory /srv/mm/3rrr/show02Feb
2025-02-09 11:00:01,611	INFO	mplayer cmd: mplayer -endpos 01:02:00 -quiet -nocache -vo null -vc dummy -ao pcm:waveheader:file=/srv/mm/3rrr/work09Feb/ENS09Feb25.wav_1.wav http://realtime.rrr.org.au/p1h
2025-02-09 11:00:01,622	INFO	waiting for mplayer to start, count:0
2025-02-09 11:00:02,645	INFO	waiting for mplayer to create the wav file, count:0
2025-02-09 11:00:03,648	INFO	waiting for mplayer to create the wav file, count:1
2025-02-09 11:00:04,650	INFO	waiting for the wav file to grow, size:0
2025-02-09 11:00:05,651	INFO	waiting for the wav file to grow, size:1835008
2025-02-09 11:00:06,673	INFO	sampling rate is 44100
2025-02-09 11:00:06,674	INFO	Status info: rc is 1  runtime is 0  remtime is 3720   fsize is 2162688
2025-02-09 12:02:10,449	INFO	Show ENS remaining time: 0
2025-02-09 12:02:15,457	INFO	sox cmd: sox /srv/mm/3rrr/work09Feb/ENS09Feb25.wav_1.wav /srv/mm/3rrr/work09Feb/ENS09Feb25.wav
2025-02-09 12:03:02,533	INFO	sox cmd: sox /srv/mm/3rrr/work09Feb/ENS09Feb25.wav -c1 -b16 /srv/mm/3rrr/work09Feb/Einstein-A-Go-Go-20250209.wav_mon.wav
2025-02-09 12:03:35,755	INFO	sox cmd: sox /srv/mm/3rrr/work09Feb/Einstein-A-Go-Go-20250209.wav /srv/mm/3rrr/work09Feb/Einstein-A-Go-Go-20250209.wav_loud.wav compand 0.01,1 -90,-90,-70,-70,-60,-20,0,0 -5
2025-02-09 12:03:57,159	INFO	lame cmd: lame --quiet -b 320 --add-id3v2 --ty 2025 --tt Einstein A Go Go - 09 February 2025 --tc Einstein A Go Go can be heard every Sunday at 11.00am on 3RRR FM 102.7 MHz in Melbourne, Australia (http://www.rrr.org.au). Visit our website for more information (http://www.rrr.org.au/program/einstein-a-go-go/). --tg Podcast --ta Einstein A Go Go --tl Triple R FM /srv/mm/3rrr/work09Feb/ENS09Feb25.wav /srv/mm/3rrr/work09Feb/ENS09Feb25.mp3
2025-02-09 12:07:34,652	INFO	lame cmd: lame --quiet --preset 64 --add-id3v2 --ty 2025 --tt Einstein A Go Go - 09 February 2025 --tc Einstein A Go Go can be heard every Sunday at 11.00am on 3RRR FM 102.7 MHz in Melbourne, Australia (http://www.rrr.org.au). Visit our website for more information (http://www.rrr.org.au/program/einstein-a-go-go/). --tg Speech --ta Triple R --tl Triple R /srv/mm/3rrr/work09Feb/Einstein-A-Go-Go-20250209.wav /srv/mm/3rrr/work09Feb/Einstein-A-Go-Go-20250209.mp3
2025-02-09 12:09:23,737	INFO	Removing stale latest directory /srv/mm/3rrr/latest/ENS/
2025-02-09 12:09:23,744	INFO	Copy the ENS show files to show and latest folders
2025-02-09 12:09:29,483	INFO	Local web server publishing of files started
2025-02-09 12:09:30,761	INFO	Removing old file /var/www/eagg/files/Einstein-A-Go-Go-20250126.mp3
2025-02-09 12:09:30,797	INFO	Removing old file /var/www/eagg/files/ENS26Jan25.log
2025-02-09 12:09:30,825	INFO	Delete local web server archive file /var/www/eagg/files/archive/Einstein-A-Go-Go-20241215.mp3
2025-02-09 12:09:30,854	INFO	Removing old file /var/www/eagg/files/archive/Einstein-A-Go-Go-20241215.mp3
2025-02-09 12:09:30,854	INFO	Github publishing of files started
