2025-03-16 11:00:17,362	INFO	Start main routine for show ENS16Mar25
2025-03-16 11:00:17,362	INFO	Removing old working directory /srv/mm/3rrr/work09Mar
2025-03-16 11:00:17,425	INFO	Removing old show directory /srv/mm/3rrr/show09Mar
2025-03-16 11:00:17,607	INFO	mplayer cmd: mplayer -endpos 01:02:00 -quiet -nocache -vo null -vc dummy -ao pcm:waveheader:file=/srv/mm/3rrr/work16Mar/ENS16Mar25.wav_1.wav http://realtime.rrr.org.au/p1h
2025-03-16 11:00:17,619	INFO	waiting for mplayer to create the wav file, count:0
2025-03-16 11:00:18,620	INFO	waiting for the wav file to grow, size:0
2025-03-16 11:00:19,622	INFO	waiting for the wav file to grow, size:1703936
2025-03-16 11:00:20,642	INFO	sampling rate is 44100
2025-03-16 11:00:20,642	INFO	Status info: rc is 1  runtime is 0  remtime is 3720   fsize is 2031616
2025-03-16 12:02:24,421	INFO	Show ENS remaining time: 0
2025-03-16 12:02:29,429	INFO	sox cmd: sox /srv/mm/3rrr/work16Mar/ENS16Mar25.wav_1.wav /srv/mm/3rrr/work16Mar/ENS16Mar25.wav
2025-03-16 12:03:16,698	INFO	sox cmd: sox /srv/mm/3rrr/work16Mar/ENS16Mar25.wav -c1 -b16 /srv/mm/3rrr/work16Mar/Einstein-A-Go-Go-20250316.wav_mon.wav
2025-03-16 12:03:50,805	INFO	sox cmd: sox /srv/mm/3rrr/work16Mar/Einstein-A-Go-Go-20250316.wav /srv/mm/3rrr/work16Mar/Einstein-A-Go-Go-20250316.wav_loud.wav compand 0.01,1 -90,-90,-70,-70,-60,-20,0,0 -5
2025-03-16 12:04:12,221	INFO	lame cmd: lame --quiet -b 320 --add-id3v2 --ty 2025 --tt Einstein A Go Go - 16 March 2025 --tc Einstein A Go Go can be heard every Sunday at 11.00am on 3RRR FM 102.7 MHz in Melbourne, Australia (http://www.rrr.org.au). Visit our website for more information (http://www.rrr.org.au/program/einstein-a-go-go/). --tg Podcast --ta Einstein A Go Go --tl Triple R FM /srv/mm/3rrr/work16Mar/ENS16Mar25.wav /srv/mm/3rrr/work16Mar/ENS16Mar25.mp3
2025-03-16 12:07:47,455	INFO	lame cmd: lame --quiet --preset 64 --add-id3v2 --ty 2025 --tt Einstein A Go Go - 16 March 2025 --tc Einstein A Go Go can be heard every Sunday at 11.00am on 3RRR FM 102.7 MHz in Melbourne, Australia (http://www.rrr.org.au). Visit our website for more information (http://www.rrr.org.au/program/einstein-a-go-go/). --tg Speech --ta Triple R --tl Triple R /srv/mm/3rrr/work16Mar/Einstein-A-Go-Go-20250316.wav /srv/mm/3rrr/work16Mar/Einstein-A-Go-Go-20250316.mp3
2025-03-16 12:09:38,120	INFO	Removing stale latest directory /srv/mm/3rrr/latest/ENS/
2025-03-16 12:09:38,125	INFO	Copy the ENS show files to show and latest folders
2025-03-16 12:09:46,623	INFO	Local web server publishing of files started
2025-03-16 12:09:47,617	INFO	Removing old file /var/www/eagg/files/Einstein-A-Go-Go-20250302.mp3
2025-03-16 12:09:47,617	INFO	Removing old file /var/www/eagg/files/ENS02Mar25.log
2025-03-16 12:09:47,658	INFO	Delete local web server archive file /var/www/eagg/files/archive/Einstein-A-Go-Go-20250119.mp3
2025-03-16 12:09:47,658	INFO	Removing old file /var/www/eagg/files/archive/Einstein-A-Go-Go-20250119.mp3
2025-03-16 12:09:47,658	INFO	Github publishing of files started
