2024-05-14 00:01:31,265	INFO	Start main routine for show ENS14May24
2024-05-14 00:01:31,265	INFO	Removing old working directory /srv/mm/3rrr/work07May
2024-05-14 00:01:31,269	INFO	Removing old show directory /srv/mm/3rrr/show07May
2024-05-14 00:01:31,445	INFO	mplayer cmd: mplayer -endpos 00:02:00 -quiet -nocache -vo null -vc dummy -ao pcm:waveheader:file=/srv/mm/3rrr/work14May/ENS14May24.wav_1.wav http://realtime.rrr.org.au/p1h
2024-05-14 00:01:31,464	INFO	waiting for mplayer to start, count:0
2024-05-14 00:01:32,475	INFO	waiting for the wav file to grow, size:0
2024-05-14 00:01:33,476	INFO	waiting for the wav file to grow, size:1835008
2024-05-14 00:01:34,483	INFO	sampling rate is 44100
2024-05-14 00:01:34,483	INFO	Status info: rc is 1  runtime is 0  remtime is 120   fsize is 2162688
2024-05-14 00:03:34,608	INFO	Show ENS remaining time: 0
2024-05-14 00:03:39,613	INFO	sox cmd: sox /srv/mm/3rrr/work14May/ENS14May24.wav_1.wav /srv/mm/3rrr/work14May/ENS14May24.wav
2024-05-14 00:03:39,775	INFO	sox cmd: sox /srv/mm/3rrr/work14May/ENS14May24.wav -c1 -b16 /srv/mm/3rrr/work14May/Einstein-A-Go-Go-20240514.wav_mon.wav
2024-05-14 00:03:40,093	INFO	sox cmd: sox /srv/mm/3rrr/work14May/Einstein-A-Go-Go-20240514.wav /srv/mm/3rrr/work14May/Einstein-A-Go-Go-20240514.wav_loud.wav compand 0.01,1 -90,-90,-70,-70,-60,-20,0,0 -5
2024-05-14 00:03:40,895	INFO	lame cmd: lame --quiet -b 320 --add-id3v2 --ty 2024 --tt Einstein A Go Go - 14 May 2024 --tc Einstein A Go Go can be heard every Sunday at 11.00am on 3RRR FM 102.7 MHz in Melbourne, Australia (http://www.rrr.org.au). Visit our website for more information (http://www.rrr.org.au/program/einstein-a-go-go/). --tg Podcast --ta Einstein A Go Go --tl Triple R FM /srv/mm/3rrr/work14May/ENS14May24.wav /srv/mm/3rrr/work14May/ENS14May24.mp3
2024-05-14 00:03:47,449	INFO	lame cmd: lame --quiet --preset 64 --add-id3v2 --ty 2024 --tt Einstein A Go Go - 14 May 2024 --tc Einstein A Go Go can be heard every Sunday at 11.00am on 3RRR FM 102.7 MHz in Melbourne, Australia (http://www.rrr.org.au). Visit our website for more information (http://www.rrr.org.au/program/einstein-a-go-go/). --tg Speech --ta Triple R --tl Triple R /srv/mm/3rrr/work14May/Einstein-A-Go-Go-20240514.wav /srv/mm/3rrr/work14May/Einstein-A-Go-Go-20240514.mp3
2024-05-14 00:03:54,156	INFO	Removing stale latest directory /srv/mm/3rrr/latest/ENS/
2024-05-14 00:03:54,161	INFO	Copy the ENS show files to show and latest folders
2024-05-14 00:03:54,186	INFO	Local web server publishing of files started
2024-05-14 00:03:54,243	INFO	Delete local web server archive file /var/www/eagg/files/archive/Einstein-A-Go-Go-20240319.mp3
2024-05-14 00:03:54,243	INFO	Github publishing of files started
