2024-08-18 11:00:15,017	INFO	Start main routine for show ENS18Aug24
2024-08-18 11:00:15,018	INFO	Removing old working directory /srv/mm/3rrr/work11Aug
2024-08-18 11:00:15,036	INFO	Removing old show directory /srv/mm/3rrr/show11Aug
2024-08-18 11:00:15,208	INFO	mplayer cmd: mplayer -endpos 01:02:00 -quiet -nocache -vo null -vc dummy -ao pcm:waveheader:file=/srv/mm/3rrr/work18Aug/ENS18Aug24.wav_1.wav http://realtime.rrr.org.au/p1h
2024-08-18 11:00:15,219	INFO	waiting for mplayer to start, count:0
2024-08-18 11:00:16,230	INFO	waiting for the wav file to grow, size:0
2024-08-18 11:00:17,232	INFO	waiting for the wav file to grow, size:1703936
2024-08-18 11:00:18,239	INFO	sampling rate is 44100
2024-08-18 11:00:18,239	INFO	Status info: rc is 1  runtime is 0  remtime is 3720   fsize is 2031616
2024-08-18 12:02:21,990	INFO	Show ENS remaining time: 0
2024-08-18 12:02:26,994	INFO	sox cmd: sox /srv/mm/3rrr/work18Aug/ENS18Aug24.wav_1.wav /srv/mm/3rrr/work18Aug/ENS18Aug24.wav
2024-08-18 12:03:14,726	INFO	sox cmd: sox /srv/mm/3rrr/work18Aug/ENS18Aug24.wav -c1 -b16 /srv/mm/3rrr/work18Aug/Einstein-A-Go-Go-20240818.wav_mon.wav
2024-08-18 12:03:48,525	INFO	sox cmd: sox /srv/mm/3rrr/work18Aug/Einstein-A-Go-Go-20240818.wav /srv/mm/3rrr/work18Aug/Einstein-A-Go-Go-20240818.wav_loud.wav compand 0.01,1 -90,-90,-70,-70,-60,-20,0,0 -5
2024-08-18 12:04:09,713	INFO	lame cmd: lame --quiet -b 320 --add-id3v2 --ty 2024 --tt Einstein A Go Go - 18 August 2024 --tc Einstein A Go Go can be heard every Sunday at 11.00am on 3RRR FM 102.7 MHz in Melbourne, Australia (http://www.rrr.org.au). Visit our website for more information (http://www.rrr.org.au/program/einstein-a-go-go/). --tg Podcast --ta Einstein A Go Go --tl Triple R FM /srv/mm/3rrr/work18Aug/ENS18Aug24.wav /srv/mm/3rrr/work18Aug/ENS18Aug24.mp3
2024-08-18 12:07:45,246	INFO	lame cmd: lame --quiet --preset 64 --add-id3v2 --ty 2024 --tt Einstein A Go Go - 18 August 2024 --tc Einstein A Go Go can be heard every Sunday at 11.00am on 3RRR FM 102.7 MHz in Melbourne, Australia (http://www.rrr.org.au). Visit our website for more information (http://www.rrr.org.au/program/einstein-a-go-go/). --tg Speech --ta Triple R --tl Triple R /srv/mm/3rrr/work18Aug/Einstein-A-Go-Go-20240818.wav /srv/mm/3rrr/work18Aug/Einstein-A-Go-Go-20240818.mp3
2024-08-18 12:09:31,348	INFO	Removing stale latest directory /srv/mm/3rrr/latest/ENS/
2024-08-18 12:09:31,354	INFO	Copy the ENS show files to show and latest folders
2024-08-18 12:09:38,414	INFO	Local web server publishing of files started
2024-08-18 12:09:39,055	INFO	Removing old file /var/www/eagg/files/Einstein-A-Go-Go-20240804.mp3
2024-08-18 12:09:39,056	INFO	Removing old file /var/www/eagg/files/ENS04Aug24.log
2024-08-18 12:09:39,056	INFO	Delete local web server archive file /var/www/eagg/files/archive/Einstein-A-Go-Go-20240623.mp3
2024-08-18 12:09:39,057	INFO	Removing old file /var/www/eagg/files/archive/Einstein-A-Go-Go-20240623.mp3
2024-08-18 12:09:39,058	INFO	Github publishing of files started
