2025-06-15 11:00:08,456	INFO	Start main routine for show ENS15Jun25
2025-06-15 11:00:08,457	INFO	Removing old working directory /srv/mm/3rrr/work08Jun
2025-06-15 11:00:08,519	INFO	Removing old show directory /srv/mm/3rrr/show08Jun
2025-06-15 11:00:08,649	INFO	mplayer cmd: mplayer -endpos 01:02:00 -quiet -nocache -vo null -vc dummy -ao pcm:waveheader:file=/srv/mm/3rrr/work15Jun/ENS15Jun25.wav_1.wav http://realtime.rrr.org.au/p1h
2025-06-15 11:00:08,717	INFO	waiting for mplayer to start, count:0
2025-06-15 11:00:09,728	INFO	waiting for mplayer to create the wav file, count:0
2025-06-15 11:00:10,729	INFO	waiting for the wav file to grow, size:0
2025-06-15 11:00:11,730	INFO	waiting for the wav file to grow, size:1835008
2025-06-15 11:00:12,753	INFO	sampling rate is 44100
2025-06-15 11:00:12,753	INFO	Status info: rc is 1  runtime is 0  remtime is 3720   fsize is 2162688
2025-06-15 12:02:16,490	INFO	Show ENS remaining time: 0
2025-06-15 12:02:21,497	INFO	sox cmd: sox /srv/mm/3rrr/work15Jun/ENS15Jun25.wav_1.wav /srv/mm/3rrr/work15Jun/ENS15Jun25.wav
2025-06-15 12:03:09,088	INFO	sox cmd: sox /srv/mm/3rrr/work15Jun/ENS15Jun25.wav -c1 -b16 /srv/mm/3rrr/work15Jun/Einstein-A-Go-Go-20250615.wav_mon.wav
2025-06-15 12:03:42,590	INFO	sox cmd: sox /srv/mm/3rrr/work15Jun/Einstein-A-Go-Go-20250615.wav /srv/mm/3rrr/work15Jun/Einstein-A-Go-Go-20250615.wav_loud.wav compand 0.01,1 -90,-90,-70,-70,-60,-20,0,0 -5
2025-06-15 12:04:03,911	INFO	lame cmd: lame --quiet -b 320 --add-id3v2 --ty 2025 --tt Einstein A Go Go - 15 June 2025 --tc Einstein A Go Go can be heard every Sunday at 11.00am on 3RRR FM 102.7 MHz in Melbourne, Australia (http://www.rrr.org.au). Visit our website for more information (http://www.rrr.org.au/program/einstein-a-go-go/). --tg Podcast --ta Einstein A Go Go --tl Triple R FM /srv/mm/3rrr/work15Jun/ENS15Jun25.wav /srv/mm/3rrr/work15Jun/ENS15Jun25.mp3
2025-06-15 12:07:42,122	INFO	lame cmd: lame --quiet --preset 64 --add-id3v2 --ty 2025 --tt Einstein A Go Go - 15 June 2025 --tc Einstein A Go Go can be heard every Sunday at 11.00am on 3RRR FM 102.7 MHz in Melbourne, Australia (http://www.rrr.org.au). Visit our website for more information (http://www.rrr.org.au/program/einstein-a-go-go/). --tg Speech --ta Triple R --tl Triple R /srv/mm/3rrr/work15Jun/Einstein-A-Go-Go-20250615.wav /srv/mm/3rrr/work15Jun/Einstein-A-Go-Go-20250615.mp3
2025-06-15 12:09:30,553	INFO	Removing stale latest directory /srv/mm/3rrr/latest/ENS/
2025-06-15 12:09:30,607	INFO	Copy the ENS show files to show and latest folders
2025-06-15 12:09:36,357	INFO	Local web server publishing of files started
2025-06-15 12:09:37,307	INFO	Removing old file /var/www/eagg/files/Einstein-A-Go-Go-20250601.mp3
2025-06-15 12:09:37,963	INFO	Removing old file /var/www/eagg/files/ENS01Jun25.log
2025-06-15 12:09:38,363	INFO	Delete local web server archive file /var/www/eagg/files/archive/Einstein-A-Go-Go-20250420.mp3
2025-06-15 12:09:38,363	INFO	Removing old file /var/www/eagg/files/archive/Einstein-A-Go-Go-20250420.mp3
2025-06-15 12:09:38,365	INFO	Github publishing of files started
