2025-12-14 11:00:14,710	INFO	Start main routine for show ENS14Dec25
2025-12-14 11:00:14,710	INFO	Removing old working directory /srv/mm/3rrr/work07Dec
2025-12-14 11:00:14,737	INFO	Removing old show directory /srv/mm/3rrr/show07Dec
2025-12-14 11:00:14,905	INFO	mplayer cmd: mplayer -endpos 01:02:00 -quiet -nocache -vo null -vc dummy -ao pcm:waveheader:file=/srv/mm/3rrr/work14Dec/ENS14Dec25.wav_1.wav http://realtime.rrr.org.au/p1h
2025-12-14 11:00:14,977	INFO	waiting for mplayer to start, count:0
2025-12-14 11:00:15,993	INFO	waiting for mplayer to create the wav file, count:0
2025-12-14 11:00:16,995	INFO	waiting for mplayer to create the wav file, count:1
2025-12-14 11:00:17,996	INFO	waiting for the wav file to grow, size:0
2025-12-14 11:00:18,998	INFO	waiting for the wav file to grow, size:1900544
2025-12-14 11:00:20,019	INFO	sampling rate is 44100
2025-12-14 11:00:20,020	INFO	Status info: rc is 1  runtime is 0  remtime is 3720   fsize is 2228224
2025-12-14 12:02:23,767	INFO	Show ENS remaining time: 0
2025-12-14 12:02:28,775	INFO	sox cmd: sox /srv/mm/3rrr/work14Dec/ENS14Dec25.wav_1.wav /srv/mm/3rrr/work14Dec/ENS14Dec25.wav
2025-12-14 12:03:16,391	INFO	sox cmd: sox /srv/mm/3rrr/work14Dec/ENS14Dec25.wav -c1 -b16 /srv/mm/3rrr/work14Dec/Einstein-A-Go-Go-20251214.wav_mon.wav
2025-12-14 12:03:49,856	INFO	sox cmd: sox /srv/mm/3rrr/work14Dec/Einstein-A-Go-Go-20251214.wav /srv/mm/3rrr/work14Dec/Einstein-A-Go-Go-20251214.wav_loud.wav compand 0.01,1 -90,-90,-70,-70,-60,-20,0,0 -5
2025-12-14 12:04:16,869	INFO	lame cmd: lame --quiet -b 320 --add-id3v2 --ty 2025 --tt Einstein A Go Go - 14 December 2025 --tc Einstein A Go Go can be heard every Sunday at 11.00am on 3RRR FM 102.7 MHz in Melbourne, Australia (http://www.rrr.org.au). Visit our website for more information (http://www.rrr.org.au/program/einstein-a-go-go/). --tg Podcast --ta Einstein A Go Go --tl Triple R FM /srv/mm/3rrr/work14Dec/ENS14Dec25.wav /srv/mm/3rrr/work14Dec/ENS14Dec25.mp3
2025-12-14 12:08:20,586	INFO	lame cmd: lame --quiet --preset 64 --add-id3v2 --ty 2025 --tt Einstein A Go Go - 14 December 2025 --tc Einstein A Go Go can be heard every Sunday at 11.00am on 3RRR FM 102.7 MHz in Melbourne, Australia (http://www.rrr.org.au). Visit our website for more information (http://www.rrr.org.au/program/einstein-a-go-go/). --tg Speech --ta Triple R --tl Triple R /srv/mm/3rrr/work14Dec/Einstein-A-Go-Go-20251214.wav /srv/mm/3rrr/work14Dec/Einstein-A-Go-Go-20251214.mp3
2025-12-14 12:10:29,095	INFO	Removing stale latest directory /srv/mm/3rrr/latest/ENS/
2025-12-14 12:10:29,099	INFO	Copy the ENS show files to show and latest folders
2025-12-14 12:10:34,774	INFO	Local web server publishing of files started
2025-12-14 12:10:35,817	INFO	Removing old file /var/www/eagg/files/Einstein-A-Go-Go-20251130.mp3
2025-12-14 12:10:35,817	INFO	Removing old file /var/www/eagg/files/ENS30Nov25.log
2025-12-14 12:10:35,884	INFO	Delete local web server archive file /var/www/eagg/files/archive/Einstein-A-Go-Go-20251019.mp3
2025-12-14 12:10:35,884	INFO	Removing old file /var/www/eagg/files/archive/Einstein-A-Go-Go-20251019.mp3
2025-12-14 12:10:36,008	INFO	Github publishing of files started
