2026-07-12 11:00:12,707	INFO	Start main routine for show ENS12Jul26
2026-07-12 11:00:12,707	INFO	Removing old working directory /srv/mm/3rrr/work05Jul
2026-07-12 11:00:12,729	INFO	Removing old show directory /srv/mm/3rrr/show05Jul
2026-07-12 11:00:12,886	INFO	mplayer cmd: mplayer -endpos 01:02:00 -quiet -nocache -vo null -vc dummy -ao pcm:waveheader:file=/srv/mm/3rrr/work12Jul/ENS12Jul26.wav_1.wav http://realtime.rrr.org.au/p1h
2026-07-12 11:00:12,902	INFO	waiting for mplayer to start, count:0
2026-07-12 11:00:13,973	INFO	waiting for mplayer to create the wav file, count:0
2026-07-12 11:00:14,974	INFO	waiting for the wav file to grow, size:0
2026-07-12 11:00:15,976	INFO	waiting for the wav file to grow, size:1769472
2026-07-12 11:00:16,994	INFO	sampling rate is 44100
2026-07-12 11:00:16,994	INFO	Status info: rc is 1  runtime is 0  remtime is 3720   fsize is 2162688
2026-07-12 12:02:20,751	INFO	Show ENS remaining time: 0
2026-07-12 12:02:25,758	INFO	sox cmd: sox /srv/mm/3rrr/work12Jul/ENS12Jul26.wav_1.wav /srv/mm/3rrr/work12Jul/ENS12Jul26.wav
2026-07-12 12:03:13,504	INFO	sox cmd: sox /srv/mm/3rrr/work12Jul/ENS12Jul26.wav -c1 -b16 /srv/mm/3rrr/work12Jul/Einstein-A-Go-Go-20260712.wav_mon.wav
2026-07-12 12:03:46,722	INFO	sox cmd: sox /srv/mm/3rrr/work12Jul/Einstein-A-Go-Go-20260712.wav /srv/mm/3rrr/work12Jul/Einstein-A-Go-Go-20260712.wav_loud.wav compand 0.01,1 -90,-90,-70,-70,-60,-20,0,0 -5
2026-07-12 12:04:13,749	INFO	lame cmd: lame --quiet -b 320 --add-id3v2 --ty 2026 --tt Einstein A Go Go - 12 July 2026 --tc Einstein A Go Go can be heard every Sunday at 11.00am on 3RRR FM 102.7 MHz in Melbourne, Australia (http://www.rrr.org.au). Visit our website for more information (http://www.rrr.org.au/program/einstein-a-go-go/). --tg Podcast --ta Einstein A Go Go --tl Triple R FM /srv/mm/3rrr/work12Jul/ENS12Jul26.wav /srv/mm/3rrr/work12Jul/ENS12Jul26.mp3
2026-07-12 12:08:15,689	INFO	lame cmd: lame --quiet --preset 64 --add-id3v2 --ty 2026 --tt Einstein A Go Go - 12 July 2026 --tc Einstein A Go Go can be heard every Sunday at 11.00am on 3RRR FM 102.7 MHz in Melbourne, Australia (http://www.rrr.org.au). Visit our website for more information (http://www.rrr.org.au/program/einstein-a-go-go/). --tg Speech --ta Triple R --tl Triple R /srv/mm/3rrr/work12Jul/Einstein-A-Go-Go-20260712.wav /srv/mm/3rrr/work12Jul/Einstein-A-Go-Go-20260712.mp3
2026-07-12 12:10:23,869	INFO	Removing stale latest directory /srv/mm/3rrr/latest/ENS/
2026-07-12 12:10:23,874	INFO	Copy the ENS show files to show and latest folders
2026-07-12 12:10:29,634	INFO	Local web server publishing of files started
2026-07-12 12:10:30,794	INFO	Removing old file /var/www/eagg/files/Einstein-A-Go-Go-20260628.mp3
2026-07-12 12:10:30,803	INFO	Removing old file /var/www/eagg/files/ENS28Jun26.log
2026-07-12 12:10:30,808	INFO	Delete local web server archive file /var/www/eagg/files/archive/Einstein-A-Go-Go-20260517.mp3
2026-07-12 12:10:30,808	INFO	Removing old file /var/www/eagg/files/archive/Einstein-A-Go-Go-20260517.mp3
2026-07-12 12:10:30,820	INFO	Github publishing of files started
