2025-01-19 11:00:01,629	INFO	Start main routine for show ENS19Jan25
2025-01-19 11:00:01,650	INFO	Removing old working directory /srv/mm/3rrr/work12Jan
2025-01-19 11:00:01,680	INFO	Removing old show directory /srv/mm/3rrr/show12Jan
2025-01-19 11:00:01,848	INFO	mplayer cmd: mplayer -endpos 01:02:00 -quiet -nocache -vo null -vc dummy -ao pcm:waveheader:file=/srv/mm/3rrr/work19Jan/ENS19Jan25.wav_1.wav http://realtime.rrr.org.au/p1h
2025-01-19 11:00:01,910	INFO	waiting for mplayer to start, count:0
2025-01-19 11:00:02,921	INFO	waiting for mplayer to create the wav file, count:0
2025-01-19 11:00:03,922	INFO	waiting for the wav file to grow, size:0
2025-01-19 11:00:04,923	INFO	waiting for the wav file to grow, size:1703936
2025-01-19 11:00:05,947	INFO	sampling rate is 44100
2025-01-19 11:00:05,947	INFO	Status info: rc is 1  runtime is 0  remtime is 3720   fsize is 2097152
2025-01-19 12:02:09,673	INFO	Show ENS remaining time: 0
2025-01-19 12:02:14,676	INFO	sox cmd: sox /srv/mm/3rrr/work19Jan/ENS19Jan25.wav_1.wav /srv/mm/3rrr/work19Jan/ENS19Jan25.wav
2025-01-19 12:03:01,911	INFO	sox cmd: sox /srv/mm/3rrr/work19Jan/ENS19Jan25.wav -c1 -b16 /srv/mm/3rrr/work19Jan/Einstein-A-Go-Go-20250119.wav_mon.wav
2025-01-19 12:03:35,326	INFO	sox cmd: sox /srv/mm/3rrr/work19Jan/Einstein-A-Go-Go-20250119.wav /srv/mm/3rrr/work19Jan/Einstein-A-Go-Go-20250119.wav_loud.wav compand 0.01,1 -90,-90,-70,-70,-60,-20,0,0 -5
2025-01-19 12:03:57,514	INFO	lame cmd: lame --quiet -b 320 --add-id3v2 --ty 2025 --tt Einstein A Go Go - 19 January 2025 --tc Einstein A Go Go can be heard every Sunday at 11.00am on 3RRR FM 102.7 MHz in Melbourne, Australia (http://www.rrr.org.au). Visit our website for more information (http://www.rrr.org.au/program/einstein-a-go-go/). --tg Podcast --ta Einstein A Go Go --tl Triple R FM /srv/mm/3rrr/work19Jan/ENS19Jan25.wav /srv/mm/3rrr/work19Jan/ENS19Jan25.mp3
2025-01-19 12:07:36,540	INFO	lame cmd: lame --quiet --preset 64 --add-id3v2 --ty 2025 --tt Einstein A Go Go - 19 January 2025 --tc Einstein A Go Go can be heard every Sunday at 11.00am on 3RRR FM 102.7 MHz in Melbourne, Australia (http://www.rrr.org.au). Visit our website for more information (http://www.rrr.org.au/program/einstein-a-go-go/). --tg Speech --ta Triple R --tl Triple R /srv/mm/3rrr/work19Jan/Einstein-A-Go-Go-20250119.wav /srv/mm/3rrr/work19Jan/Einstein-A-Go-Go-20250119.mp3
2025-01-19 12:09:25,445	INFO	Removing stale latest directory /srv/mm/3rrr/latest/ENS/
2025-01-19 12:09:25,452	INFO	Copy the ENS show files to show and latest folders
2025-01-19 12:09:31,956	INFO	Local web server publishing of files started
2025-01-19 12:09:33,006	INFO	Removing old file /var/www/eagg/files/Einstein-A-Go-Go-20250105.mp3
2025-01-19 12:09:33,009	INFO	Removing old file /var/www/eagg/files/ENS05Jan25.log
2025-01-19 12:09:33,009	INFO	Delete local web server archive file /var/www/eagg/files/archive/Einstein-A-Go-Go-20241124.mp3
2025-01-19 12:09:33,009	INFO	Removing old file /var/www/eagg/files/archive/Einstein-A-Go-Go-20241124.mp3
2025-01-19 12:09:33,055	INFO	Github publishing of files started
