2025-10-12 11:00:16,908	INFO	Start main routine for show ENS12Oct25
2025-10-12 11:00:16,908	INFO	Removing old working directory /srv/mm/3rrr/work05Oct
2025-10-12 11:00:16,927	INFO	Removing old show directory /srv/mm/3rrr/show05Oct
2025-10-12 11:00:17,093	INFO	mplayer cmd: mplayer -endpos 01:02:00 -quiet -nocache -vo null -vc dummy -ao pcm:waveheader:file=/srv/mm/3rrr/work12Oct/ENS12Oct25.wav_1.wav http://realtime.rrr.org.au/p1h
2025-10-12 11:00:17,173	INFO	waiting for mplayer to create the wav file, count:0
2025-10-12 11:00:18,175	INFO	waiting for mplayer to create the wav file, count:1
2025-10-12 11:00:19,176	INFO	waiting for the wav file to grow, size:0
2025-10-12 11:00:20,177	INFO	waiting for the wav file to grow, size:1703936
2025-10-12 11:00:21,185	INFO	sampling rate is 44100
2025-10-12 11:00:21,186	INFO	Status info: rc is 1  runtime is 0  remtime is 3720   fsize is 2031616
2025-10-12 12:02:24,912	INFO	Show ENS remaining time: 0
2025-10-12 12:02:29,919	INFO	sox cmd: sox /srv/mm/3rrr/work12Oct/ENS12Oct25.wav_1.wav /srv/mm/3rrr/work12Oct/ENS12Oct25.wav
2025-10-12 12:03:17,539	INFO	sox cmd: sox /srv/mm/3rrr/work12Oct/ENS12Oct25.wav -c1 -b16 /srv/mm/3rrr/work12Oct/Einstein-A-Go-Go-20251012.wav_mon.wav
2025-10-12 12:03:51,564	INFO	sox cmd: sox /srv/mm/3rrr/work12Oct/Einstein-A-Go-Go-20251012.wav /srv/mm/3rrr/work12Oct/Einstein-A-Go-Go-20251012.wav_loud.wav compand 0.01,1 -90,-90,-70,-70,-60,-20,0,0 -5
2025-10-12 12:04:18,502	INFO	lame cmd: lame --quiet -b 320 --add-id3v2 --ty 2025 --tt Einstein A Go Go - 12 October 2025 --tc Einstein A Go Go can be heard every Sunday at 11.00am on 3RRR FM 102.7 MHz in Melbourne, Australia (http://www.rrr.org.au). Visit our website for more information (http://www.rrr.org.au/program/einstein-a-go-go/). --tg Podcast --ta Einstein A Go Go --tl Triple R FM /srv/mm/3rrr/work12Oct/ENS12Oct25.wav /srv/mm/3rrr/work12Oct/ENS12Oct25.mp3
2025-10-12 12:08:22,792	INFO	lame cmd: lame --quiet --preset 64 --add-id3v2 --ty 2025 --tt Einstein A Go Go - 12 October 2025 --tc Einstein A Go Go can be heard every Sunday at 11.00am on 3RRR FM 102.7 MHz in Melbourne, Australia (http://www.rrr.org.au). Visit our website for more information (http://www.rrr.org.au/program/einstein-a-go-go/). --tg Speech --ta Triple R --tl Triple R /srv/mm/3rrr/work12Oct/Einstein-A-Go-Go-20251012.wav /srv/mm/3rrr/work12Oct/Einstein-A-Go-Go-20251012.mp3
2025-10-12 12:10:29,075	INFO	Removing stale latest directory /srv/mm/3rrr/latest/ENS/
2025-10-12 12:10:29,082	INFO	Copy the ENS show files to show and latest folders
2025-10-12 12:10:34,905	INFO	Local web server publishing of files started
2025-10-12 12:10:35,908	INFO	Removing old file /var/www/eagg/files/Einstein-A-Go-Go-20250928.mp3
2025-10-12 12:10:35,908	INFO	Removing old file /var/www/eagg/files/ENS28Sep25.log
2025-10-12 12:10:35,909	INFO	Delete local web server archive file /var/www/eagg/files/archive/Einstein-A-Go-Go-20250817.mp3
2025-10-12 12:10:35,909	INFO	Removing old file /var/www/eagg/files/archive/Einstein-A-Go-Go-20250817.mp3
2025-10-12 12:10:35,910	INFO	Github publishing of files started
