2024-08-11 11:00:08,042	INFO	Start main routine for show ENS11Aug24
2024-08-11 11:00:08,042	INFO	Removing old working directory /srv/mm/3rrr/work04Aug
2024-08-11 11:00:08,065	INFO	Removing old show directory /srv/mm/3rrr/show04Aug
2024-08-11 11:00:08,237	INFO	mplayer cmd: mplayer -endpos 01:02:00 -quiet -nocache -vo null -vc dummy -ao pcm:waveheader:file=/srv/mm/3rrr/work11Aug/ENS11Aug24.wav_1.wav http://realtime.rrr.org.au/p1h
2024-08-11 11:00:08,309	INFO	waiting for mplayer to start, count:0
2024-08-11 11:00:09,320	INFO	waiting for mplayer to create the wav file, count:0
2024-08-11 11:00:10,321	INFO	waiting for the wav file to grow, size:0
2024-08-11 11:00:11,322	INFO	waiting for the wav file to grow, size:1703936
2024-08-11 11:00:12,341	INFO	sampling rate is 44100
2024-08-11 11:00:12,342	INFO	Status info: rc is 1  runtime is 0  remtime is 3720   fsize is 2097152
2024-08-11 12:02:16,089	INFO	Show ENS remaining time: 0
2024-08-11 12:02:21,098	INFO	sox cmd: sox /srv/mm/3rrr/work11Aug/ENS11Aug24.wav_1.wav /srv/mm/3rrr/work11Aug/ENS11Aug24.wav
2024-08-11 12:03:08,493	INFO	sox cmd: sox /srv/mm/3rrr/work11Aug/ENS11Aug24.wav -c1 -b16 /srv/mm/3rrr/work11Aug/Einstein-A-Go-Go-20240811.wav_mon.wav
2024-08-11 12:03:42,452	INFO	sox cmd: sox /srv/mm/3rrr/work11Aug/Einstein-A-Go-Go-20240811.wav /srv/mm/3rrr/work11Aug/Einstein-A-Go-Go-20240811.wav_loud.wav compand 0.01,1 -90,-90,-70,-70,-60,-20,0,0 -5
2024-08-11 12:04:03,625	INFO	lame cmd: lame --quiet -b 320 --add-id3v2 --ty 2024 --tt Einstein A Go Go - 11 August 2024 --tc Einstein A Go Go can be heard every Sunday at 11.00am on 3RRR FM 102.7 MHz in Melbourne, Australia (http://www.rrr.org.au). Visit our website for more information (http://www.rrr.org.au/program/einstein-a-go-go/). --tg Podcast --ta Einstein A Go Go --tl Triple R FM /srv/mm/3rrr/work11Aug/ENS11Aug24.wav /srv/mm/3rrr/work11Aug/ENS11Aug24.mp3
2024-08-11 12:07:40,709	INFO	lame cmd: lame --quiet --preset 64 --add-id3v2 --ty 2024 --tt Einstein A Go Go - 11 August 2024 --tc Einstein A Go Go can be heard every Sunday at 11.00am on 3RRR FM 102.7 MHz in Melbourne, Australia (http://www.rrr.org.au). Visit our website for more information (http://www.rrr.org.au/program/einstein-a-go-go/). --tg Speech --ta Triple R --tl Triple R /srv/mm/3rrr/work11Aug/Einstein-A-Go-Go-20240811.wav /srv/mm/3rrr/work11Aug/Einstein-A-Go-Go-20240811.mp3
2024-08-11 12:09:29,643	INFO	Removing stale latest directory /srv/mm/3rrr/latest/ENS/
2024-08-11 12:09:29,648	INFO	Copy the ENS show files to show and latest folders
2024-08-11 12:09:35,345	INFO	Local web server publishing of files started
2024-08-11 12:09:37,123	INFO	Removing old file /var/www/eagg/files/Einstein-A-Go-Go-20240728.mp3
2024-08-11 12:09:37,124	INFO	Removing old file /var/www/eagg/files/ENS28Jul24.log
2024-08-11 12:09:37,125	INFO	Delete local web server archive file /var/www/eagg/files/archive/Einstein-A-Go-Go-20240616.mp3
2024-08-11 12:09:37,125	INFO	Removing old file /var/www/eagg/files/archive/Einstein-A-Go-Go-20240616.mp3
2024-08-11 12:09:37,126	INFO	Github publishing of files started
