2026-02-15 11:00:14,599	INFO	Start main routine for show ENS15Feb26
2026-02-15 11:00:14,600	INFO	Removing old working directory /srv/mm/3rrr/work08Feb
2026-02-15 11:00:14,630	INFO	Removing old show directory /srv/mm/3rrr/show08Feb
2026-02-15 11:00:14,809	INFO	mplayer cmd: mplayer -endpos 01:02:00 -quiet -nocache -vo null -vc dummy -ao pcm:waveheader:file=/srv/mm/3rrr/work15Feb/ENS15Feb26.wav_1.wav http://realtime.rrr.org.au/p1h
2026-02-15 11:00:14,871	INFO	waiting for mplayer to create the wav file, count:0
2026-02-15 11:00:15,873	INFO	waiting for mplayer to create the wav file, count:1
2026-02-15 11:00:16,874	INFO	waiting for the wav file to grow, size:0
2026-02-15 11:00:17,875	INFO	waiting for the wav file to grow, size:1769472
2026-02-15 11:00:18,883	INFO	sampling rate is 44100
2026-02-15 11:00:18,883	INFO	Status info: rc is 1  runtime is 0  remtime is 3720   fsize is 2162688
2026-02-15 12:02:22,638	INFO	Show ENS remaining time: 0
2026-02-15 12:02:27,644	INFO	sox cmd: sox /srv/mm/3rrr/work15Feb/ENS15Feb26.wav_1.wav /srv/mm/3rrr/work15Feb/ENS15Feb26.wav
2026-02-15 12:03:15,859	INFO	sox cmd: sox /srv/mm/3rrr/work15Feb/ENS15Feb26.wav -c1 -b16 /srv/mm/3rrr/work15Feb/Einstein-A-Go-Go-20260215.wav_mon.wav
2026-02-15 12:03:48,530	INFO	sox cmd: sox /srv/mm/3rrr/work15Feb/Einstein-A-Go-Go-20260215.wav /srv/mm/3rrr/work15Feb/Einstein-A-Go-Go-20260215.wav_loud.wav compand 0.01,1 -90,-90,-70,-70,-60,-20,0,0 -5
2026-02-15 12:04:15,705	INFO	lame cmd: lame --quiet -b 320 --add-id3v2 --ty 2026 --tt Einstein A Go Go - 15 February 2026 --tc Einstein A Go Go can be heard every Sunday at 11.00am on 3RRR FM 102.7 MHz in Melbourne, Australia (http://www.rrr.org.au). Visit our website for more information (http://www.rrr.org.au/program/einstein-a-go-go/). --tg Podcast --ta Einstein A Go Go --tl Triple R FM /srv/mm/3rrr/work15Feb/ENS15Feb26.wav /srv/mm/3rrr/work15Feb/ENS15Feb26.mp3
2026-02-15 12:08:25,040	INFO	lame cmd: lame --quiet --preset 64 --add-id3v2 --ty 2026 --tt Einstein A Go Go - 15 February 2026 --tc Einstein A Go Go can be heard every Sunday at 11.00am on 3RRR FM 102.7 MHz in Melbourne, Australia (http://www.rrr.org.au). Visit our website for more information (http://www.rrr.org.au/program/einstein-a-go-go/). --tg Speech --ta Triple R --tl Triple R /srv/mm/3rrr/work15Feb/Einstein-A-Go-Go-20260215.wav /srv/mm/3rrr/work15Feb/Einstein-A-Go-Go-20260215.mp3
2026-02-15 12:10:32,802	INFO	Removing stale latest directory /srv/mm/3rrr/latest/ENS/
2026-02-15 12:10:32,807	INFO	Copy the ENS show files to show and latest folders
2026-02-15 12:10:38,406	INFO	Local web server publishing of files started
2026-02-15 12:10:39,729	INFO	Removing old file /var/www/eagg/files/Einstein-A-Go-Go-20260201.mp3
2026-02-15 12:10:39,729	INFO	Removing old file /var/www/eagg/files/ENS01Feb26.log
2026-02-15 12:10:39,729	INFO	Delete local web server archive file /var/www/eagg/files/archive/Einstein-A-Go-Go-20251221.mp3
2026-02-15 12:10:39,729	INFO	Removing old file /var/www/eagg/files/archive/Einstein-A-Go-Go-20251221.mp3
2026-02-15 12:10:39,806	INFO	Github publishing of files started
