2025-08-10 11:00:14,548	INFO	Start main routine for show ENS10Aug25
2025-08-10 11:00:14,549	INFO	Removing old working directory /srv/mm/3rrr/work03Aug
2025-08-10 11:00:14,569	INFO	Removing old show directory /srv/mm/3rrr/show03Aug
2025-08-10 11:00:14,736	INFO	mplayer cmd: mplayer -endpos 01:02:00 -quiet -nocache -vo null -vc dummy -ao pcm:waveheader:file=/srv/mm/3rrr/work10Aug/ENS10Aug25.wav_1.wav http://realtime.rrr.org.au/p1h
2025-08-10 11:00:14,808	INFO	waiting for mplayer to start, count:0
2025-08-10 11:00:15,818	INFO	waiting for mplayer to create the wav file, count:0
2025-08-10 11:00:16,819	INFO	waiting for the wav file to grow, size:0
2025-08-10 11:00:17,820	INFO	waiting for the wav file to grow, size:1835008
2025-08-10 11:00:18,840	INFO	sampling rate is 44100
2025-08-10 11:00:18,840	INFO	Status info: rc is 1  runtime is 0  remtime is 3720   fsize is 2162688
2025-08-10 12:02:22,580	INFO	Show ENS remaining time: 0
2025-08-10 12:02:27,586	INFO	sox cmd: sox /srv/mm/3rrr/work10Aug/ENS10Aug25.wav_1.wav /srv/mm/3rrr/work10Aug/ENS10Aug25.wav
2025-08-10 12:03:16,187	INFO	sox cmd: sox /srv/mm/3rrr/work10Aug/ENS10Aug25.wav -c1 -b16 /srv/mm/3rrr/work10Aug/Einstein-A-Go-Go-20250810.wav_mon.wav
2025-08-10 12:03:49,039	INFO	sox cmd: sox /srv/mm/3rrr/work10Aug/Einstein-A-Go-Go-20250810.wav /srv/mm/3rrr/work10Aug/Einstein-A-Go-Go-20250810.wav_loud.wav compand 0.01,1 -90,-90,-70,-70,-60,-20,0,0 -5
2025-08-10 12:04:10,245	INFO	lame cmd: lame --quiet -b 320 --add-id3v2 --ty 2025 --tt Einstein A Go Go - 10 August 2025 --tc Einstein A Go Go can be heard every Sunday at 11.00am on 3RRR FM 102.7 MHz in Melbourne, Australia (http://www.rrr.org.au). Visit our website for more information (http://www.rrr.org.au/program/einstein-a-go-go/). --tg Podcast --ta Einstein A Go Go --tl Triple R FM /srv/mm/3rrr/work10Aug/ENS10Aug25.wav /srv/mm/3rrr/work10Aug/ENS10Aug25.mp3
2025-08-10 12:07:51,746	INFO	lame cmd: lame --quiet --preset 64 --add-id3v2 --ty 2025 --tt Einstein A Go Go - 10 August 2025 --tc Einstein A Go Go can be heard every Sunday at 11.00am on 3RRR FM 102.7 MHz in Melbourne, Australia (http://www.rrr.org.au). Visit our website for more information (http://www.rrr.org.au/program/einstein-a-go-go/). --tg Speech --ta Triple R --tl Triple R /srv/mm/3rrr/work10Aug/Einstein-A-Go-Go-20250810.wav /srv/mm/3rrr/work10Aug/Einstein-A-Go-Go-20250810.mp3
2025-08-10 12:09:43,439	INFO	Removing stale latest directory /srv/mm/3rrr/latest/ENS/
2025-08-10 12:09:43,446	INFO	Copy the ENS show files to show and latest folders
2025-08-10 12:09:48,714	INFO	Local web server publishing of files started
2025-08-10 12:09:50,828	INFO	Removing old file /var/www/eagg/files/Einstein-A-Go-Go-20250727.mp3
2025-08-10 12:09:50,829	INFO	Removing old file /var/www/eagg/files/ENS27Jul25.log
2025-08-10 12:09:50,893	INFO	Delete local web server archive file /var/www/eagg/files/archive/Einstein-A-Go-Go-20250615.mp3
2025-08-10 12:09:50,893	INFO	Removing old file /var/www/eagg/files/archive/Einstein-A-Go-Go-20250615.mp3
2025-08-10 12:09:51,079	INFO	Github publishing of files started
