2024-07-14 11:00:15,132	INFO	Start main routine for show ENS14Jul24
2024-07-14 11:00:15,132	INFO	Removing old working directory /srv/mm/3rrr/work07Jul
2024-07-14 11:00:15,155	INFO	Removing old show directory /srv/mm/3rrr/show07Jul
2024-07-14 11:00:15,328	INFO	mplayer cmd: mplayer -endpos 01:02:00 -quiet -nocache -vo null -vc dummy -ao pcm:waveheader:file=/srv/mm/3rrr/work14Jul/ENS14Jul24.wav_1.wav http://realtime.rrr.org.au/p1h
2024-07-14 11:00:15,339	INFO	waiting for mplayer to start, count:0
2024-07-14 11:00:16,418	INFO	waiting for mplayer to create the wav file, count:0
2024-07-14 11:00:17,419	INFO	waiting for the wav file to grow, size:0
2024-07-14 11:00:18,421	INFO	waiting for the wav file to grow, size:1638400
2024-07-14 11:00:19,444	INFO	sampling rate is 44100
2024-07-14 11:00:19,444	INFO	Status info: rc is 1  runtime is 0  remtime is 3720   fsize is 2031616
2024-07-14 12:02:23,225	INFO	Show ENS remaining time: 0
2024-07-14 12:02:28,233	INFO	sox cmd: sox /srv/mm/3rrr/work14Jul/ENS14Jul24.wav_1.wav /srv/mm/3rrr/work14Jul/ENS14Jul24.wav
2024-07-14 12:03:15,790	INFO	sox cmd: sox /srv/mm/3rrr/work14Jul/ENS14Jul24.wav -c1 -b16 /srv/mm/3rrr/work14Jul/Einstein-A-Go-Go-20240714.wav_mon.wav
2024-07-14 12:03:49,594	INFO	sox cmd: sox /srv/mm/3rrr/work14Jul/Einstein-A-Go-Go-20240714.wav /srv/mm/3rrr/work14Jul/Einstein-A-Go-Go-20240714.wav_loud.wav compand 0.01,1 -90,-90,-70,-70,-60,-20,0,0 -5
2024-07-14 12:04:11,331	INFO	lame cmd: lame --quiet -b 320 --add-id3v2 --ty 2024 --tt Einstein A Go Go - 14 July 2024 --tc Einstein A Go Go can be heard every Sunday at 11.00am on 3RRR FM 102.7 MHz in Melbourne, Australia (http://www.rrr.org.au). Visit our website for more information (http://www.rrr.org.au/program/einstein-a-go-go/). --tg Podcast --ta Einstein A Go Go --tl Triple R FM /srv/mm/3rrr/work14Jul/ENS14Jul24.wav /srv/mm/3rrr/work14Jul/ENS14Jul24.mp3
2024-07-14 12:07:49,539	INFO	lame cmd: lame --quiet --preset 64 --add-id3v2 --ty 2024 --tt Einstein A Go Go - 14 July 2024 --tc Einstein A Go Go can be heard every Sunday at 11.00am on 3RRR FM 102.7 MHz in Melbourne, Australia (http://www.rrr.org.au). Visit our website for more information (http://www.rrr.org.au/program/einstein-a-go-go/). --tg Speech --ta Triple R --tl Triple R /srv/mm/3rrr/work14Jul/Einstein-A-Go-Go-20240714.wav /srv/mm/3rrr/work14Jul/Einstein-A-Go-Go-20240714.mp3
2024-07-14 12:09:35,650	INFO	Removing stale latest directory /srv/mm/3rrr/latest/ENS/
2024-07-14 12:09:35,656	INFO	Copy the ENS show files to show and latest folders
2024-07-14 12:09:41,861	INFO	Local web server publishing of files started
2024-07-14 12:09:43,058	INFO	Removing old file /var/www/eagg/files/Einstein-A-Go-Go-20240630.mp3
2024-07-14 12:09:43,128	INFO	Removing old file /var/www/eagg/files/ENS30Jun24.log
2024-07-14 12:09:43,129	INFO	Delete local web server archive file /var/www/eagg/files/archive/Einstein-A-Go-Go-20240519.mp3
2024-07-14 12:09:43,129	INFO	Github publishing of files started
