2024-05-11 08:54:03,450	INFO	Start main routine for show ENS11May24
2024-05-11 08:54:03,450	INFO	Removing old working directory /srv/mm/3rrr/work04May
2024-05-11 08:54:03,453	INFO	Removing old show directory /srv/mm/3rrr/show04May
2024-05-11 08:54:03,646	INFO	mplayer cmd: mplayer -endpos 00:02:00 -quiet -nocache -vo null -vc dummy -ao pcm:waveheader:file=/srv/mm/3rrr/work11May/ENS11May24.wav_1.wav http://realtime.rrr.org.au/p1h
2024-05-11 08:54:03,657	INFO	waiting for mplayer to start, count:0
2024-05-11 08:54:04,667	INFO	waiting for mplayer to create the wav file, count:0
2024-05-11 08:54:05,668	INFO	waiting for the wav file to grow, size:0
2024-05-11 08:54:06,688	INFO	sampling rate is 44100
2024-05-11 08:54:06,689	INFO	Status info: rc is 1  runtime is 0  remtime is 120   fsize is 1966080
2024-05-11 08:56:06,813	INFO	Show ENS remaining time: 0
2024-05-11 08:56:11,818	INFO	sox cmd: sox /srv/mm/3rrr/work11May/ENS11May24.wav_1.wav /srv/mm/3rrr/work11May/ENS11May24.wav
2024-05-11 08:56:11,984	INFO	sox cmd: sox /srv/mm/3rrr/work11May/ENS11May24.wav -c1 -b16 /srv/mm/3rrr/work11May/Einstein-A-Go-Go-20240511.wav_mon.wav
2024-05-11 08:56:12,310	INFO	sox cmd: sox /srv/mm/3rrr/work11May/Einstein-A-Go-Go-20240511.wav /srv/mm/3rrr/work11May/Einstein-A-Go-Go-20240511.wav_loud.wav compand 0.01,1 -90,-90,-70,-70,-60,-20,0,0 -5
2024-05-11 08:56:12,974	INFO	lame cmd: lame --quiet -b 320 --add-id3v2 --ty 2024 --tt Einstein A Go Go - 11 May 2024 --tc Einstein A Go Go can be heard every Sunday at 11.00am on 3RRR FM 102.7 MHz in Melbourne, Australia (http://www.rrr.org.au). Visit our website for more information (http://www.rrr.org.au/program/einstein-a-go-go/). --tg Podcast --ta Einstein A Go Go --tl Triple R FM /srv/mm/3rrr/work11May/ENS11May24.wav /srv/mm/3rrr/work11May/ENS11May24.mp3
2024-05-11 08:56:19,168	INFO	lame cmd: lame --quiet --preset 64 --add-id3v2 --ty 2024 --tt Einstein A Go Go - 11 May 2024 --tc Einstein A Go Go can be heard every Sunday at 11.00am on 3RRR FM 102.7 MHz in Melbourne, Australia (http://www.rrr.org.au). Visit our website for more information (http://www.rrr.org.au/program/einstein-a-go-go/). --tg Speech --ta Triple R --tl Triple R /srv/mm/3rrr/work11May/Einstein-A-Go-Go-20240511.wav /srv/mm/3rrr/work11May/Einstein-A-Go-Go-20240511.mp3
2024-05-11 08:56:26,146	INFO	Removing stale latest directory /srv/mm/3rrr/latest/ENS/
2024-05-11 08:56:26,149	INFO	Copy the ENS show files to show and latest folders
2024-05-11 08:56:26,176	INFO	Local web server publishing of files started
2024-05-11 08:56:26,180	INFO	Delete local web server archive files /var/www/eagg/files/archive/Einstein-A-Go-Go-20240316.mp3
2024-05-11 08:56:26,180	INFO	Github publishing of files started
