2024-10-13 11:00:15,133	INFO	Start main routine for show ENS13Oct24
2024-10-13 11:00:15,134	INFO	Removing old working directory /srv/mm/3rrr/work06Oct
2024-10-13 11:00:15,154	INFO	Removing old show directory /srv/mm/3rrr/show06Oct
2024-10-13 11:00:15,332	INFO	mplayer cmd: mplayer -endpos 01:02:00 -quiet -nocache -vo null -vc dummy -ao pcm:waveheader:file=/srv/mm/3rrr/work13Oct/ENS13Oct24.wav_1.wav http://realtime.rrr.org.au/p1h
2024-10-13 11:00:15,411	INFO	waiting for mplayer to start, count:0
2024-10-13 11:00:16,422	INFO	waiting for mplayer to create the wav file, count:0
2024-10-13 11:00:17,423	INFO	waiting for mplayer to create the wav file, count:1
2024-10-13 11:00:18,425	INFO	waiting for the wav file to grow, size:0
2024-10-13 11:00:19,444	INFO	sampling rate is 44100
2024-10-13 11:00:19,444	INFO	Status info: rc is 1  runtime is 0  remtime is 3720   fsize is 1966080
2024-10-13 12:02:23,206	INFO	Show ENS remaining time: 0
2024-10-13 12:02:28,215	INFO	sox cmd: sox /srv/mm/3rrr/work13Oct/ENS13Oct24.wav_1.wav /srv/mm/3rrr/work13Oct/ENS13Oct24.wav
2024-10-13 12:03:15,542	INFO	sox cmd: sox /srv/mm/3rrr/work13Oct/ENS13Oct24.wav -c1 -b16 /srv/mm/3rrr/work13Oct/Einstein-A-Go-Go-20241013.wav_mon.wav
2024-10-13 12:03:49,745	INFO	sox cmd: sox /srv/mm/3rrr/work13Oct/Einstein-A-Go-Go-20241013.wav /srv/mm/3rrr/work13Oct/Einstein-A-Go-Go-20241013.wav_loud.wav compand 0.01,1 -90,-90,-70,-70,-60,-20,0,0 -5
2024-10-13 12:04:11,227	INFO	lame cmd: lame --quiet -b 320 --add-id3v2 --ty 2024 --tt Einstein A Go Go - 13 October 2024 --tc Einstein A Go Go can be heard every Sunday at 11.00am on 3RRR FM 102.7 MHz in Melbourne, Australia (http://www.rrr.org.au). Visit our website for more information (http://www.rrr.org.au/program/einstein-a-go-go/). --tg Podcast --ta Einstein A Go Go --tl Triple R FM /srv/mm/3rrr/work13Oct/ENS13Oct24.wav /srv/mm/3rrr/work13Oct/ENS13Oct24.mp3
2024-10-13 12:07:48,508	INFO	lame cmd: lame --quiet --preset 64 --add-id3v2 --ty 2024 --tt Einstein A Go Go - 13 October 2024 --tc Einstein A Go Go can be heard every Sunday at 11.00am on 3RRR FM 102.7 MHz in Melbourne, Australia (http://www.rrr.org.au). Visit our website for more information (http://www.rrr.org.au/program/einstein-a-go-go/). --tg Speech --ta Triple R --tl Triple R /srv/mm/3rrr/work13Oct/Einstein-A-Go-Go-20241013.wav /srv/mm/3rrr/work13Oct/Einstein-A-Go-Go-20241013.mp3
2024-10-13 12:09:36,246	INFO	Removing stale latest directory /srv/mm/3rrr/latest/ENS/
2024-10-13 12:09:36,252	INFO	Copy the ENS show files to show and latest folders
2024-10-13 12:09:42,081	INFO	Local web server publishing of files started
2024-10-13 12:09:43,614	INFO	Removing old file /var/www/eagg/files/Einstein-A-Go-Go-20240929.mp3
2024-10-13 12:09:43,615	INFO	Removing old file /var/www/eagg/files/ENS29Sep24.log
2024-10-13 12:09:43,615	INFO	Delete local web server archive file /var/www/eagg/files/archive/Einstein-A-Go-Go-20240818.mp3
2024-10-13 12:09:43,616	INFO	Removing old file /var/www/eagg/files/archive/Einstein-A-Go-Go-20240818.mp3
2024-10-13 12:09:43,617	INFO	Github publishing of files started
