2026-04-12 11:00:08,773	INFO	Start main routine for show ENS12Apr26
2026-04-12 11:00:08,773	INFO	Removing old working directory /srv/mm/3rrr/work05Apr
2026-04-12 11:00:08,824	INFO	Removing old show directory /srv/mm/3rrr/show05Apr
2026-04-12 11:00:08,981	INFO	mplayer cmd: mplayer -endpos 01:02:00 -quiet -nocache -vo null -vc dummy -ao pcm:waveheader:file=/srv/mm/3rrr/work12Apr/ENS12Apr26.wav_1.wav http://realtime.rrr.org.au/p1h
2026-04-12 11:00:08,994	INFO	waiting for mplayer to start, count:0
2026-04-12 11:00:10,069	INFO	waiting for mplayer to create the wav file, count:0
2026-04-12 11:00:11,070	INFO	waiting for mplayer to create the wav file, count:1
2026-04-12 11:00:12,072	INFO	waiting for the wav file to grow, size:0
2026-04-12 11:00:13,092	INFO	sampling rate is 44100
2026-04-12 11:00:13,092	INFO	Status info: rc is 1  runtime is 0  remtime is 3720   fsize is 1966080
2026-04-12 11:32:09,991	CRITICAL	ALERT: Wave file is not increasing in size
2026-04-12 11:32:15,009	CRITICAL	ALERT: Wave file is not increasing in size
2026-04-12 11:32:20,023	CRITICAL	ALERT: Wave file is not increasing in size
2026-04-12 11:32:25,037	CRITICAL	ALERT: Wave file is not increasing in size
2026-04-12 12:02:16,840	INFO	Show ENS remaining time: 0
2026-04-12 12:02:21,847	INFO	sox cmd: sox /srv/mm/3rrr/work12Apr/ENS12Apr26.wav_1.wav /srv/mm/3rrr/work12Apr/ENS12Apr26.wav
2026-04-12 12:03:09,467	INFO	sox cmd: sox /srv/mm/3rrr/work12Apr/ENS12Apr26.wav -c1 -b16 /srv/mm/3rrr/work12Apr/Einstein-A-Go-Go-20260412.wav_mon.wav
2026-04-12 12:03:42,502	INFO	sox cmd: sox /srv/mm/3rrr/work12Apr/Einstein-A-Go-Go-20260412.wav /srv/mm/3rrr/work12Apr/Einstein-A-Go-Go-20260412.wav_loud.wav compand 0.01,1 -90,-90,-70,-70,-60,-20,0,0 -5
2026-04-12 12:04:10,049	INFO	lame cmd: lame --quiet -b 320 --add-id3v2 --ty 2026 --tt Einstein A Go Go - 12 April 2026 --tc Einstein A Go Go can be heard every Sunday at 11.00am on 3RRR FM 102.7 MHz in Melbourne, Australia (http://www.rrr.org.au). Visit our website for more information (http://www.rrr.org.au/program/einstein-a-go-go/). --tg Podcast --ta Einstein A Go Go --tl Triple R FM /srv/mm/3rrr/work12Apr/ENS12Apr26.wav /srv/mm/3rrr/work12Apr/ENS12Apr26.mp3
2026-04-12 12:08:16,798	INFO	lame cmd: lame --quiet --preset 64 --add-id3v2 --ty 2026 --tt Einstein A Go Go - 12 April 2026 --tc Einstein A Go Go can be heard every Sunday at 11.00am on 3RRR FM 102.7 MHz in Melbourne, Australia (http://www.rrr.org.au). Visit our website for more information (http://www.rrr.org.au/program/einstein-a-go-go/). --tg Speech --ta Triple R --tl Triple R /srv/mm/3rrr/work12Apr/Einstein-A-Go-Go-20260412.wav /srv/mm/3rrr/work12Apr/Einstein-A-Go-Go-20260412.mp3
2026-04-12 12:10:27,083	INFO	Removing stale latest directory /srv/mm/3rrr/latest/ENS/
2026-04-12 12:10:27,088	INFO	Copy the ENS show files to show and latest folders
2026-04-12 12:10:33,001	INFO	Local web server publishing of files started
2026-04-12 12:10:34,264	INFO	Removing old file /var/www/eagg/files/Einstein-A-Go-Go-20260329.mp3
2026-04-12 12:10:35,008	INFO	Removing old file /var/www/eagg/files/ENS29Mar26.log
2026-04-12 12:10:35,041	INFO	Delete local web server archive file /var/www/eagg/files/archive/Einstein-A-Go-Go-20260215.mp3
2026-04-12 12:10:35,041	INFO	Removing old file /var/www/eagg/files/archive/Einstein-A-Go-Go-20260215.mp3
2026-04-12 12:10:35,052	INFO	Github publishing of files started
