2026-05-17 11:00:02,676	INFO	Start main routine for show ENS17May26
2026-05-17 11:00:02,676	INFO	Removing old working directory /srv/mm/3rrr/work10May
2026-05-17 11:00:02,699	INFO	Removing old show directory /srv/mm/3rrr/show10May
2026-05-17 11:00:02,818	INFO	mplayer cmd: mplayer -endpos 01:02:00 -quiet -nocache -vo null -vc dummy -ao pcm:waveheader:file=/srv/mm/3rrr/work17May/ENS17May26.wav_1.wav http://realtime.rrr.org.au/p1h
2026-05-17 11:00:02,881	INFO	waiting for mplayer to create the wav file, count:0
2026-05-17 11:00:03,883	INFO	waiting for mplayer to create the wav file, count:1
2026-05-17 11:00:04,884	INFO	waiting for the wav file to grow, size:0
2026-05-17 11:00:05,886	INFO	waiting for the wav file to grow, size:1835008
2026-05-17 11:00:06,893	INFO	sampling rate is 44100
2026-05-17 11:00:06,894	INFO	Status info: rc is 1  runtime is 0  remtime is 3720   fsize is 2162688
2026-05-17 12:02:10,666	INFO	Show ENS remaining time: 0
2026-05-17 12:02:15,674	INFO	sox cmd: sox /srv/mm/3rrr/work17May/ENS17May26.wav_1.wav /srv/mm/3rrr/work17May/ENS17May26.wav
2026-05-17 12:03:03,536	INFO	sox cmd: sox /srv/mm/3rrr/work17May/ENS17May26.wav -c1 -b16 /srv/mm/3rrr/work17May/Einstein-A-Go-Go-20260517.wav_mon.wav
2026-05-17 12:03:37,145	INFO	sox cmd: sox /srv/mm/3rrr/work17May/Einstein-A-Go-Go-20260517.wav /srv/mm/3rrr/work17May/Einstein-A-Go-Go-20260517.wav_loud.wav compand 0.01,1 -90,-90,-70,-70,-60,-20,0,0 -5
2026-05-17 12:04:04,373	INFO	lame cmd: lame --quiet -b 320 --add-id3v2 --ty 2026 --tt Einstein A Go Go - 17 May 2026 --tc Einstein A Go Go can be heard every Sunday at 11.00am on 3RRR FM 102.7 MHz in Melbourne, Australia (http://www.rrr.org.au). Visit our website for more information (http://www.rrr.org.au/program/einstein-a-go-go/). --tg Podcast --ta Einstein A Go Go --tl Triple R FM /srv/mm/3rrr/work17May/ENS17May26.wav /srv/mm/3rrr/work17May/ENS17May26.mp3
2026-05-17 12:08:08,409	INFO	lame cmd: lame --quiet --preset 64 --add-id3v2 --ty 2026 --tt Einstein A Go Go - 17 May 2026 --tc Einstein A Go Go can be heard every Sunday at 11.00am on 3RRR FM 102.7 MHz in Melbourne, Australia (http://www.rrr.org.au). Visit our website for more information (http://www.rrr.org.au/program/einstein-a-go-go/). --tg Speech --ta Triple R --tl Triple R /srv/mm/3rrr/work17May/Einstein-A-Go-Go-20260517.wav /srv/mm/3rrr/work17May/Einstein-A-Go-Go-20260517.mp3
2026-05-17 12:10:15,268	INFO	Removing stale latest directory /srv/mm/3rrr/latest/ENS/
2026-05-17 12:10:15,273	INFO	Copy the ENS show files to show and latest folders
2026-05-17 12:10:21,882	INFO	Local web server publishing of files started
2026-05-17 12:10:22,669	INFO	Removing old file /var/www/eagg/files/Einstein-A-Go-Go-20260503.mp3
2026-05-17 12:10:22,669	INFO	Removing old file /var/www/eagg/files/ENS03May26.log
2026-05-17 12:10:22,670	INFO	Delete local web server archive file /var/www/eagg/files/archive/Einstein-A-Go-Go-20260322.mp3
2026-05-17 12:10:22,670	INFO	Removing old file /var/www/eagg/files/archive/Einstein-A-Go-Go-20260322.mp3
2026-05-17 12:10:22,677	INFO	Github publishing of files started
