2025-11-16 11:00:14,673	INFO	Start main routine for show ENS16Nov25
2025-11-16 11:00:14,673	INFO	Removing old working directory /srv/mm/3rrr/work09Nov
2025-11-16 11:00:14,698	INFO	Removing old show directory /srv/mm/3rrr/show09Nov
2025-11-16 11:00:14,875	INFO	mplayer cmd: mplayer -endpos 01:02:00 -quiet -nocache -vo null -vc dummy -ao pcm:waveheader:file=/srv/mm/3rrr/work16Nov/ENS16Nov25.wav_1.wav http://realtime.rrr.org.au/p1h
2025-11-16 11:00:14,899	INFO	waiting for mplayer to start, count:0
2025-11-16 11:00:15,908	INFO	waiting for mplayer to create the wav file, count:0
2025-11-16 11:00:16,910	INFO	waiting for mplayer to create the wav file, count:1
2025-11-16 11:00:17,911	INFO	waiting for the wav file to grow, size:0
2025-11-16 11:00:18,912	INFO	waiting for the wav file to grow, size:1703936
2025-11-16 11:00:19,931	INFO	sampling rate is 44100
2025-11-16 11:00:19,931	INFO	Status info: rc is 1  runtime is 0  remtime is 3720   fsize is 2162688
2025-11-16 12:02:23,651	INFO	Show ENS remaining time: 0
2025-11-16 12:02:28,659	INFO	sox cmd: sox /srv/mm/3rrr/work16Nov/ENS16Nov25.wav_1.wav /srv/mm/3rrr/work16Nov/ENS16Nov25.wav
2025-11-16 12:03:16,492	INFO	sox cmd: sox /srv/mm/3rrr/work16Nov/ENS16Nov25.wav -c1 -b16 /srv/mm/3rrr/work16Nov/Einstein-A-Go-Go-20251116.wav_mon.wav
2025-11-16 12:03:50,083	INFO	sox cmd: sox /srv/mm/3rrr/work16Nov/Einstein-A-Go-Go-20251116.wav /srv/mm/3rrr/work16Nov/Einstein-A-Go-Go-20251116.wav_loud.wav compand 0.01,1 -90,-90,-70,-70,-60,-20,0,0 -5
2025-11-16 12:04:18,287	INFO	lame cmd: lame --quiet -b 320 --add-id3v2 --ty 2025 --tt Einstein A Go Go - 16 November 2025 --tc Einstein A Go Go can be heard every Sunday at 11.00am on 3RRR FM 102.7 MHz in Melbourne, Australia (http://www.rrr.org.au). Visit our website for more information (http://www.rrr.org.au/program/einstein-a-go-go/). --tg Podcast --ta Einstein A Go Go --tl Triple R FM /srv/mm/3rrr/work16Nov/ENS16Nov25.wav /srv/mm/3rrr/work16Nov/ENS16Nov25.mp3
2025-11-16 12:08:23,617	INFO	lame cmd: lame --quiet --preset 64 --add-id3v2 --ty 2025 --tt Einstein A Go Go - 16 November 2025 --tc Einstein A Go Go can be heard every Sunday at 11.00am on 3RRR FM 102.7 MHz in Melbourne, Australia (http://www.rrr.org.au). Visit our website for more information (http://www.rrr.org.au/program/einstein-a-go-go/). --tg Speech --ta Triple R --tl Triple R /srv/mm/3rrr/work16Nov/Einstein-A-Go-Go-20251116.wav /srv/mm/3rrr/work16Nov/Einstein-A-Go-Go-20251116.mp3
2025-11-16 12:10:34,310	INFO	Removing stale latest directory /srv/mm/3rrr/latest/ENS/
2025-11-16 12:10:34,316	INFO	Copy the ENS show files to show and latest folders
2025-11-16 12:10:40,067	INFO	Local web server publishing of files started
2025-11-16 12:10:41,105	INFO	Removing old file /var/www/eagg/files/Einstein-A-Go-Go-20251102.mp3
2025-11-16 12:10:41,139	INFO	Removing old file /var/www/eagg/files/ENS02Nov25.log
2025-11-16 12:10:41,163	INFO	Delete local web server archive file /var/www/eagg/files/archive/Einstein-A-Go-Go-20250921.mp3
2025-11-16 12:10:41,163	INFO	Removing old file /var/www/eagg/files/archive/Einstein-A-Go-Go-20250921.mp3
2025-11-16 12:10:41,313	INFO	Github publishing of files started
