2026-02-22 11:00:14,692	INFO	Start main routine for show ENS22Feb26
2026-02-22 11:00:14,693	INFO	Removing old working directory /srv/mm/3rrr/work15Feb
2026-02-22 11:00:14,707	INFO	Removing old show directory /srv/mm/3rrr/show15Feb
2026-02-22 11:00:14,879	INFO	mplayer cmd: mplayer -endpos 01:02:00 -quiet -nocache -vo null -vc dummy -ao pcm:waveheader:file=/srv/mm/3rrr/work22Feb/ENS22Feb26.wav_1.wav http://realtime.rrr.org.au/p1h
2026-02-22 11:00:14,892	INFO	waiting for mplayer to start, count:0
2026-02-22 11:00:15,977	INFO	waiting for mplayer to create the wav file, count:0
2026-02-22 11:00:16,978	INFO	waiting for mplayer to create the wav file, count:1
2026-02-22 11:00:17,980	INFO	waiting for the wav file to grow, size:0
2026-02-22 11:00:19,000	INFO	sampling rate is 44100
2026-02-22 11:00:19,000	INFO	Status info: rc is 1  runtime is 0  remtime is 3720   fsize is 1966080
2026-02-22 12:02:22,746	INFO	Show ENS remaining time: 0
2026-02-22 12:02:27,752	INFO	sox cmd: sox /srv/mm/3rrr/work22Feb/ENS22Feb26.wav_1.wav /srv/mm/3rrr/work22Feb/ENS22Feb26.wav
2026-02-22 12:03:15,122	INFO	sox cmd: sox /srv/mm/3rrr/work22Feb/ENS22Feb26.wav -c1 -b16 /srv/mm/3rrr/work22Feb/Einstein-A-Go-Go-20260222.wav_mon.wav
2026-02-22 12:03:48,616	INFO	sox cmd: sox /srv/mm/3rrr/work22Feb/Einstein-A-Go-Go-20260222.wav /srv/mm/3rrr/work22Feb/Einstein-A-Go-Go-20260222.wav_loud.wav compand 0.01,1 -90,-90,-70,-70,-60,-20,0,0 -5
2026-02-22 12:04:15,976	INFO	lame cmd: lame --quiet -b 320 --add-id3v2 --ty 2026 --tt Einstein A Go Go - 22 February 2026 --tc Einstein A Go Go can be heard every Sunday at 11.00am on 3RRR FM 102.7 MHz in Melbourne, Australia (http://www.rrr.org.au). Visit our website for more information (http://www.rrr.org.au/program/einstein-a-go-go/). --tg Podcast --ta Einstein A Go Go --tl Triple R FM /srv/mm/3rrr/work22Feb/ENS22Feb26.wav /srv/mm/3rrr/work22Feb/ENS22Feb26.mp3
2026-02-22 12:08:21,311	INFO	lame cmd: lame --quiet --preset 64 --add-id3v2 --ty 2026 --tt Einstein A Go Go - 22 February 2026 --tc Einstein A Go Go can be heard every Sunday at 11.00am on 3RRR FM 102.7 MHz in Melbourne, Australia (http://www.rrr.org.au). Visit our website for more information (http://www.rrr.org.au/program/einstein-a-go-go/). --tg Speech --ta Triple R --tl Triple R /srv/mm/3rrr/work22Feb/Einstein-A-Go-Go-20260222.wav /srv/mm/3rrr/work22Feb/Einstein-A-Go-Go-20260222.mp3
2026-02-22 12:10:31,481	INFO	Removing stale latest directory /srv/mm/3rrr/latest/ENS/
2026-02-22 12:10:31,486	INFO	Copy the ENS show files to show and latest folders
2026-02-22 12:10:37,487	INFO	Local web server publishing of files started
2026-02-22 12:10:38,777	INFO	Removing old file /var/www/eagg/files/Einstein-A-Go-Go-20260208.mp3
2026-02-22 12:10:38,944	INFO	Removing old file /var/www/eagg/files/ENS08Feb26.log
2026-02-22 12:10:39,198	INFO	Delete local web server archive file /var/www/eagg/files/archive/Einstein-A-Go-Go-20251228.mp3
2026-02-22 12:10:39,198	INFO	Removing old file /var/www/eagg/files/archive/Einstein-A-Go-Go-20251228.mp3
2026-02-22 12:10:39,677	INFO	Github publishing of files started
