2024-09-22 11:00:15,113	INFO	Start main routine for show ENS22Sep24
2024-09-22 11:00:15,113	INFO	Removing old working directory /srv/mm/3rrr/work15Sep
2024-09-22 11:00:15,134	INFO	Removing old show directory /srv/mm/3rrr/show15Sep
2024-09-22 11:00:15,311	INFO	mplayer cmd: mplayer -endpos 01:02:00 -quiet -nocache -vo null -vc dummy -ao pcm:waveheader:file=/srv/mm/3rrr/work22Sep/ENS22Sep24.wav_1.wav http://realtime.rrr.org.au/p1h
2024-09-22 11:00:15,322	INFO	waiting for mplayer to start, count:0
2024-09-22 11:00:16,333	INFO	waiting for mplayer to create the wav file, count:0
2024-09-22 11:00:17,335	INFO	waiting for the wav file to grow, size:0
2024-09-22 11:00:18,336	INFO	waiting for the wav file to grow, size:1638400
2024-09-22 11:00:19,350	INFO	sampling rate is 44100
2024-09-22 11:00:19,350	INFO	Status info: rc is 1  runtime is 0  remtime is 3720   fsize is 2097152
2024-09-22 12:02:23,076	INFO	Show ENS remaining time: 0
2024-09-22 12:02:28,082	INFO	sox cmd: sox /srv/mm/3rrr/work22Sep/ENS22Sep24.wav_1.wav /srv/mm/3rrr/work22Sep/ENS22Sep24.wav
2024-09-22 12:03:15,464	INFO	sox cmd: sox /srv/mm/3rrr/work22Sep/ENS22Sep24.wav -c1 -b16 /srv/mm/3rrr/work22Sep/Einstein-A-Go-Go-20240922.wav_mon.wav
2024-09-22 12:03:49,155	INFO	sox cmd: sox /srv/mm/3rrr/work22Sep/Einstein-A-Go-Go-20240922.wav /srv/mm/3rrr/work22Sep/Einstein-A-Go-Go-20240922.wav_loud.wav compand 0.01,1 -90,-90,-70,-70,-60,-20,0,0 -5
2024-09-22 12:04:10,839	INFO	lame cmd: lame --quiet -b 320 --add-id3v2 --ty 2024 --tt Einstein A Go Go - 22 September 2024 --tc Einstein A Go Go can be heard every Sunday at 11.00am on 3RRR FM 102.7 MHz in Melbourne, Australia (http://www.rrr.org.au). Visit our website for more information (http://www.rrr.org.au/program/einstein-a-go-go/). --tg Podcast --ta Einstein A Go Go --tl Triple R FM /srv/mm/3rrr/work22Sep/ENS22Sep24.wav /srv/mm/3rrr/work22Sep/ENS22Sep24.mp3
2024-09-22 12:07:45,132	INFO	lame cmd: lame --quiet --preset 64 --add-id3v2 --ty 2024 --tt Einstein A Go Go - 22 September 2024 --tc Einstein A Go Go can be heard every Sunday at 11.00am on 3RRR FM 102.7 MHz in Melbourne, Australia (http://www.rrr.org.au). Visit our website for more information (http://www.rrr.org.au/program/einstein-a-go-go/). --tg Speech --ta Triple R --tl Triple R /srv/mm/3rrr/work22Sep/Einstein-A-Go-Go-20240922.wav /srv/mm/3rrr/work22Sep/Einstein-A-Go-Go-20240922.mp3
2024-09-22 12:09:32,321	INFO	Removing stale latest directory /srv/mm/3rrr/latest/ENS/
2024-09-22 12:09:32,325	INFO	Copy the ENS show files to show and latest folders
2024-09-22 12:09:38,050	INFO	Local web server publishing of files started
2024-09-22 12:09:39,125	INFO	Removing old file /var/www/eagg/files/Einstein-A-Go-Go-20240908.mp3
2024-09-22 12:09:39,241	INFO	Removing old file /var/www/eagg/files/ENS08Sep24.log
2024-09-22 12:09:39,241	INFO	Delete local web server archive file /var/www/eagg/files/archive/Einstein-A-Go-Go-20240728.mp3
2024-09-22 12:09:39,313	INFO	Removing old file /var/www/eagg/files/archive/Einstein-A-Go-Go-20240728.mp3
2024-09-22 12:09:39,314	INFO	Github publishing of files started
