2024-06-23 11:00:15,044	INFO	Start main routine for show ENS23Jun24
2024-06-23 11:00:15,045	INFO	Removing old working directory /srv/mm/3rrr/work16Jun
2024-06-23 11:00:15,059	INFO	Removing old show directory /srv/mm/3rrr/show16Jun
2024-06-23 11:00:15,241	INFO	mplayer cmd: mplayer -endpos 01:02:00 -quiet -nocache -vo null -vc dummy -ao pcm:waveheader:file=/srv/mm/3rrr/work23Jun/ENS23Jun24.wav_1.wav http://realtime.rrr.org.au/p1h
2024-06-23 11:00:15,313	INFO	waiting for mplayer to start, count:0
2024-06-23 11:00:16,323	INFO	waiting for mplayer to create the wav file, count:0
2024-06-23 11:00:17,325	INFO	waiting for the wav file to grow, size:0
2024-06-23 11:00:18,326	INFO	waiting for the wav file to grow, size:1835008
2024-06-23 11:00:19,344	INFO	sampling rate is 44100
2024-06-23 11:00:19,345	INFO	Status info: rc is 1  runtime is 0  remtime is 3720   fsize is 2162688
2024-06-23 12:02:23,067	INFO	Show ENS remaining time: 0
2024-06-23 12:02:28,070	INFO	sox cmd: sox /srv/mm/3rrr/work23Jun/ENS23Jun24.wav_1.wav /srv/mm/3rrr/work23Jun/ENS23Jun24.wav
2024-06-23 12:03:16,156	INFO	sox cmd: sox /srv/mm/3rrr/work23Jun/ENS23Jun24.wav -c1 -b16 /srv/mm/3rrr/work23Jun/Einstein-A-Go-Go-20240623.wav_mon.wav
2024-06-23 12:03:49,251	INFO	sox cmd: sox /srv/mm/3rrr/work23Jun/Einstein-A-Go-Go-20240623.wav /srv/mm/3rrr/work23Jun/Einstein-A-Go-Go-20240623.wav_loud.wav compand 0.01,1 -90,-90,-70,-70,-60,-20,0,0 -5
2024-06-23 12:04:10,608	INFO	lame cmd: lame --quiet -b 320 --add-id3v2 --ty 2024 --tt Einstein A Go Go - 23 June 2024 --tc Einstein A Go Go can be heard every Sunday at 11.00am on 3RRR FM 102.7 MHz in Melbourne, Australia (http://www.rrr.org.au). Visit our website for more information (http://www.rrr.org.au/program/einstein-a-go-go/). --tg Podcast --ta Einstein A Go Go --tl Triple R FM /srv/mm/3rrr/work23Jun/ENS23Jun24.wav /srv/mm/3rrr/work23Jun/ENS23Jun24.mp3
2024-06-23 12:07:45,819	INFO	lame cmd: lame --quiet --preset 64 --add-id3v2 --ty 2024 --tt Einstein A Go Go - 23 June 2024 --tc Einstein A Go Go can be heard every Sunday at 11.00am on 3RRR FM 102.7 MHz in Melbourne, Australia (http://www.rrr.org.au). Visit our website for more information (http://www.rrr.org.au/program/einstein-a-go-go/). --tg Speech --ta Triple R --tl Triple R /srv/mm/3rrr/work23Jun/Einstein-A-Go-Go-20240623.wav /srv/mm/3rrr/work23Jun/Einstein-A-Go-Go-20240623.mp3
2024-06-23 12:09:32,012	INFO	Removing stale latest directory /srv/mm/3rrr/latest/ENS/
2024-06-23 12:09:32,016	INFO	Copy the ENS show files to show and latest folders
2024-06-23 12:09:38,155	INFO	Local web server publishing of files started
2024-06-23 12:09:39,294	INFO	Delete local web server archive file /var/www/eagg/files/archive/Einstein-A-Go-Go-20240428.mp3
2024-06-23 12:09:39,294	INFO	Github publishing of files started
