2024-07-21 11:00:03,754	INFO	Start main routine for show ENS21Jul24
2024-07-21 11:00:03,755	INFO	Removing old working directory /srv/mm/3rrr/work14Jul
2024-07-21 11:00:03,811	INFO	Removing old show directory /srv/mm/3rrr/show14Jul
2024-07-21 11:00:03,943	INFO	mplayer cmd: mplayer -endpos 01:02:00 -quiet -nocache -vo null -vc dummy -ao pcm:waveheader:file=/srv/mm/3rrr/work21Jul/ENS21Jul24.wav_1.wav http://realtime.rrr.org.au/p1h
2024-07-21 11:00:04,016	INFO	waiting for mplayer to start, count:0
2024-07-21 11:00:05,027	INFO	waiting for mplayer to create the wav file, count:0
2024-07-21 11:00:06,029	INFO	waiting for the wav file to grow, size:0
2024-07-21 11:00:07,030	INFO	waiting for the wav file to grow, size:1703936
2024-07-21 11:00:08,048	INFO	sampling rate is 44100
2024-07-21 11:00:08,048	INFO	Status info: rc is 1  runtime is 0  remtime is 3720   fsize is 2097152
2024-07-21 12:02:11,770	INFO	Show ENS remaining time: 0
2024-07-21 12:02:16,777	INFO	sox cmd: sox /srv/mm/3rrr/work21Jul/ENS21Jul24.wav_1.wav /srv/mm/3rrr/work21Jul/ENS21Jul24.wav
2024-07-21 12:03:04,240	INFO	sox cmd: sox /srv/mm/3rrr/work21Jul/ENS21Jul24.wav -c1 -b16 /srv/mm/3rrr/work21Jul/Einstein-A-Go-Go-20240721.wav_mon.wav
2024-07-21 12:03:38,524	INFO	sox cmd: sox /srv/mm/3rrr/work21Jul/Einstein-A-Go-Go-20240721.wav /srv/mm/3rrr/work21Jul/Einstein-A-Go-Go-20240721.wav_loud.wav compand 0.01,1 -90,-90,-70,-70,-60,-20,0,0 -5
2024-07-21 12:03:59,926	INFO	lame cmd: lame --quiet -b 320 --add-id3v2 --ty 2024 --tt Einstein A Go Go - 21 July 2024 --tc Einstein A Go Go can be heard every Sunday at 11.00am on 3RRR FM 102.7 MHz in Melbourne, Australia (http://www.rrr.org.au). Visit our website for more information (http://www.rrr.org.au/program/einstein-a-go-go/). --tg Podcast --ta Einstein A Go Go --tl Triple R FM /srv/mm/3rrr/work21Jul/ENS21Jul24.wav /srv/mm/3rrr/work21Jul/ENS21Jul24.mp3
2024-07-21 12:07:37,440	INFO	lame cmd: lame --quiet --preset 64 --add-id3v2 --ty 2024 --tt Einstein A Go Go - 21 July 2024 --tc Einstein A Go Go can be heard every Sunday at 11.00am on 3RRR FM 102.7 MHz in Melbourne, Australia (http://www.rrr.org.au). Visit our website for more information (http://www.rrr.org.au/program/einstein-a-go-go/). --tg Speech --ta Triple R --tl Triple R /srv/mm/3rrr/work21Jul/Einstein-A-Go-Go-20240721.wav /srv/mm/3rrr/work21Jul/Einstein-A-Go-Go-20240721.mp3
2024-07-21 12:09:24,436	INFO	Removing stale latest directory /srv/mm/3rrr/latest/ENS/
2024-07-21 12:09:24,439	INFO	Copy the ENS show files to show and latest folders
2024-07-21 12:09:30,930	INFO	Local web server publishing of files started
2024-07-21 12:09:32,512	INFO	Removing old file /var/www/eagg/files/Einstein-A-Go-Go-20240707.mp3
2024-07-21 12:09:32,514	INFO	Removing old file /var/www/eagg/files/ENS07Jul24.log
2024-07-21 12:09:32,515	INFO	Delete local web server archive file /var/www/eagg/files/archive/Einstein-A-Go-Go-20240526.mp3
2024-07-21 12:09:32,515	INFO	Github publishing of files started
