2025-01-26 11:00:01,420	INFO	Start main routine for show ENS26Jan25
2025-01-26 11:00:01,421	INFO	Removing old working directory /srv/mm/3rrr/work19Jan
2025-01-26 11:00:01,440	INFO	Removing old show directory /srv/mm/3rrr/show19Jan
2025-01-26 11:00:01,621	INFO	mplayer cmd: mplayer -endpos 01:02:00 -quiet -nocache -vo null -vc dummy -ao pcm:waveheader:file=/srv/mm/3rrr/work26Jan/ENS26Jan25.wav_1.wav http://realtime.rrr.org.au/p1h
2025-01-26 11:00:01,635	INFO	waiting for mplayer to start, count:0
2025-01-26 11:00:02,653	INFO	waiting for mplayer to create the wav file, count:0
2025-01-26 11:00:03,654	INFO	waiting for the wav file to grow, size:0
2025-01-26 11:00:04,655	INFO	waiting for the wav file to grow, size:1638400
2025-01-26 11:00:05,663	INFO	sampling rate is 44100
2025-01-26 11:00:05,663	INFO	Status info: rc is 1  runtime is 0  remtime is 3720   fsize is 2031616
2025-01-26 11:52:58,853	CRITICAL	ALERT: Wave file is not increasing in size
2025-01-26 11:52:58,863	INFO	Show ENS remaining time: 543
2025-01-26 11:53:03,877	INFO	mplayer cmd: mplayer -endpos 00:09:03 -quiet -nocache -vo null -vc dummy -ao pcm:waveheader:file=/srv/mm/3rrr/work26Jan/ENS26Jan25.wav_2.wav http://realtime.rrr.org.au/p1h
2025-01-26 11:53:03,887	INFO	waiting for mplayer to create the wav file, count:0
2025-01-26 11:53:04,888	INFO	waiting for the wav file to grow, size:0
2025-01-26 11:53:05,889	INFO	waiting for the wav file to grow, size:1835008
2025-01-26 11:53:06,895	INFO	sampling rate is 44100
2025-01-26 11:53:06,896	INFO	Status info: rc is 1  runtime is 0  remtime is 543   fsize is 2162688
2025-01-26 12:02:12,443	INFO	Show ENS remaining time: 0
2025-01-26 12:02:17,448	INFO	sox cmd: sox /srv/mm/3rrr/work26Jan/ENS26Jan25.wav_1.wav /srv/mm/3rrr/work26Jan/ENS26Jan25.wav_2.wav /srv/mm/3rrr/work26Jan/ENS26Jan25.wav
2025-01-26 12:03:05,307	INFO	sox cmd: sox /srv/mm/3rrr/work26Jan/ENS26Jan25.wav -c1 -b16 /srv/mm/3rrr/work26Jan/Einstein-A-Go-Go-20250126.wav_mon.wav
2025-01-26 12:03:38,192	INFO	sox cmd: sox /srv/mm/3rrr/work26Jan/Einstein-A-Go-Go-20250126.wav /srv/mm/3rrr/work26Jan/Einstein-A-Go-Go-20250126.wav_loud.wav compand 0.01,1 -90,-90,-70,-70,-60,-20,0,0 -5
2025-01-26 12:03:59,720	INFO	lame cmd: lame --quiet -b 320 --add-id3v2 --ty 2025 --tt Einstein A Go Go - 26 January 2025 --tc Einstein A Go Go can be heard every Sunday at 11.00am on 3RRR FM 102.7 MHz in Melbourne, Australia (http://www.rrr.org.au). Visit our website for more information (http://www.rrr.org.au/program/einstein-a-go-go/). --tg Podcast --ta Einstein A Go Go --tl Triple R FM /srv/mm/3rrr/work26Jan/ENS26Jan25.wav /srv/mm/3rrr/work26Jan/ENS26Jan25.mp3
2025-01-26 12:07:33,832	INFO	lame cmd: lame --quiet --preset 64 --add-id3v2 --ty 2025 --tt Einstein A Go Go - 26 January 2025 --tc Einstein A Go Go can be heard every Sunday at 11.00am on 3RRR FM 102.7 MHz in Melbourne, Australia (http://www.rrr.org.au). Visit our website for more information (http://www.rrr.org.au/program/einstein-a-go-go/). --tg Speech --ta Triple R --tl Triple R /srv/mm/3rrr/work26Jan/Einstein-A-Go-Go-20250126.wav /srv/mm/3rrr/work26Jan/Einstein-A-Go-Go-20250126.mp3
2025-01-26 12:09:24,117	INFO	Removing stale latest directory /srv/mm/3rrr/latest/ENS/
2025-01-26 12:09:24,122	INFO	Copy the ENS show files to show and latest folders
2025-01-26 12:09:29,594	INFO	Local web server publishing of files started
2025-01-26 12:09:30,770	INFO	Removing old file /var/www/eagg/files/Einstein-A-Go-Go-20250112.mp3
2025-01-26 12:09:30,782	INFO	Removing old file /var/www/eagg/files/ENS12Jan25.log
2025-01-26 12:09:30,782	INFO	Delete local web server archive file /var/www/eagg/files/archive/Einstein-A-Go-Go-20241201.mp3
2025-01-26 12:09:30,782	INFO	Removing old file /var/www/eagg/files/archive/Einstein-A-Go-Go-20241201.mp3
2025-01-26 12:09:30,868	INFO	Github publishing of files started
