2024-10-20 11:00:15,018	INFO	Start main routine for show ENS20Oct24
2024-10-20 11:00:15,019	INFO	Removing old working directory /srv/mm/3rrr/work13Oct
2024-10-20 11:00:15,034	INFO	Removing old show directory /srv/mm/3rrr/show13Oct
2024-10-20 11:00:15,147	INFO	mplayer cmd: mplayer -endpos 01:02:00 -quiet -nocache -vo null -vc dummy -ao pcm:waveheader:file=/srv/mm/3rrr/work20Oct/ENS20Oct24.wav_1.wav http://realtime.rrr.org.au/p1h
2024-10-20 11:00:15,218	INFO	waiting for mplayer to start, count:0
2024-10-20 11:00:16,229	INFO	waiting for mplayer to create the wav file, count:0
2024-10-20 11:00:17,231	INFO	waiting for the wav file to grow, size:0
2024-10-20 11:00:18,232	INFO	waiting for the wav file to grow, size:1900544
2024-10-20 11:00:19,242	INFO	sampling rate is 44100
2024-10-20 11:00:19,243	INFO	Status info: rc is 1  runtime is 0  remtime is 3720   fsize is 2162688
2024-10-20 12:02:22,954	INFO	Show ENS remaining time: 0
2024-10-20 12:02:27,960	INFO	sox cmd: sox /srv/mm/3rrr/work20Oct/ENS20Oct24.wav_1.wav /srv/mm/3rrr/work20Oct/ENS20Oct24.wav
2024-10-20 12:03:15,694	INFO	sox cmd: sox /srv/mm/3rrr/work20Oct/ENS20Oct24.wav -c1 -b16 /srv/mm/3rrr/work20Oct/Einstein-A-Go-Go-20241020.wav_mon.wav
2024-10-20 12:03:49,857	INFO	sox cmd: sox /srv/mm/3rrr/work20Oct/Einstein-A-Go-Go-20241020.wav /srv/mm/3rrr/work20Oct/Einstein-A-Go-Go-20241020.wav_loud.wav compand 0.01,1 -90,-90,-70,-70,-60,-20,0,0 -5
2024-10-20 12:04:11,519	INFO	lame cmd: lame --quiet -b 320 --add-id3v2 --ty 2024 --tt Einstein A Go Go - 20 October 2024 --tc Einstein A Go Go can be heard every Sunday at 11.00am on 3RRR FM 102.7 MHz in Melbourne, Australia (http://www.rrr.org.au). Visit our website for more information (http://www.rrr.org.au/program/einstein-a-go-go/). --tg Podcast --ta Einstein A Go Go --tl Triple R FM /srv/mm/3rrr/work20Oct/ENS20Oct24.wav /srv/mm/3rrr/work20Oct/ENS20Oct24.mp3
2024-10-20 12:07:46,411	INFO	lame cmd: lame --quiet --preset 64 --add-id3v2 --ty 2024 --tt Einstein A Go Go - 20 October 2024 --tc Einstein A Go Go can be heard every Sunday at 11.00am on 3RRR FM 102.7 MHz in Melbourne, Australia (http://www.rrr.org.au). Visit our website for more information (http://www.rrr.org.au/program/einstein-a-go-go/). --tg Speech --ta Triple R --tl Triple R /srv/mm/3rrr/work20Oct/Einstein-A-Go-Go-20241020.wav /srv/mm/3rrr/work20Oct/Einstein-A-Go-Go-20241020.mp3
2024-10-20 12:09:35,013	INFO	Removing stale latest directory /srv/mm/3rrr/latest/ENS/
2024-10-20 12:09:35,019	INFO	Copy the ENS show files to show and latest folders
2024-10-20 12:09:44,254	INFO	Local web server publishing of files started
2024-10-20 12:09:45,038	INFO	Removing old file /var/www/eagg/files/Einstein-A-Go-Go-20241006.mp3
2024-10-20 12:09:45,039	INFO	Removing old file /var/www/eagg/files/ENS06Oct24.log
2024-10-20 12:09:45,040	INFO	Delete local web server archive file /var/www/eagg/files/archive/Einstein-A-Go-Go-20240825.mp3
2024-10-20 12:09:45,040	INFO	Removing old file /var/www/eagg/files/archive/Einstein-A-Go-Go-20240825.mp3
2024-10-20 12:09:45,041	INFO	Github publishing of files started
