2026-04-26 11:00:02,590	INFO	Start main routine for show ENS26Apr26
2026-04-26 11:00:02,590	INFO	Removing old working directory /srv/mm/3rrr/work19Apr
2026-04-26 11:00:02,618	INFO	Removing old show directory /srv/mm/3rrr/show19Apr
2026-04-26 11:00:02,793	INFO	mplayer cmd: mplayer -endpos 01:02:00 -quiet -nocache -vo null -vc dummy -ao pcm:waveheader:file=/srv/mm/3rrr/work26Apr/ENS26Apr26.wav_1.wav http://realtime.rrr.org.au/p1h
2026-04-26 11:00:02,807	INFO	waiting for mplayer to start, count:0
2026-04-26 11:00:03,817	INFO	waiting for mplayer to create the wav file, count:0
2026-04-26 11:00:04,819	INFO	waiting for mplayer to create the wav file, count:1
2026-04-26 11:00:05,820	INFO	waiting for the wav file to grow, size:0
2026-04-26 11:00:06,821	INFO	waiting for the wav file to grow, size:1900544
2026-04-26 11:00:07,841	INFO	sampling rate is 44100
2026-04-26 11:00:07,841	INFO	Status info: rc is 1  runtime is 0  remtime is 3720   fsize is 2228224
2026-04-26 12:02:11,585	INFO	Show ENS remaining time: 0
2026-04-26 12:02:16,592	INFO	sox cmd: sox /srv/mm/3rrr/work26Apr/ENS26Apr26.wav_1.wav /srv/mm/3rrr/work26Apr/ENS26Apr26.wav
2026-04-26 12:03:04,771	INFO	sox cmd: sox /srv/mm/3rrr/work26Apr/ENS26Apr26.wav -c1 -b16 /srv/mm/3rrr/work26Apr/Einstein-A-Go-Go-20260426.wav_mon.wav
2026-04-26 12:03:37,322	INFO	sox cmd: sox /srv/mm/3rrr/work26Apr/Einstein-A-Go-Go-20260426.wav /srv/mm/3rrr/work26Apr/Einstein-A-Go-Go-20260426.wav_loud.wav compand 0.01,1 -90,-90,-70,-70,-60,-20,0,0 -5
2026-04-26 12:04:04,568	INFO	lame cmd: lame --quiet -b 320 --add-id3v2 --ty 2026 --tt Einstein A Go Go - 26 April 2026 --tc Einstein A Go Go can be heard every Sunday at 11.00am on 3RRR FM 102.7 MHz in Melbourne, Australia (http://www.rrr.org.au). Visit our website for more information (http://www.rrr.org.au/program/einstein-a-go-go/). --tg Podcast --ta Einstein A Go Go --tl Triple R FM /srv/mm/3rrr/work26Apr/ENS26Apr26.wav /srv/mm/3rrr/work26Apr/ENS26Apr26.mp3
2026-04-26 12:08:06,613	INFO	lame cmd: lame --quiet --preset 64 --add-id3v2 --ty 2026 --tt Einstein A Go Go - 26 April 2026 --tc Einstein A Go Go can be heard every Sunday at 11.00am on 3RRR FM 102.7 MHz in Melbourne, Australia (http://www.rrr.org.au). Visit our website for more information (http://www.rrr.org.au/program/einstein-a-go-go/). --tg Speech --ta Triple R --tl Triple R /srv/mm/3rrr/work26Apr/Einstein-A-Go-Go-20260426.wav /srv/mm/3rrr/work26Apr/Einstein-A-Go-Go-20260426.mp3
2026-04-26 12:10:15,592	INFO	Removing stale latest directory /srv/mm/3rrr/latest/ENS/
2026-04-26 12:10:15,598	INFO	Copy the ENS show files to show and latest folders
2026-04-26 12:10:21,432	INFO	Local web server publishing of files started
2026-04-26 12:10:22,589	INFO	Removing old file /var/www/eagg/files/Einstein-A-Go-Go-20260412.mp3
2026-04-26 12:10:22,620	INFO	Removing old file /var/www/eagg/files/ENS12Apr26.log
2026-04-26 12:10:22,631	INFO	Delete local web server archive file /var/www/eagg/files/archive/Einstein-A-Go-Go-20260301.mp3
2026-04-26 12:10:22,631	INFO	Removing old file /var/www/eagg/files/archive/Einstein-A-Go-Go-20260301.mp3
2026-04-26 12:10:22,674	INFO	Github publishing of files started
