2026-06-28 11:00:02,515	INFO	Start main routine for show ENS28Jun26
2026-06-28 11:00:02,516	INFO	Removing old working directory /srv/mm/3rrr/work21Jun
2026-06-28 11:00:02,535	INFO	Removing old show directory /srv/mm/3rrr/show21Jun
2026-06-28 11:00:02,694	INFO	mplayer cmd: mplayer -endpos 01:02:00 -quiet -nocache -vo null -vc dummy -ao pcm:waveheader:file=/srv/mm/3rrr/work28Jun/ENS28Jun26.wav_1.wav http://realtime.rrr.org.au/p1h
2026-06-28 11:00:02,773	INFO	waiting for mplayer to start, count:0
2026-06-28 11:00:03,784	INFO	waiting for mplayer to create the wav file, count:0
2026-06-28 11:00:04,785	INFO	waiting for the wav file to grow, size:0
2026-06-28 11:00:05,787	INFO	waiting for the wav file to grow, size:1769472
2026-06-28 11:00:06,794	INFO	sampling rate is 44100
2026-06-28 11:00:06,794	INFO	Status info: rc is 1  runtime is 0  remtime is 3720   fsize is 2228224
2026-06-28 12:02:10,501	INFO	Show ENS remaining time: 0
2026-06-28 12:02:15,507	INFO	sox cmd: sox /srv/mm/3rrr/work28Jun/ENS28Jun26.wav_1.wav /srv/mm/3rrr/work28Jun/ENS28Jun26.wav
2026-06-28 12:03:03,607	INFO	sox cmd: sox /srv/mm/3rrr/work28Jun/ENS28Jun26.wav -c1 -b16 /srv/mm/3rrr/work28Jun/Einstein-A-Go-Go-20260628.wav_mon.wav
2026-06-28 12:03:36,391	INFO	sox cmd: sox /srv/mm/3rrr/work28Jun/Einstein-A-Go-Go-20260628.wav /srv/mm/3rrr/work28Jun/Einstein-A-Go-Go-20260628.wav_loud.wav compand 0.01,1 -90,-90,-70,-70,-60,-20,0,0 -5
2026-06-28 12:04:03,304	INFO	lame cmd: lame --quiet -b 320 --add-id3v2 --ty 2026 --tt Einstein A Go Go - 28 June 2026 --tc Einstein A Go Go can be heard every Sunday at 11.00am on 3RRR FM 102.7 MHz in Melbourne, Australia (http://www.rrr.org.au). Visit our website for more information (http://www.rrr.org.au/program/einstein-a-go-go/). --tg Podcast --ta Einstein A Go Go --tl Triple R FM /srv/mm/3rrr/work28Jun/ENS28Jun26.wav /srv/mm/3rrr/work28Jun/ENS28Jun26.mp3
2026-06-28 12:08:07,222	INFO	lame cmd: lame --quiet --preset 64 --add-id3v2 --ty 2026 --tt Einstein A Go Go - 28 June 2026 --tc Einstein A Go Go can be heard every Sunday at 11.00am on 3RRR FM 102.7 MHz in Melbourne, Australia (http://www.rrr.org.au). Visit our website for more information (http://www.rrr.org.au/program/einstein-a-go-go/). --tg Speech --ta Triple R --tl Triple R /srv/mm/3rrr/work28Jun/Einstein-A-Go-Go-20260628.wav /srv/mm/3rrr/work28Jun/Einstein-A-Go-Go-20260628.mp3
2026-06-28 12:10:15,384	INFO	Removing stale latest directory /srv/mm/3rrr/latest/ENS/
2026-06-28 12:10:15,392	INFO	Copy the ENS show files to show and latest folders
2026-06-28 12:10:20,887	INFO	Local web server publishing of files started
2026-06-28 12:10:22,623	INFO	Removing old file /var/www/eagg/files/Einstein-A-Go-Go-20260614.mp3
2026-06-28 12:10:22,655	INFO	Removing old file /var/www/eagg/files/ENS14Jun26.log
2026-06-28 12:10:22,694	INFO	Delete local web server archive file /var/www/eagg/files/archive/Einstein-A-Go-Go-20260503.mp3
2026-06-28 12:10:22,694	INFO	Removing old file /var/www/eagg/files/archive/Einstein-A-Go-Go-20260503.mp3
2026-06-28 12:10:22,697	INFO	Github publishing of files started
