2026-06-21 11:00:02,633	INFO	Start main routine for show ENS21Jun26
2026-06-21 11:00:02,633	INFO	Removing old working directory /srv/mm/3rrr/work14Jun
2026-06-21 11:00:02,685	INFO	Removing old show directory /srv/mm/3rrr/show14Jun
2026-06-21 11:00:02,868	INFO	mplayer cmd: mplayer -endpos 01:02:00 -quiet -nocache -vo null -vc dummy -ao pcm:waveheader:file=/srv/mm/3rrr/work21Jun/ENS21Jun26.wav_1.wav http://realtime.rrr.org.au/p1h
2026-06-21 11:00:02,881	INFO	waiting for mplayer to start, count:0
2026-06-21 11:00:03,895	INFO	waiting for mplayer to create the wav file, count:0
2026-06-21 11:00:04,897	INFO	waiting for mplayer to create the wav file, count:1
2026-06-21 11:00:05,898	INFO	waiting for the wav file to grow, size:0
2026-06-21 11:00:06,899	INFO	waiting for the wav file to grow, size:1900544
2026-06-21 11:00:07,917	INFO	sampling rate is 44100
2026-06-21 11:00:07,918	INFO	Status info: rc is 1  runtime is 0  remtime is 3720   fsize is 2359296
2026-06-21 12:02:11,717	INFO	Show ENS remaining time: 0
2026-06-21 12:02:16,725	INFO	sox cmd: sox /srv/mm/3rrr/work21Jun/ENS21Jun26.wav_1.wav /srv/mm/3rrr/work21Jun/ENS21Jun26.wav
2026-06-21 12:03:04,013	INFO	sox cmd: sox /srv/mm/3rrr/work21Jun/ENS21Jun26.wav -c1 -b16 /srv/mm/3rrr/work21Jun/Einstein-A-Go-Go-20260621.wav_mon.wav
2026-06-21 12:03:37,312	INFO	sox cmd: sox /srv/mm/3rrr/work21Jun/Einstein-A-Go-Go-20260621.wav /srv/mm/3rrr/work21Jun/Einstein-A-Go-Go-20260621.wav_loud.wav compand 0.01,1 -90,-90,-70,-70,-60,-20,0,0 -5
2026-06-21 12:04:04,892	INFO	lame cmd: lame --quiet -b 320 --add-id3v2 --ty 2026 --tt Einstein A Go Go - 21 June 2026 --tc Einstein A Go Go can be heard every Sunday at 11.00am on 3RRR FM 102.7 MHz in Melbourne, Australia (http://www.rrr.org.au). Visit our website for more information (http://www.rrr.org.au/program/einstein-a-go-go/). --tg Podcast --ta Einstein A Go Go --tl Triple R FM /srv/mm/3rrr/work21Jun/ENS21Jun26.wav /srv/mm/3rrr/work21Jun/ENS21Jun26.mp3
2026-06-21 12:08:13,289	INFO	lame cmd: lame --quiet --preset 64 --add-id3v2 --ty 2026 --tt Einstein A Go Go - 21 June 2026 --tc Einstein A Go Go can be heard every Sunday at 11.00am on 3RRR FM 102.7 MHz in Melbourne, Australia (http://www.rrr.org.au). Visit our website for more information (http://www.rrr.org.au/program/einstein-a-go-go/). --tg Speech --ta Triple R --tl Triple R /srv/mm/3rrr/work21Jun/Einstein-A-Go-Go-20260621.wav /srv/mm/3rrr/work21Jun/Einstein-A-Go-Go-20260621.mp3
2026-06-21 12:10:22,016	INFO	Removing stale latest directory /srv/mm/3rrr/latest/ENS/
2026-06-21 12:10:22,020	INFO	Copy the ENS show files to show and latest folders
2026-06-21 12:10:28,107	INFO	Local web server publishing of files started
2026-06-21 12:10:29,286	INFO	Removing old file /var/www/eagg/files/Einstein-A-Go-Go-20260607.mp3
2026-06-21 12:10:29,335	INFO	Removing old file /var/www/eagg/files/ENS07Jun26.log
2026-06-21 12:10:29,408	INFO	Delete local web server archive file /var/www/eagg/files/archive/Einstein-A-Go-Go-20260426.mp3
2026-06-21 12:10:29,408	INFO	Removing old file /var/www/eagg/files/archive/Einstein-A-Go-Go-20260426.mp3
2026-06-21 12:10:29,585	INFO	Github publishing of files started
