2025-07-27 11:00:09,617	INFO	Start main routine for show ENS27Jul25
2025-07-27 11:00:09,618	INFO	Removing old working directory /srv/mm/3rrr/work20Jul
2025-07-27 11:00:09,639	INFO	Removing old show directory /srv/mm/3rrr/show20Jul
2025-07-27 11:00:09,814	INFO	mplayer cmd: mplayer -endpos 01:02:00 -quiet -nocache -vo null -vc dummy -ao pcm:waveheader:file=/srv/mm/3rrr/work27Jul/ENS27Jul25.wav_1.wav http://realtime.rrr.org.au/p1h
2025-07-27 11:00:09,825	INFO	waiting for mplayer to create the wav file, count:0
2025-07-27 11:00:10,826	INFO	waiting for the wav file to grow, size:0
2025-07-27 11:00:11,827	INFO	waiting for the wav file to grow, size:1703936
2025-07-27 11:00:12,834	INFO	sampling rate is 44100
2025-07-27 11:00:12,834	INFO	Status info: rc is 1  runtime is 0  remtime is 3720   fsize is 2031616
2025-07-27 12:02:16,656	INFO	Show ENS remaining time: 0
2025-07-27 12:02:21,667	INFO	sox cmd: sox /srv/mm/3rrr/work27Jul/ENS27Jul25.wav_1.wav /srv/mm/3rrr/work27Jul/ENS27Jul25.wav
2025-07-27 12:03:08,905	INFO	sox cmd: sox /srv/mm/3rrr/work27Jul/ENS27Jul25.wav -c1 -b16 /srv/mm/3rrr/work27Jul/Einstein-A-Go-Go-20250727.wav_mon.wav
2025-07-27 12:03:42,376	INFO	sox cmd: sox /srv/mm/3rrr/work27Jul/Einstein-A-Go-Go-20250727.wav /srv/mm/3rrr/work27Jul/Einstein-A-Go-Go-20250727.wav_loud.wav compand 0.01,1 -90,-90,-70,-70,-60,-20,0,0 -5
2025-07-27 12:04:03,610	INFO	lame cmd: lame --quiet -b 320 --add-id3v2 --ty 2025 --tt Einstein A Go Go - 27 July 2025 --tc Einstein A Go Go can be heard every Sunday at 11.00am on 3RRR FM 102.7 MHz in Melbourne, Australia (http://www.rrr.org.au). Visit our website for more information (http://www.rrr.org.au/program/einstein-a-go-go/). --tg Podcast --ta Einstein A Go Go --tl Triple R FM /srv/mm/3rrr/work27Jul/ENS27Jul25.wav /srv/mm/3rrr/work27Jul/ENS27Jul25.mp3
2025-07-27 12:07:42,708	INFO	lame cmd: lame --quiet --preset 64 --add-id3v2 --ty 2025 --tt Einstein A Go Go - 27 July 2025 --tc Einstein A Go Go can be heard every Sunday at 11.00am on 3RRR FM 102.7 MHz in Melbourne, Australia (http://www.rrr.org.au). Visit our website for more information (http://www.rrr.org.au/program/einstein-a-go-go/). --tg Speech --ta Triple R --tl Triple R /srv/mm/3rrr/work27Jul/Einstein-A-Go-Go-20250727.wav /srv/mm/3rrr/work27Jul/Einstein-A-Go-Go-20250727.mp3
2025-07-27 12:09:31,745	INFO	Removing stale latest directory /srv/mm/3rrr/latest/ENS/
2025-07-27 12:09:31,751	INFO	Copy the ENS show files to show and latest folders
2025-07-27 12:09:37,602	INFO	Local web server publishing of files started
2025-07-27 12:09:38,832	INFO	Removing old file /var/www/eagg/files/Einstein-A-Go-Go-20250713.mp3
2025-07-27 12:09:38,873	INFO	Removing old file /var/www/eagg/files/ENS13Jul25.log
2025-07-27 12:09:38,890	INFO	Delete local web server archive file /var/www/eagg/files/archive/Einstein-A-Go-Go-20250601.mp3
2025-07-27 12:09:38,890	INFO	Removing old file /var/www/eagg/files/archive/Einstein-A-Go-Go-20250601.mp3
2025-07-27 12:09:38,901	INFO	Github publishing of files started
