2025-06-22 11:00:09,544	INFO	Start main routine for show ENS22Jun25
2025-06-22 11:00:09,544	INFO	Removing old working directory /srv/mm/3rrr/work15Jun
2025-06-22 11:00:09,567	INFO	Removing old show directory /srv/mm/3rrr/show15Jun
2025-06-22 11:00:09,733	INFO	mplayer cmd: mplayer -endpos 01:02:00 -quiet -nocache -vo null -vc dummy -ao pcm:waveheader:file=/srv/mm/3rrr/work22Jun/ENS22Jun25.wav_1.wav http://realtime.rrr.org.au/p1h
2025-06-22 11:00:09,744	INFO	waiting for mplayer to start, count:0
2025-06-22 11:00:10,816	INFO	waiting for mplayer to create the wav file, count:0
2025-06-22 11:00:11,818	INFO	waiting for the wav file to grow, size:0
2025-06-22 11:00:12,836	INFO	sampling rate is 44100
2025-06-22 11:00:12,837	INFO	Status info: rc is 1  runtime is 0  remtime is 3720   fsize is 1966080
2025-06-22 12:02:16,622	INFO	Show ENS remaining time: 0
2025-06-22 12:02:21,630	INFO	sox cmd: sox /srv/mm/3rrr/work22Jun/ENS22Jun25.wav_1.wav /srv/mm/3rrr/work22Jun/ENS22Jun25.wav
2025-06-22 12:03:09,468	INFO	sox cmd: sox /srv/mm/3rrr/work22Jun/ENS22Jun25.wav -c1 -b16 /srv/mm/3rrr/work22Jun/Einstein-A-Go-Go-20250622.wav_mon.wav
2025-06-22 12:03:41,821	INFO	sox cmd: sox /srv/mm/3rrr/work22Jun/Einstein-A-Go-Go-20250622.wav /srv/mm/3rrr/work22Jun/Einstein-A-Go-Go-20250622.wav_loud.wav compand 0.01,1 -90,-90,-70,-70,-60,-20,0,0 -5
2025-06-22 12:04:03,238	INFO	lame cmd: lame --quiet -b 320 --add-id3v2 --ty 2025 --tt Einstein A Go Go - 22 June 2025 --tc Einstein A Go Go can be heard every Sunday at 11.00am on 3RRR FM 102.7 MHz in Melbourne, Australia (http://www.rrr.org.au). Visit our website for more information (http://www.rrr.org.au/program/einstein-a-go-go/). --tg Podcast --ta Einstein A Go Go --tl Triple R FM /srv/mm/3rrr/work22Jun/ENS22Jun25.wav /srv/mm/3rrr/work22Jun/ENS22Jun25.mp3
2025-06-22 12:07:40,831	INFO	lame cmd: lame --quiet --preset 64 --add-id3v2 --ty 2025 --tt Einstein A Go Go - 22 June 2025 --tc Einstein A Go Go can be heard every Sunday at 11.00am on 3RRR FM 102.7 MHz in Melbourne, Australia (http://www.rrr.org.au). Visit our website for more information (http://www.rrr.org.au/program/einstein-a-go-go/). --tg Speech --ta Triple R --tl Triple R /srv/mm/3rrr/work22Jun/Einstein-A-Go-Go-20250622.wav /srv/mm/3rrr/work22Jun/Einstein-A-Go-Go-20250622.mp3
2025-06-22 12:09:29,320	INFO	Removing stale latest directory /srv/mm/3rrr/latest/ENS/
2025-06-22 12:09:29,330	INFO	Copy the ENS show files to show and latest folders
2025-06-22 12:09:35,986	INFO	Local web server publishing of files started
2025-06-22 12:09:36,633	INFO	Removing old file /var/www/eagg/files/Einstein-A-Go-Go-20250608.mp3
2025-06-22 12:09:36,659	INFO	Removing old file /var/www/eagg/files/ENS08Jun25.log
2025-06-22 12:09:36,686	INFO	Delete local web server archive file /var/www/eagg/files/archive/Einstein-A-Go-Go-20250427.mp3
2025-06-22 12:09:36,686	INFO	Removing old file /var/www/eagg/files/archive/Einstein-A-Go-Go-20250427.mp3
2025-06-22 12:09:36,806	INFO	Github publishing of files started
