2025-10-26 11:00:13,296	INFO	Start main routine for show ENS26Oct25
2025-10-26 11:00:13,297	INFO	Removing old working directory /srv/mm/3rrr/work19Oct
2025-10-26 11:00:13,327	INFO	Removing old show directory /srv/mm/3rrr/show19Oct
2025-10-26 11:00:13,490	INFO	mplayer cmd: mplayer -endpos 01:02:00 -quiet -nocache -vo null -vc dummy -ao pcm:waveheader:file=/srv/mm/3rrr/work26Oct/ENS26Oct25.wav_1.wav http://realtime.rrr.org.au/p1h
2025-10-26 11:00:13,505	INFO	waiting for mplayer to start, count:0
2025-10-26 11:00:14,520	INFO	waiting for mplayer to create the wav file, count:0
2025-10-26 11:00:15,521	INFO	waiting for mplayer to create the wav file, count:1
2025-10-26 11:00:16,522	INFO	waiting for the wav file to grow, size:0
2025-10-26 11:00:17,524	INFO	waiting for the wav file to grow, size:1245184
2025-10-26 11:00:18,525	INFO	waiting for the wav file to grow, size:1507328
2025-10-26 11:00:19,526	INFO	waiting for the wav file to grow, size:1638400
2025-10-26 11:00:20,528	INFO	waiting for the wav file to grow, size:1638400
2025-10-26 11:00:21,529	INFO	waiting for the wav file to grow, size:1638400
2025-10-26 11:00:22,530	INFO	waiting for the wav file to grow, size:1638400
2025-10-26 11:00:23,548	INFO	sampling rate is 44100
2025-10-26 11:00:23,548	INFO	Status info: rc is 1  runtime is 0  remtime is 3720   fsize is 2883584
2025-10-26 12:02:27,328	INFO	Show ENS remaining time: 0
2025-10-26 12:02:32,335	INFO	sox cmd: sox /srv/mm/3rrr/work26Oct/ENS26Oct25.wav_1.wav /srv/mm/3rrr/work26Oct/ENS26Oct25.wav
2025-10-26 12:03:21,349	INFO	sox cmd: sox /srv/mm/3rrr/work26Oct/ENS26Oct25.wav -c1 -b16 /srv/mm/3rrr/work26Oct/Einstein-A-Go-Go-20251026.wav_mon.wav
2025-10-26 12:03:53,313	INFO	sox cmd: sox /srv/mm/3rrr/work26Oct/Einstein-A-Go-Go-20251026.wav /srv/mm/3rrr/work26Oct/Einstein-A-Go-Go-20251026.wav_loud.wav compand 0.01,1 -90,-90,-70,-70,-60,-20,0,0 -5
2025-10-26 12:04:20,769	INFO	lame cmd: lame --quiet -b 320 --add-id3v2 --ty 2025 --tt Einstein A Go Go - 26 October 2025 --tc Einstein A Go Go can be heard every Sunday at 11.00am on 3RRR FM 102.7 MHz in Melbourne, Australia (http://www.rrr.org.au). Visit our website for more information (http://www.rrr.org.au/program/einstein-a-go-go/). --tg Podcast --ta Einstein A Go Go --tl Triple R FM /srv/mm/3rrr/work26Oct/ENS26Oct25.wav /srv/mm/3rrr/work26Oct/ENS26Oct25.mp3
2025-10-26 12:08:25,925	INFO	lame cmd: lame --quiet --preset 64 --add-id3v2 --ty 2025 --tt Einstein A Go Go - 26 October 2025 --tc Einstein A Go Go can be heard every Sunday at 11.00am on 3RRR FM 102.7 MHz in Melbourne, Australia (http://www.rrr.org.au). Visit our website for more information (http://www.rrr.org.au/program/einstein-a-go-go/). --tg Speech --ta Triple R --tl Triple R /srv/mm/3rrr/work26Oct/Einstein-A-Go-Go-20251026.wav /srv/mm/3rrr/work26Oct/Einstein-A-Go-Go-20251026.mp3
2025-10-26 12:10:36,888	INFO	Removing stale latest directory /srv/mm/3rrr/latest/ENS/
2025-10-26 12:10:36,891	INFO	Copy the ENS show files to show and latest folders
2025-10-26 12:10:42,791	INFO	Local web server publishing of files started
2025-10-26 12:10:43,738	INFO	Removing old file /var/www/eagg/files/Einstein-A-Go-Go-20251012.mp3
2025-10-26 12:10:43,741	INFO	Removing old file /var/www/eagg/files/ENS12Oct25.log
2025-10-26 12:10:43,741	INFO	Delete local web server archive file /var/www/eagg/files/archive/Einstein-A-Go-Go-20250831.mp3
2025-10-26 12:10:43,741	INFO	Removing old file /var/www/eagg/files/archive/Einstein-A-Go-Go-20250831.mp3
2025-10-26 12:10:43,803	INFO	Github publishing of files started
