2024-07-28 11:00:11,117	INFO	Start main routine for show ENS28Jul24
2024-07-28 11:00:11,117	INFO	Removing old working directory /srv/mm/3rrr/work21Jul
2024-07-28 11:00:11,135	INFO	Removing old show directory /srv/mm/3rrr/show21Jul
2024-07-28 11:00:11,312	INFO	mplayer cmd: mplayer -endpos 01:02:00 -quiet -nocache -vo null -vc dummy -ao pcm:waveheader:file=/srv/mm/3rrr/work28Jul/ENS28Jul24.wav_1.wav http://realtime.rrr.org.au/p1h
2024-07-28 11:00:11,323	INFO	waiting for mplayer to start, count:0
2024-07-28 11:00:12,334	INFO	waiting for mplayer to create the wav file, count:0
2024-07-28 11:00:13,335	INFO	waiting for the wav file to grow, size:0
2024-07-28 11:00:14,342	INFO	sampling rate is 44100
2024-07-28 11:00:14,342	INFO	Status info: rc is 1  runtime is 0  remtime is 3720   fsize is 1966080
2024-07-28 12:02:18,084	INFO	Show ENS remaining time: 0
2024-07-28 12:02:23,090	INFO	sox cmd: sox /srv/mm/3rrr/work28Jul/ENS28Jul24.wav_1.wav /srv/mm/3rrr/work28Jul/ENS28Jul24.wav
2024-07-28 12:03:10,553	INFO	sox cmd: sox /srv/mm/3rrr/work28Jul/ENS28Jul24.wav -c1 -b16 /srv/mm/3rrr/work28Jul/Einstein-A-Go-Go-20240728.wav_mon.wav
2024-07-28 12:03:44,526	INFO	sox cmd: sox /srv/mm/3rrr/work28Jul/Einstein-A-Go-Go-20240728.wav /srv/mm/3rrr/work28Jul/Einstein-A-Go-Go-20240728.wav_loud.wav compand 0.01,1 -90,-90,-70,-70,-60,-20,0,0 -5
2024-07-28 12:04:06,269	INFO	lame cmd: lame --quiet -b 320 --add-id3v2 --ty 2024 --tt Einstein A Go Go - 28 July 2024 --tc Einstein A Go Go can be heard every Sunday at 11.00am on 3RRR FM 102.7 MHz in Melbourne, Australia (http://www.rrr.org.au). Visit our website for more information (http://www.rrr.org.au/program/einstein-a-go-go/). --tg Podcast --ta Einstein A Go Go --tl Triple R FM /srv/mm/3rrr/work28Jul/ENS28Jul24.wav /srv/mm/3rrr/work28Jul/ENS28Jul24.mp3
2024-07-28 12:07:40,033	INFO	lame cmd: lame --quiet --preset 64 --add-id3v2 --ty 2024 --tt Einstein A Go Go - 28 July 2024 --tc Einstein A Go Go can be heard every Sunday at 11.00am on 3RRR FM 102.7 MHz in Melbourne, Australia (http://www.rrr.org.au). Visit our website for more information (http://www.rrr.org.au/program/einstein-a-go-go/). --tg Speech --ta Triple R --tl Triple R /srv/mm/3rrr/work28Jul/Einstein-A-Go-Go-20240728.wav /srv/mm/3rrr/work28Jul/Einstein-A-Go-Go-20240728.mp3
2024-07-28 12:09:27,716	INFO	Removing stale latest directory /srv/mm/3rrr/latest/ENS/
2024-07-28 12:09:27,719	INFO	Copy the ENS show files to show and latest folders
2024-07-28 12:09:35,658	INFO	Local web server publishing of files started
2024-07-28 12:09:37,289	INFO	Removing old file /var/www/eagg/files/Einstein-A-Go-Go-20240714.mp3
2024-07-28 12:09:37,328	INFO	Removing old file /var/www/eagg/files/ENS14Jul24.log
2024-07-28 12:09:37,328	INFO	Delete local web server archive file /var/www/eagg/files/archive/Einstein-A-Go-Go-20240602.mp3
2024-07-28 12:09:37,328	INFO	Github publishing of files started
