2025-03-23 11:00:02,920	INFO	Start main routine for show ENS23Mar25
2025-03-23 11:00:02,920	INFO	Removing old working directory /srv/mm/3rrr/work16Mar
2025-03-23 11:00:02,953	INFO	Removing old show directory /srv/mm/3rrr/show16Mar
2025-03-23 11:00:03,138	INFO	mplayer cmd: mplayer -endpos 01:02:00 -quiet -nocache -vo null -vc dummy -ao pcm:waveheader:file=/srv/mm/3rrr/work23Mar/ENS23Mar25.wav_1.wav http://realtime.rrr.org.au/p1h
2025-03-23 11:00:03,150	INFO	waiting for mplayer to create the wav file, count:0
2025-03-23 11:00:04,208	INFO	waiting for mplayer to create the wav file, count:1
2025-03-23 11:00:05,210	INFO	waiting for the wav file to grow, size:0
2025-03-23 11:00:06,217	INFO	sampling rate is 44100
2025-03-23 11:00:06,219	INFO	Status info: rc is 1  runtime is 0  remtime is 3720   fsize is 1966080
2025-03-23 12:02:10,009	INFO	Show ENS remaining time: 0
2025-03-23 12:02:15,017	INFO	sox cmd: sox /srv/mm/3rrr/work23Mar/ENS23Mar25.wav_1.wav /srv/mm/3rrr/work23Mar/ENS23Mar25.wav
2025-03-23 12:03:02,758	INFO	sox cmd: sox /srv/mm/3rrr/work23Mar/ENS23Mar25.wav -c1 -b16 /srv/mm/3rrr/work23Mar/Einstein-A-Go-Go-20250323.wav_mon.wav
2025-03-23 12:03:36,382	INFO	sox cmd: sox /srv/mm/3rrr/work23Mar/Einstein-A-Go-Go-20250323.wav /srv/mm/3rrr/work23Mar/Einstein-A-Go-Go-20250323.wav_loud.wav compand 0.01,1 -90,-90,-70,-70,-60,-20,0,0 -5
2025-03-23 12:03:57,866	INFO	lame cmd: lame --quiet -b 320 --add-id3v2 --ty 2025 --tt Einstein A Go Go - 23 March 2025 --tc Einstein A Go Go can be heard every Sunday at 11.00am on 3RRR FM 102.7 MHz in Melbourne, Australia (http://www.rrr.org.au). Visit our website for more information (http://www.rrr.org.au/program/einstein-a-go-go/). --tg Podcast --ta Einstein A Go Go --tl Triple R FM /srv/mm/3rrr/work23Mar/ENS23Mar25.wav /srv/mm/3rrr/work23Mar/ENS23Mar25.mp3
2025-03-23 12:07:37,007	INFO	lame cmd: lame --quiet --preset 64 --add-id3v2 --ty 2025 --tt Einstein A Go Go - 23 March 2025 --tc Einstein A Go Go can be heard every Sunday at 11.00am on 3RRR FM 102.7 MHz in Melbourne, Australia (http://www.rrr.org.au). Visit our website for more information (http://www.rrr.org.au/program/einstein-a-go-go/). --tg Speech --ta Triple R --tl Triple R /srv/mm/3rrr/work23Mar/Einstein-A-Go-Go-20250323.wav /srv/mm/3rrr/work23Mar/Einstein-A-Go-Go-20250323.mp3
2025-03-23 12:09:27,547	INFO	Removing stale latest directory /srv/mm/3rrr/latest/ENS/
2025-03-23 12:09:27,550	INFO	Copy the ENS show files to show and latest folders
2025-03-23 12:09:35,965	INFO	Local web server publishing of files started
2025-03-23 12:09:37,329	INFO	Removing old file /var/www/eagg/files/Einstein-A-Go-Go-20250309.mp3
2025-03-23 12:09:37,329	INFO	Removing old file /var/www/eagg/files/ENS09Mar25.log
2025-03-23 12:09:37,329	INFO	Delete local web server archive file /var/www/eagg/files/archive/Einstein-A-Go-Go-20250126.mp3
2025-03-23 12:09:37,329	INFO	Removing old file /var/www/eagg/files/archive/Einstein-A-Go-Go-20250126.mp3
2025-03-23 12:09:37,388	INFO	Github publishing of files started
