2025-11-23 11:00:05,010	INFO	Start main routine for show ENS23Nov25
2025-11-23 11:00:05,010	INFO	Removing old working directory /srv/mm/3rrr/work16Nov
2025-11-23 11:00:05,032	INFO	Removing old show directory /srv/mm/3rrr/show16Nov
2025-11-23 11:00:05,219	INFO	mplayer cmd: mplayer -endpos 01:02:00 -quiet -nocache -vo null -vc dummy -ao pcm:waveheader:file=/srv/mm/3rrr/work23Nov/ENS23Nov25.wav_1.wav http://realtime.rrr.org.au/p1h
2025-11-23 11:00:05,280	INFO	waiting for mplayer to start, count:0
2025-11-23 11:00:06,370	INFO	waiting for mplayer to create the wav file, count:0
2025-11-23 11:00:07,373	INFO	waiting for mplayer to create the wav file, count:1
2025-11-23 11:00:08,374	INFO	waiting for the wav file to grow, size:0
2025-11-23 11:00:09,393	INFO	sampling rate is 44100
2025-11-23 11:00:09,393	INFO	Status info: rc is 1  runtime is 0  remtime is 3720   fsize is 1966080
2025-11-23 12:02:13,128	INFO	Show ENS remaining time: 0
2025-11-23 12:02:18,134	INFO	sox cmd: sox /srv/mm/3rrr/work23Nov/ENS23Nov25.wav_1.wav /srv/mm/3rrr/work23Nov/ENS23Nov25.wav
2025-11-23 12:03:05,782	INFO	sox cmd: sox /srv/mm/3rrr/work23Nov/ENS23Nov25.wav -c1 -b16 /srv/mm/3rrr/work23Nov/Einstein-A-Go-Go-20251123.wav_mon.wav
2025-11-23 12:03:39,275	INFO	sox cmd: sox /srv/mm/3rrr/work23Nov/Einstein-A-Go-Go-20251123.wav /srv/mm/3rrr/work23Nov/Einstein-A-Go-Go-20251123.wav_loud.wav compand 0.01,1 -90,-90,-70,-70,-60,-20,0,0 -5
2025-11-23 12:04:06,477	INFO	lame cmd: lame --quiet -b 320 --add-id3v2 --ty 2025 --tt Einstein A Go Go - 23 November 2025 --tc Einstein A Go Go can be heard every Sunday at 11.00am on 3RRR FM 102.7 MHz in Melbourne, Australia (http://www.rrr.org.au). Visit our website for more information (http://www.rrr.org.au/program/einstein-a-go-go/). --tg Podcast --ta Einstein A Go Go --tl Triple R FM /srv/mm/3rrr/work23Nov/ENS23Nov25.wav /srv/mm/3rrr/work23Nov/ENS23Nov25.mp3
2025-11-23 12:08:09,972	INFO	lame cmd: lame --quiet --preset 64 --add-id3v2 --ty 2025 --tt Einstein A Go Go - 23 November 2025 --tc Einstein A Go Go can be heard every Sunday at 11.00am on 3RRR FM 102.7 MHz in Melbourne, Australia (http://www.rrr.org.au). Visit our website for more information (http://www.rrr.org.au/program/einstein-a-go-go/). --tg Speech --ta Triple R --tl Triple R /srv/mm/3rrr/work23Nov/Einstein-A-Go-Go-20251123.wav /srv/mm/3rrr/work23Nov/Einstein-A-Go-Go-20251123.mp3
2025-11-23 12:10:16,105	INFO	Removing stale latest directory /srv/mm/3rrr/latest/ENS/
2025-11-23 12:10:16,110	INFO	Copy the ENS show files to show and latest folders
2025-11-23 12:10:22,394	INFO	Local web server publishing of files started
2025-11-23 12:10:23,334	INFO	Removing old file /var/www/eagg/files/Einstein-A-Go-Go-20251109.mp3
2025-11-23 12:10:23,377	INFO	Removing old file /var/www/eagg/files/ENS09Nov25.log
2025-11-23 12:10:23,693	INFO	Delete local web server archive file /var/www/eagg/files/archive/Einstein-A-Go-Go-20250928.mp3
2025-11-23 12:10:23,694	INFO	Removing old file /var/www/eagg/files/archive/Einstein-A-Go-Go-20250928.mp3
2025-11-23 12:10:23,774	INFO	Github publishing of files started
