2024-12-22 11:00:09,932	INFO	Start main routine for show ENS22Dec24
2024-12-22 11:00:09,934	INFO	Removing old working directory /srv/mm/3rrr/work15Dec
2024-12-22 11:00:09,952	INFO	Removing old show directory /srv/mm/3rrr/show15Dec
2024-12-22 11:00:10,132	INFO	mplayer cmd: mplayer -endpos 01:02:00 -quiet -nocache -vo null -vc dummy -ao pcm:waveheader:file=/srv/mm/3rrr/work22Dec/ENS22Dec24.wav_1.wav http://realtime.rrr.org.au/p1h
2024-12-22 11:00:10,210	INFO	waiting for mplayer to start, count:0
2024-12-22 11:00:11,221	INFO	waiting for mplayer to create the wav file, count:0
2024-12-22 11:00:12,223	INFO	waiting for mplayer to create the wav file, count:1
2024-12-22 11:00:13,225	INFO	waiting for the wav file to grow, size:0
2024-12-22 11:00:14,245	INFO	sampling rate is 44100
2024-12-22 11:00:14,245	INFO	Status info: rc is 1  runtime is 0  remtime is 3720   fsize is 1966080
2024-12-22 12:02:18,002	INFO	Show ENS remaining time: 0
2024-12-22 12:02:23,008	INFO	sox cmd: sox /srv/mm/3rrr/work22Dec/ENS22Dec24.wav_1.wav /srv/mm/3rrr/work22Dec/ENS22Dec24.wav
2024-12-22 12:03:11,110	INFO	sox cmd: sox /srv/mm/3rrr/work22Dec/ENS22Dec24.wav -c1 -b16 /srv/mm/3rrr/work22Dec/Einstein-A-Go-Go-20241222.wav_mon.wav
2024-12-22 12:03:44,179	INFO	sox cmd: sox /srv/mm/3rrr/work22Dec/Einstein-A-Go-Go-20241222.wav /srv/mm/3rrr/work22Dec/Einstein-A-Go-Go-20241222.wav_loud.wav compand 0.01,1 -90,-90,-70,-70,-60,-20,0,0 -5
2024-12-22 12:04:05,428	INFO	lame cmd: lame --quiet -b 320 --add-id3v2 --ty 2024 --tt Einstein A Go Go - 22 December 2024 --tc Einstein A Go Go can be heard every Sunday at 11.00am on 3RRR FM 102.7 MHz in Melbourne, Australia (http://www.rrr.org.au). Visit our website for more information (http://www.rrr.org.au/program/einstein-a-go-go/). --tg Podcast --ta Einstein A Go Go --tl Triple R FM /srv/mm/3rrr/work22Dec/ENS22Dec24.wav /srv/mm/3rrr/work22Dec/ENS22Dec24.mp3
2024-12-22 12:07:42,812	INFO	lame cmd: lame --quiet --preset 64 --add-id3v2 --ty 2024 --tt Einstein A Go Go - 22 December 2024 --tc Einstein A Go Go can be heard every Sunday at 11.00am on 3RRR FM 102.7 MHz in Melbourne, Australia (http://www.rrr.org.au). Visit our website for more information (http://www.rrr.org.au/program/einstein-a-go-go/). --tg Speech --ta Triple R --tl Triple R /srv/mm/3rrr/work22Dec/Einstein-A-Go-Go-20241222.wav /srv/mm/3rrr/work22Dec/Einstein-A-Go-Go-20241222.mp3
2024-12-22 12:09:33,829	INFO	Removing stale latest directory /srv/mm/3rrr/latest/ENS/
2024-12-22 12:09:33,831	INFO	Copy the ENS show files to show and latest folders
2024-12-22 12:09:42,514	INFO	Local web server publishing of files started
2024-12-22 12:09:43,921	INFO	Removing old file /var/www/eagg/files/Einstein-A-Go-Go-20241208.mp3
2024-12-22 12:09:44,140	INFO	Removing old file /var/www/eagg/files/ENS08Dec24.log
2024-12-22 12:09:44,140	INFO	Delete local web server archive file /var/www/eagg/files/archive/Einstein-A-Go-Go-20241027.mp3
2024-12-22 12:09:44,140	INFO	Removing old file /var/www/eagg/files/archive/Einstein-A-Go-Go-20241027.mp3
2024-12-22 12:09:44,140	INFO	Github publishing of files started
