2024-12-29 11:00:09,830	INFO	Start main routine for show ENS29Dec24
2024-12-29 11:00:09,830	INFO	Removing old working directory /srv/mm/3rrr/work22Dec
2024-12-29 11:00:09,856	INFO	Removing old show directory /srv/mm/3rrr/show22Dec
2024-12-29 11:00:10,030	INFO	mplayer cmd: mplayer -endpos 01:02:00 -quiet -nocache -vo null -vc dummy -ao pcm:waveheader:file=/srv/mm/3rrr/work29Dec/ENS29Dec24.wav_1.wav http://realtime.rrr.org.au/p1h
2024-12-29 11:00:10,042	INFO	waiting for mplayer to start, count:0
2024-12-29 11:00:11,053	INFO	waiting for mplayer to create the wav file, count:0
2024-12-29 11:00:12,055	INFO	waiting for the wav file to grow, size:0
2024-12-29 11:00:13,056	INFO	waiting for the wav file to grow, size:1703936
2024-12-29 11:00:14,076	INFO	sampling rate is 44100
2024-12-29 11:00:14,077	INFO	Status info: rc is 1  runtime is 0  remtime is 3720   fsize is 2097152
2024-12-29 12:02:17,827	INFO	Show ENS remaining time: 0
2024-12-29 12:02:22,833	INFO	sox cmd: sox /srv/mm/3rrr/work29Dec/ENS29Dec24.wav_1.wav /srv/mm/3rrr/work29Dec/ENS29Dec24.wav
2024-12-29 12:03:10,124	INFO	sox cmd: sox /srv/mm/3rrr/work29Dec/ENS29Dec24.wav -c1 -b16 /srv/mm/3rrr/work29Dec/Einstein-A-Go-Go-20241229.wav_mon.wav
2024-12-29 12:03:42,931	INFO	sox cmd: sox /srv/mm/3rrr/work29Dec/Einstein-A-Go-Go-20241229.wav /srv/mm/3rrr/work29Dec/Einstein-A-Go-Go-20241229.wav_loud.wav compand 0.01,1 -90,-90,-70,-70,-60,-20,0,0 -5
2024-12-29 12:04:05,210	INFO	lame cmd: lame --quiet -b 320 --add-id3v2 --ty 2024 --tt Einstein A Go Go - 29 December 2024 --tc Einstein A Go Go can be heard every Sunday at 11.00am on 3RRR FM 102.7 MHz in Melbourne, Australia (http://www.rrr.org.au). Visit our website for more information (http://www.rrr.org.au/program/einstein-a-go-go/). --tg Podcast --ta Einstein A Go Go --tl Triple R FM /srv/mm/3rrr/work29Dec/ENS29Dec24.wav /srv/mm/3rrr/work29Dec/ENS29Dec24.mp3
2024-12-29 12:07:43,322	INFO	lame cmd: lame --quiet --preset 64 --add-id3v2 --ty 2024 --tt Einstein A Go Go - 29 December 2024 --tc Einstein A Go Go can be heard every Sunday at 11.00am on 3RRR FM 102.7 MHz in Melbourne, Australia (http://www.rrr.org.au). Visit our website for more information (http://www.rrr.org.au/program/einstein-a-go-go/). --tg Speech --ta Triple R --tl Triple R /srv/mm/3rrr/work29Dec/Einstein-A-Go-Go-20241229.wav /srv/mm/3rrr/work29Dec/Einstein-A-Go-Go-20241229.mp3
2024-12-29 12:09:34,140	INFO	Removing stale latest directory /srv/mm/3rrr/latest/ENS/
2024-12-29 12:09:34,147	INFO	Copy the ENS show files to show and latest folders
2024-12-29 12:09:39,726	INFO	Local web server publishing of files started
2024-12-29 12:09:40,845	INFO	Removing old file /var/www/eagg/files/Einstein-A-Go-Go-20241215.mp3
2024-12-29 12:09:40,923	INFO	Removing old file /var/www/eagg/files/ENS15Dec24.log
2024-12-29 12:09:40,923	INFO	Delete local web server archive file /var/www/eagg/files/archive/Einstein-A-Go-Go-20241103.mp3
2024-12-29 12:09:40,924	INFO	Removing old file /var/www/eagg/files/archive/Einstein-A-Go-Go-20241103.mp3
2024-12-29 12:09:41,124	INFO	Github publishing of files started
